{"C:\\Users\\ad\\Desktop\\slider\\src\\controller\\Controller.ts":{"path":"C:\\Users\\ad\\Desktop\\slider\\src\\controller\\Controller.ts","statementMap":{"0":{"start":{"line":2,"column":22},"end":{"line":4,"column":1}},"1":{"start":{"line":3,"column":4},"end":{"line":3,"column":62}},"2":{"start":{"line":5,"column":0},"end":{"line":5,"column":62}},"3":{"start":{"line":6,"column":15},"end":{"line":6,"column":55}},"4":{"start":{"line":7,"column":16},"end":{"line":7,"column":58}},"5":{"start":{"line":10,"column":8},"end":{"line":10,"column":31}},"6":{"start":{"line":11,"column":8},"end":{"line":11,"column":26}},"7":{"start":{"line":12,"column":8},"end":{"line":12,"column":87}},"8":{"start":{"line":13,"column":8},"end":{"line":13,"column":55}},"9":{"start":{"line":14,"column":8},"end":{"line":14,"column":56}},"10":{"start":{"line":15,"column":8},"end":{"line":15,"column":77}},"11":{"start":{"line":16,"column":8},"end":{"line":16,"column":97}},"12":{"start":{"line":17,"column":8},"end":{"line":17,"column":92}},"13":{"start":{"line":18,"column":8},"end":{"line":18,"column":95}},"14":{"start":{"line":19,"column":8},"end":{"line":19,"column":107}},"15":{"start":{"line":20,"column":8},"end":{"line":20,"column":20}},"16":{"start":{"line":23,"column":8},"end":{"line":23,"column":97}},"17":{"start":{"line":24,"column":43},"end":{"line":24,"column":73}},"18":{"start":{"line":25,"column":8},"end":{"line":25,"column":62}},"19":{"start":{"line":26,"column":25},"end":{"line":26,"column":50}},"20":{"start":{"line":27,"column":8},"end":{"line":27,"column":33}},"21":{"start":{"line":28,"column":8},"end":{"line":28,"column":35}},"22":{"start":{"line":29,"column":27},"end":{"line":29,"column":54}},"23":{"start":{"line":30,"column":8},"end":{"line":30,"column":44}},"24":{"start":{"line":33,"column":8},"end":{"line":33,"column":52}},"25":{"start":{"line":34,"column":8},"end":{"line":34,"column":99}},"26":{"start":{"line":37,"column":27},"end":{"line":37,"column":66}},"27":{"start":{"line":38,"column":8},"end":{"line":40,"column":9}},"28":{"start":{"line":39,"column":12},"end":{"line":39,"column":48}},"29":{"start":{"line":43,"column":29},"end":{"line":43,"column":63}},"30":{"start":{"line":44,"column":8},"end":{"line":44,"column":40}},"31":{"start":{"line":45,"column":8},"end":{"line":45,"column":38}},"32":{"start":{"line":46,"column":8},"end":{"line":46,"column":60}},"33":{"start":{"line":49,"column":27},"end":{"line":49,"column":64}},"34":{"start":{"line":50,"column":8},"end":{"line":52,"column":9}},"35":{"start":{"line":51,"column":12},"end":{"line":51,"column":48}},"36":{"start":{"line":55,"column":8},"end":{"line":55,"column":39}},"37":{"start":{"line":56,"column":26},"end":{"line":56,"column":48}},"38":{"start":{"line":57,"column":20},"end":{"line":57,"column":43}},"39":{"start":{"line":58,"column":8},"end":{"line":90,"column":9}},"40":{"start":{"line":62,"column":16},"end":{"line":62,"column":63}},"41":{"start":{"line":63,"column":16},"end":{"line":63,"column":43}},"42":{"start":{"line":64,"column":16},"end":{"line":64,"column":69}},"43":{"start":{"line":65,"column":16},"end":{"line":65,"column":22}},"44":{"start":{"line":68,"column":16},"end":{"line":68,"column":69}},"45":{"start":{"line":69,"column":16},"end":{"line":69,"column":22}},"46":{"start":{"line":71,"column":16},"end":{"line":71,"column":65}},"47":{"start":{"line":72,"column":16},"end":{"line":72,"column":50}},"48":{"start":{"line":73,"column":16},"end":{"line":73,"column":69}},"49":{"start":{"line":74,"column":16},"end":{"line":74,"column":22}},"50":{"start":{"line":76,"column":16},"end":{"line":76,"column":50}},"51":{"start":{"line":77,"column":16},"end":{"line":77,"column":65}},"52":{"start":{"line":78,"column":16},"end":{"line":78,"column":22}},"53":{"start":{"line":80,"column":16},"end":{"line":80,"column":47}},"54":{"start":{"line":81,"column":16},"end":{"line":81,"column":54}},"55":{"start":{"line":82,"column":16},"end":{"line":82,"column":108}},"56":{"start":{"line":83,"column":16},"end":{"line":83,"column":57}},"57":{"start":{"line":84,"column":16},"end":{"line":84,"column":28}},"58":{"start":{"line":85,"column":16},"end":{"line":85,"column":22}},"59":{"start":{"line":88,"column":16},"end":{"line":88,"column":53}},"60":{"start":{"line":93,"column":27},"end":{"line":93,"column":67}},"61":{"start":{"line":94,"column":8},"end":{"line":96,"column":9}},"62":{"start":{"line":95,"column":12},"end":{"line":95,"column":48}},"63":{"start":{"line":99,"column":0},"end":{"line":99,"column":29}}},"fnMap":{"0":{"name":"(anonymous_0)","decl":{"start":{"line":2,"column":56},"end":{"line":2,"column":57}},"loc":{"start":{"line":2,"column":71},"end":{"line":4,"column":1}},"line":2},"1":{"name":"(anonymous_1)","decl":{"start":{"line":9,"column":4},"end":{"line":9,"column":5}},"loc":{"start":{"line":9,"column":31},"end":{"line":21,"column":5}},"line":9},"2":{"name":"(anonymous_2)","decl":{"start":{"line":22,"column":4},"end":{"line":22,"column":5}},"loc":{"start":{"line":22,"column":11},"end":{"line":31,"column":5}},"line":22},"3":{"name":"(anonymous_3)","decl":{"start":{"line":32,"column":4},"end":{"line":32,"column":5}},"loc":{"start":{"line":32,"column":15},"end":{"line":35,"column":5}},"line":32},"4":{"name":"(anonymous_4)","decl":{"start":{"line":36,"column":4},"end":{"line":36,"column":5}},"loc":{"start":{"line":36,"column":24},"end":{"line":41,"column":5}},"line":36},"5":{"name":"(anonymous_5)","decl":{"start":{"line":42,"column":4},"end":{"line":42,"column":5}},"loc":{"start":{"line":42,"column":14},"end":{"line":47,"column":5}},"line":42},"6":{"name":"(anonymous_6)","decl":{"start":{"line":48,"column":4},"end":{"line":48,"column":5}},"loc":{"start":{"line":48,"column":24},"end":{"line":53,"column":5}},"line":48},"7":{"name":"(anonymous_7)","decl":{"start":{"line":54,"column":4},"end":{"line":54,"column":5}},"loc":{"start":{"line":54,"column":28},"end":{"line":91,"column":5}},"line":54},"8":{"name":"(anonymous_8)","decl":{"start":{"line":92,"column":4},"end":{"line":92,"column":5}},"loc":{"start":{"line":92,"column":36},"end":{"line":97,"column":5}},"line":92}},"branchMap":{"0":{"loc":{"start":{"line":2,"column":22},"end":{"line":4,"column":1}},"type":"binary-expr","locations":[{"start":{"line":2,"column":23},"end":{"line":2,"column":27}},{"start":{"line":2,"column":31},"end":{"line":2,"column":51}},{"start":{"line":2,"column":56},"end":{"line":4,"column":1}}],"line":2},"1":{"loc":{"start":{"line":3,"column":11},"end":{"line":3,"column":61}},"type":"cond-expr","locations":[{"start":{"line":3,"column":37},"end":{"line":3,"column":40}},{"start":{"line":3,"column":43},"end":{"line":3,"column":61}}],"line":3},"2":{"loc":{"start":{"line":3,"column":12},"end":{"line":3,"column":33}},"type":"binary-expr","locations":[{"start":{"line":3,"column":12},"end":{"line":3,"column":15}},{"start":{"line":3,"column":19},"end":{"line":3,"column":33}}],"line":3},"3":{"loc":{"start":{"line":23,"column":30},"end":{"line":23,"column":95}},"type":"cond-expr","locations":[{"start":{"line":23,"column":46},"end":{"line":23,"column":68}},{"start":{"line":23,"column":71},"end":{"line":23,"column":95}}],"line":23},"4":{"loc":{"start":{"line":38,"column":8},"end":{"line":40,"column":9}},"type":"if","locations":[{"start":{"line":38,"column":8},"end":{"line":40,"column":9}},{"start":{"line":38,"column":8},"end":{"line":40,"column":9}}],"line":38},"5":{"loc":{"start":{"line":50,"column":8},"end":{"line":52,"column":9}},"type":"if","locations":[{"start":{"line":50,"column":8},"end":{"line":52,"column":9}},{"start":{"line":50,"column":8},"end":{"line":52,"column":9}}],"line":50},"6":{"loc":{"start":{"line":58,"column":8},"end":{"line":90,"column":9}},"type":"switch","locations":[{"start":{"line":59,"column":12},"end":{"line":59,"column":23}},{"start":{"line":60,"column":12},"end":{"line":60,"column":23}},{"start":{"line":61,"column":12},"end":{"line":65,"column":22}},{"start":{"line":66,"column":12},"end":{"line":66,"column":24}},{"start":{"line":67,"column":12},"end":{"line":69,"column":22}},{"start":{"line":70,"column":12},"end":{"line":74,"column":22}},{"start":{"line":75,"column":12},"end":{"line":78,"column":22}},{"start":{"line":79,"column":12},"end":{"line":86,"column":13}},{"start":{"line":87,"column":12},"end":{"line":89,"column":13}}],"line":58},"7":{"loc":{"start":{"line":82,"column":41},"end":{"line":82,"column":106}},"type":"cond-expr","locations":[{"start":{"line":82,"column":57},"end":{"line":82,"column":81}},{"start":{"line":82,"column":84},"end":{"line":82,"column":106}}],"line":82},"8":{"loc":{"start":{"line":94,"column":8},"end":{"line":96,"column":9}},"type":"if","locations":[{"start":{"line":94,"column":8},"end":{"line":96,"column":9}},{"start":{"line":94,"column":8},"end":{"line":96,"column":9}}],"line":94}},"s":{"0":1,"1":2,"2":1,"3":1,"4":1,"5":17,"6":17,"7":17,"8":17,"9":17,"10":17,"11":17,"12":17,"13":17,"14":17,"15":17,"16":35,"17":35,"18":35,"19":35,"20":35,"21":35,"22":35,"23":35,"24":17,"25":17,"26":4,"27":4,"28":4,"29":2,"30":2,"31":2,"32":2,"33":6,"34":6,"35":6,"36":5,"37":5,"38":5,"39":5,"40":1,"41":1,"42":1,"43":1,"44":1,"45":1,"46":1,"47":1,"48":1,"49":1,"50":1,"51":1,"52":1,"53":1,"54":1,"55":1,"56":1,"57":1,"58":1,"59":0,"60":2,"61":2,"62":2,"63":1},"f":{"0":2,"1":17,"2":35,"3":17,"4":4,"5":2,"6":6,"7":5,"8":2},"b":{"0":[1,1,1],"1":[2,0],"2":[2,2],"3":[1,34],"4":[4,0],"5":[6,0],"6":[0,0,1,1,1,1,1,1,0],"7":[1,0],"8":[2,0]},"inputSourceMap":{"version":3,"file":"C:/Users/ad/Desktop/slider/src/controller/Controller.ts","sources":["C:/Users/ad/Desktop/slider/src/controller/Controller.ts"],"names":[],"mappings":";;;;;AAGA,wDAAgC;AAEhC,2DAAmC;AAInC,MAAM,UAAU;IAad,YAAY,IAAyB,EAAE,OAAiB;QACtD,IAAI,CAAC,OAAO,GAAG,OAAO,CAAC;QACvB,IAAI,CAAC,KAAK,GAAG,IAAI,CAAC;QAClB,IAAI,CAAC,OAAO,GAAG,MAAM,CAAC,OAAO,EAAE,EAAE,KAAK,EAAE,aAAa,EAAE,CAAC,CAAC,SAAS,CAAC,IAAI,CAAC,KAAK,CAAC,CAAC;QAC/E,IAAI,CAAC,KAAK,GAAG,IAAI,eAAK,CAAC,IAAI,CAAC,OAAO,CAAC,CAAC;QACrC,IAAI,CAAC,QAAQ,GAAG,IAAI,CAAC,KAAK,CAAC,SAAS,EAAE,CAAC,QAAQ,CAAC;QAChD,IAAI,CAAC,IAAI,GAAG,IAAI,cAAI,CAAC,IAAI,CAAC,OAAO,EAAE,IAAI,CAAC,KAAK,CAAC,SAAS,EAAE,CAAC,CAAC;QAC3D,IAAI,CAAC,IAAI,CAAC,QAAQ,CAAC,SAAS,CAAC,EAAE,GAAG,EAAE,WAAW,EAAE,QAAQ,EAAE,IAAI,CAAC,UAAU,CAAC,IAAI,CAAC,IAAI,CAAC,EAAE,CAAC,CAAC;QACzF,IAAI,CAAC,IAAI,CAAC,QAAQ,CAAC,SAAS,CAAC,EAAE,GAAG,EAAE,SAAS,EAAE,QAAQ,EAAE,IAAI,CAAC,OAAO,CAAC,IAAI,CAAC,IAAI,CAAC,EAAE,CAAC,CAAC;QACpF,IAAI,CAAC,IAAI,CAAC,QAAQ,CAAC,SAAS,CAAC,EAAE,GAAG,EAAE,OAAO,EAAE,QAAQ,EAAE,IAAI,CAAC,YAAY,CAAC,IAAI,CAAC,IAAI,CAAC,EAAE,CAAC,CAAC;QACvF,IAAI,CAAC,IAAI,CAAC,QAAQ,CAAC,SAAS,CAAC,EAAE,GAAG,EAAE,UAAU,EAAE,QAAQ,EAAE,IAAI,CAAC,qBAAqB,CAAC,IAAI,CAAC,IAAI,CAAC,EAAE,CAAC,CAAC;QACnG,IAAI,CAAC,IAAI,EAAE,CAAC;IACd,CAAC;IAEM,IAAI;QACT,IAAI,CAAC,OAAO,CAAC,QAAQ,CAAC,IAAI,CAAC,QAAQ,CAAC,CAAC,CAAC,sBAAsB,CAAC,CAAC,CAAC,wBAAwB,CAAC,CAAC;QACzF,MAAM,EAAE,UAAU,EAAE,UAAU,EAAE,GAAG,IAAI,CAAC,IAAI,CAAC,kBAAkB,EAAE,CAAC;QAClE,IAAI,CAAC,KAAK,CAAC,kBAAkB,CAAC,UAAU,EAAE,UAAU,CAAC,CAAC;QACtD,MAAM,QAAQ,GAAG,IAAI,CAAC,KAAK,CAAC,YAAY,EAAE,CAAC;QAC3C,IAAI,CAAC,IAAI,CAAC,IAAI,CAAC,QAAQ,CAAC,CAAC;QACzB,IAAI,CAAC,KAAK,CAAC,aAAa,EAAE,CAAC;QAC3B,MAAM,UAAU,GAAG,IAAI,CAAC,KAAK,CAAC,cAAc,EAAE,CAAC;QAC/C,IAAI,CAAC,IAAI,CAAC,aAAa,CAAC,UAAU,CAAC,CAAC;IACtC,CAAC;IAEM,QAAQ;QACb,IAAI,CAAC,IAAI,CAAC,SAAS,CAAC,IAAI,CAAC,KAAK,CAAC,SAAS,EAAE,CAAC,CAAC;QAC5C,IAAI,CAAC,IAAI,CAAC,QAAQ,CAAC,SAAS,CAAC,EAAE,GAAG,EAAE,SAAS,EAAE,QAAQ,EAAE,IAAI,CAAC,cAAc,CAAC,IAAI,CAAC,IAAI,CAAC,EAAE,CAAC,CAAC;IAC7F,CAAC;IAEO,UAAU,CAAC,OAAuB;QACxC,MAAM,UAAU,GAAG,IAAI,CAAC,KAAK,CAAC,mBAAmB,CAAC,OAAO,CAAC,CAAC;QAC3D,IAAI,OAAO,UAAU,KAAK,SAAS,EAAE;YACnC,IAAI,CAAC,IAAI,CAAC,aAAa,CAAC,UAAU,CAAC,CAAC;SACrC;IACH,CAAC;IAEO,OAAO;QACb,MAAM,EAAE,IAAI,EAAE,EAAE,EAAE,GAAG,IAAI,CAAC,KAAK,CAAC,qBAAqB,EAAE,CAAC;QACxD,IAAI,CAAC,IAAI,CAAC,WAAW,CAAC,EAAE,IAAI,EAAE,CAAC,CAAC;QAChC,IAAI,CAAC,IAAI,CAAC,WAAW,CAAC,EAAE,EAAE,EAAE,CAAC,CAAC;QAC9B,IAAI,CAAC,IAAI,CAAC,aAAa,CAAC,IAAI,CAAC,KAAK,CAAC,aAAa,EAAE,CAAC,CAAC;IACtD,CAAC;IAEO,YAAY,CAAC,KAAa;QAChC,MAAM,UAAU,GAAG,IAAI,CAAC,KAAK,CAAC,mBAAmB,CAAC,KAAK,CAAC,CAAC;QACzD,IAAI,UAAU,EAAE;YACd,IAAI,CAAC,IAAI,CAAC,aAAa,CAAC,UAAU,CAAC,CAAC;SACrC;IACH,CAAC;IAEO,cAAc,CAAC,OAAkB;QACvC,IAAI,CAAC,KAAK,CAAC,UAAU,CAAC,OAAO,CAAC,CAAC;QAC/B,MAAM,SAAS,GAAG,IAAI,CAAC,KAAK,CAAC,SAAS,EAAE,CAAC;QACzC,MAAM,GAAG,GAAG,MAAM,CAAC,IAAI,CAAC,OAAO,CAAC,CAAC,CAAC,CAAC,CAAC;QACpC,QAAQ,GAAG,EAAE;YACX,KAAK,KAAK,CAAC;YACX,KAAK,KAAK,CAAC;YACX,KAAK,MAAM;gBACT,IAAI,CAAC,IAAI,CAAC,SAAS,CAAC,IAAI,CAAC,KAAK,CAAC,YAAY,EAAE,CAAC,CAAC;gBAC/C,IAAI,CAAC,KAAK,CAAC,aAAa,EAAE,CAAC;gBAC3B,IAAI,CAAC,IAAI,CAAC,aAAa,CAAC,IAAI,CAAC,KAAK,CAAC,cAAc,EAAE,CAAC,CAAC;gBACrD,MAAM;YACR,KAAK,MAAM,CAAC;YACZ,KAAK,IAAI;gBACP,IAAI,CAAC,IAAI,CAAC,aAAa,CAAC,IAAI,CAAC,KAAK,CAAC,cAAc,EAAE,CAAC,CAAC;gBACrD,MAAM;YACR,KAAK,OAAO;gBACV,IAAI,CAAC,IAAI,CAAC,qBAAqB,CAAC,SAAS,CAAC,KAAK,CAAC,CAAC;gBACjD,IAAI,CAAC,IAAI,CAAC,QAAQ,CAAC,SAAS,CAAC,GAAG,CAAC,CAAC;gBAClC,IAAI,CAAC,IAAI,CAAC,aAAa,CAAC,IAAI,CAAC,KAAK,CAAC,cAAc,EAAE,CAAC,CAAC;gBACrD,MAAM;YACR,KAAK,KAAK;gBACR,IAAI,CAAC,IAAI,CAAC,QAAQ,CAAC,SAAS,CAAC,GAAG,CAAC,CAAC;gBAClC,IAAI,CAAC,IAAI,CAAC,UAAU,CAAC,IAAI,CAAC,KAAK,CAAC,aAAa,EAAE,CAAC,CAAC;gBACjD,MAAM;YACR,KAAK,UAAU,CAAC,CAAC;gBACf,IAAI,CAAC,QAAQ,GAAG,CAAC,IAAI,CAAC,QAAQ,CAAC;gBAC/B,IAAI,CAAC,KAAK,CAAC,WAAW,CAAC,IAAI,CAAC,QAAQ,CAAC,CAAC;gBACtC,IAAI,CAAC,OAAO,CAAC,WAAW,CAAC,IAAI,CAAC,QAAQ,CAAC,CAAC,CAAC,wBAAwB,CAAC,CAAC,CAAC,sBAAsB,CAAC,CAAC;gBAC5F,IAAI,CAAC,IAAI,CAAC,eAAe,CAAC,IAAI,CAAC,QAAQ,CAAC,CAAC;gBACzC,IAAI,CAAC,IAAI,EAAE,CAAC;gBACZ,MAAM;aACP;YACD,OAAO,CAAC,CAAC;gBACP,MAAM,IAAI,KAAK,CAAC,mBAAmB,CAAC,CAAC;aACtC;SACF;IACH,CAAC;IAEO,qBAAqB,CAAC,QAAgB;QAC5C,MAAM,UAAU,GAAG,IAAI,CAAC,KAAK,CAAC,mBAAmB,CAAC,QAAQ,CAAC,CAAC;QAC5D,IAAI,UAAU,EAAE;YACd,IAAI,CAAC,IAAI,CAAC,aAAa,CAAC,UAAU,CAAC,CAAC;SACrC;IACH,CAAC;CACF;AAED,kBAAe,UAAU,CAAC","sourcesContent":["import {\r\n  IOptions, ISettings, IEventPosition, IConfig,\r\n} from '../interfaces/interfaces';\r\nimport View from '../view/View';\r\nimport IView from '../view/interface';\r\nimport Model from '../model/Model';\r\nimport IModel from '../model/interface';\r\nimport IController from './interface';\r\n\r\nclass Controller implements IController {\r\n  readonly options: IOptions;\r\n\r\n  readonly $root: JQuery<HTMLElement>;\r\n\r\n  public view: IView;\r\n\r\n  public model: IModel;\r\n\r\n  public $slider: JQuery<HTMLElement>;\r\n\r\n  private vertical: boolean;\r\n\r\n  constructor(root: JQuery<HTMLElement>, options: IOptions) {\r\n    this.options = options;\r\n    this.$root = root;\r\n    this.$slider = jQuery('<div>', { class: 'meta-slider' }).prependTo(this.$root);\r\n    this.model = new Model(this.options);\r\n    this.vertical = this.model.getConfig().vertical;\r\n    this.view = new View(this.$slider, this.model.getConfig());\r\n    this.view.observer.subscribe({ key: 'mouseMove', observer: this.moveHandle.bind(this) });\r\n    this.view.observer.subscribe({ key: 'moveEnd', observer: this.moveEnd.bind(this) });\r\n    this.view.observer.subscribe({ key: 'click', observer: this.clickOnScale.bind(this) });\r\n    this.view.observer.subscribe({ key: 'position', observer: this.changePositionByTrack.bind(this) });\r\n    this.init();\r\n  }\r\n\r\n  public init() {\r\n    this.$slider.addClass(this.vertical ? 'meta-slider_vertical' : 'meta-slider_horizontal');\r\n    const { trackStart, trackWidth } = this.view.getTrackParameters();\r\n    this.model.setTrackParameters(trackStart, trackWidth);\r\n    const stepsArr = this.model.initStepsArr();\r\n    this.view.init(stepsArr);\r\n    this.model.correctFromTo();\r\n    const parameters = this.model.initParameters();\r\n    this.view.setParameters(parameters);\r\n  }\r\n\r\n  public addPanel() {\r\n    this.view.initPanel(this.model.getConfig());\r\n    this.view.observer.subscribe({ key: 'setting', observer: this.changeSettings.bind(this) });\r\n  }\r\n\r\n  private moveHandle(options: IEventPosition) {\r\n    const parameters = this.model.takeParamHandleMove(options);\r\n    if (typeof parameters !== 'boolean') {\r\n      this.view.setParameters(parameters);\r\n    }\r\n  }\r\n\r\n  private moveEnd() {\r\n    const { from, to } = this.model.correctFromToByParams();\r\n    this.view.setSettings({ from });\r\n    this.view.setSettings({ to });\r\n    this.view.setParameters(this.model.getParameters());\r\n  }\r\n\r\n  private clickOnScale(value: number) {\r\n    const parameters = this.model.takeParamScaleClick(value);\r\n    if (parameters) {\r\n      this.view.setParameters(parameters);\r\n    }\r\n  }\r\n\r\n  private changeSettings(setting: ISettings) {\r\n    this.model.setSetting(setting);\r\n    const newConfig = this.model.getConfig();\r\n    const key = Object.keys(setting)[0];\r\n    switch (key) {\r\n      case 'min':\r\n      case 'max':\r\n      case 'step':\r\n        this.view.initScale(this.model.initStepsArr());\r\n        this.model.correctFromTo();\r\n        this.view.setParameters(this.model.initParameters());\r\n        break;\r\n      case 'from':\r\n      case 'to':\r\n        this.view.setParameters(this.model.initParameters());\r\n        break;\r\n      case 'range':\r\n        this.view.correctHandlesByRange(newConfig.range);\r\n        this.view.initTips(newConfig.tip);\r\n        this.view.setParameters(this.model.initParameters());\r\n        break;\r\n      case 'tip':\r\n        this.view.initTips(newConfig.tip);\r\n        this.view.changeTips(this.model.getParameters());\r\n        break;\r\n      case 'vertical': {\r\n        this.vertical = !this.vertical;\r\n        this.model.setVertical(this.vertical);\r\n        this.$slider.removeClass(this.vertical ? 'meta-slider_horizontal' : 'meta-slider_vertical');\r\n        this.view.changeDirection(this.vertical);\r\n        this.init();\r\n        break;\r\n      }\r\n      default: {\r\n        throw new Error('undefined setting');\r\n      }\r\n    }\r\n  }\r\n\r\n  private changePositionByTrack(position: number) {\r\n    const parameters = this.model.takeParamTrackClick(position);\r\n    if (parameters) {\r\n      this.view.setParameters(parameters);\r\n    }\r\n  }\r\n}\r\n\r\nexport default Controller;\r\n"]},"_coverageSchema":"1a1c01bbd47fc00a2c39e90264f33305004495a9","hash":"4b4498b5cee212210c0a3fffbe7df9ad5caa61e0"},"C:\\Users\\ad\\Desktop\\slider\\src\\view\\View.ts":{"path":"C:\\Users\\ad\\Desktop\\slider\\src\\view\\View.ts","statementMap":{"0":{"start":{"line":2,"column":22},"end":{"line":4,"column":1}},"1":{"start":{"line":3,"column":4},"end":{"line":3,"column":62}},"2":{"start":{"line":5,"column":0},"end":{"line":5,"column":62}},"3":{"start":{"line":6,"column":16},"end":{"line":6,"column":58}},"4":{"start":{"line":7,"column":19},"end":{"line":7,"column":67}},"5":{"start":{"line":8,"column":0},"end":{"line":8,"column":25}},"6":{"start":{"line":9,"column":16},"end":{"line":9,"column":66}},"7":{"start":{"line":10,"column":16},"end":{"line":10,"column":66}},"8":{"start":{"line":11,"column":17},"end":{"line":11,"column":69}},"9":{"start":{"line":12,"column":19},"end":{"line":12,"column":75}},"10":{"start":{"line":13,"column":14},"end":{"line":13,"column":60}},"11":{"start":{"line":16,"column":8},"end":{"line":16,"column":30}},"12":{"start":{"line":17,"column":8},"end":{"line":17,"column":29}},"13":{"start":{"line":18,"column":8},"end":{"line":18,"column":49}},"14":{"start":{"line":19,"column":8},"end":{"line":21,"column":34}},"15":{"start":{"line":22,"column":8},"end":{"line":22,"column":58}},"16":{"start":{"line":23,"column":8},"end":{"line":23,"column":46}},"17":{"start":{"line":24,"column":8},"end":{"line":24,"column":58}},"18":{"start":{"line":25,"column":8},"end":{"line":25,"column":61}},"19":{"start":{"line":26,"column":8},"end":{"line":26,"column":55}},"20":{"start":{"line":27,"column":8},"end":{"line":27,"column":64}},"21":{"start":{"line":28,"column":8},"end":{"line":28,"column":31}},"22":{"start":{"line":31,"column":8},"end":{"line":31,"column":46}},"23":{"start":{"line":32,"column":8},"end":{"line":32,"column":108}},"24":{"start":{"line":33,"column":8},"end":{"line":33,"column":67}},"25":{"start":{"line":34,"column":8},"end":{"line":34,"column":62}},"26":{"start":{"line":35,"column":8},"end":{"line":35,"column":99}},"27":{"start":{"line":36,"column":8},"end":{"line":36,"column":100}},"28":{"start":{"line":37,"column":8},"end":{"line":37,"column":40}},"29":{"start":{"line":38,"column":8},"end":{"line":38,"column":49}},"30":{"start":{"line":39,"column":8},"end":{"line":39,"column":56}},"31":{"start":{"line":40,"column":8},"end":{"line":40,"column":94}},"32":{"start":{"line":43,"column":8},"end":{"line":43,"column":47}},"33":{"start":{"line":46,"column":8},"end":{"line":46,"column":45}},"34":{"start":{"line":47,"column":8},"end":{"line":47,"column":41}},"35":{"start":{"line":48,"column":8},"end":{"line":48,"column":47}},"36":{"start":{"line":49,"column":8},"end":{"line":51,"column":9}},"37":{"start":{"line":50,"column":12},"end":{"line":50,"column":46}},"38":{"start":{"line":54,"column":8},"end":{"line":54,"column":56}},"39":{"start":{"line":57,"column":8},"end":{"line":57,"column":50}},"40":{"start":{"line":60,"column":8},"end":{"line":60,"column":28}},"41":{"start":{"line":63,"column":8},"end":{"line":63,"column":41}},"42":{"start":{"line":66,"column":8},"end":{"line":66,"column":40}},"43":{"start":{"line":67,"column":8},"end":{"line":67,"column":46}},"44":{"start":{"line":68,"column":8},"end":{"line":68,"column":201}},"45":{"start":{"line":71,"column":8},"end":{"line":73,"column":9}},"46":{"start":{"line":72,"column":12},"end":{"line":72,"column":41}},"47":{"start":{"line":76,"column":8},"end":{"line":76,"column":55}},"48":{"start":{"line":77,"column":8},"end":{"line":77,"column":100}},"49":{"start":{"line":78,"column":8},"end":{"line":78,"column":37}},"50":{"start":{"line":79,"column":8},"end":{"line":79,"column":38}},"51":{"start":{"line":82,"column":8},"end":{"line":82,"column":51}},"52":{"start":{"line":85,"column":8},"end":{"line":85,"column":52}},"53":{"start":{"line":88,"column":8},"end":{"line":88,"column":49}},"54":{"start":{"line":91,"column":8},"end":{"line":91,"column":51}},"55":{"start":{"line":94,"column":8},"end":{"line":94,"column":47}},"56":{"start":{"line":97,"column":0},"end":{"line":97,"column":23}}},"fnMap":{"0":{"name":"(anonymous_0)","decl":{"start":{"line":2,"column":56},"end":{"line":2,"column":57}},"loc":{"start":{"line":2,"column":71},"end":{"line":4,"column":1}},"line":2},"1":{"name":"(anonymous_1)","decl":{"start":{"line":15,"column":4},"end":{"line":15,"column":5}},"loc":{"start":{"line":15,"column":32},"end":{"line":29,"column":5}},"line":15},"2":{"name":"(anonymous_2)","decl":{"start":{"line":30,"column":4},"end":{"line":30,"column":5}},"loc":{"start":{"line":30,"column":19},"end":{"line":41,"column":5}},"line":30},"3":{"name":"(anonymous_3)","decl":{"start":{"line":42,"column":4},"end":{"line":42,"column":5}},"loc":{"start":{"line":42,"column":25},"end":{"line":44,"column":5}},"line":42},"4":{"name":"(anonymous_4)","decl":{"start":{"line":45,"column":4},"end":{"line":45,"column":5}},"loc":{"start":{"line":45,"column":30},"end":{"line":52,"column":5}},"line":45},"5":{"name":"(anonymous_5)","decl":{"start":{"line":53,"column":4},"end":{"line":53,"column":5}},"loc":{"start":{"line":53,"column":24},"end":{"line":55,"column":5}},"line":53},"6":{"name":"(anonymous_6)","decl":{"start":{"line":56,"column":4},"end":{"line":56,"column":5}},"loc":{"start":{"line":56,"column":33},"end":{"line":58,"column":5}},"line":56},"7":{"name":"(anonymous_7)","decl":{"start":{"line":59,"column":4},"end":{"line":59,"column":5}},"loc":{"start":{"line":59,"column":18},"end":{"line":61,"column":5}},"line":59},"8":{"name":"(anonymous_8)","decl":{"start":{"line":62,"column":4},"end":{"line":62,"column":5}},"loc":{"start":{"line":62,"column":27},"end":{"line":64,"column":5}},"line":62},"9":{"name":"(anonymous_9)","decl":{"start":{"line":65,"column":4},"end":{"line":65,"column":5}},"loc":{"start":{"line":65,"column":30},"end":{"line":69,"column":5}},"line":65},"10":{"name":"(anonymous_10)","decl":{"start":{"line":70,"column":4},"end":{"line":70,"column":5}},"loc":{"start":{"line":70,"column":25},"end":{"line":74,"column":5}},"line":70},"11":{"name":"(anonymous_11)","decl":{"start":{"line":75,"column":4},"end":{"line":75,"column":5}},"loc":{"start":{"line":75,"column":22},"end":{"line":80,"column":5}},"line":75},"12":{"name":"(anonymous_12)","decl":{"start":{"line":81,"column":4},"end":{"line":81,"column":5}},"loc":{"start":{"line":81,"column":36},"end":{"line":83,"column":5}},"line":81},"13":{"name":"(anonymous_13)","decl":{"start":{"line":84,"column":4},"end":{"line":84,"column":5}},"loc":{"start":{"line":84,"column":29},"end":{"line":86,"column":5}},"line":84},"14":{"name":"(anonymous_14)","decl":{"start":{"line":87,"column":4},"end":{"line":87,"column":5}},"loc":{"start":{"line":87,"column":28},"end":{"line":89,"column":5}},"line":87},"15":{"name":"(anonymous_15)","decl":{"start":{"line":90,"column":4},"end":{"line":90,"column":5}},"loc":{"start":{"line":90,"column":23},"end":{"line":92,"column":5}},"line":90},"16":{"name":"(anonymous_16)","decl":{"start":{"line":93,"column":4},"end":{"line":93,"column":5}},"loc":{"start":{"line":93,"column":24},"end":{"line":95,"column":5}},"line":93}},"branchMap":{"0":{"loc":{"start":{"line":2,"column":22},"end":{"line":4,"column":1}},"type":"binary-expr","locations":[{"start":{"line":2,"column":23},"end":{"line":2,"column":27}},{"start":{"line":2,"column":31},"end":{"line":2,"column":51}},{"start":{"line":2,"column":56},"end":{"line":4,"column":1}}],"line":2},"1":{"loc":{"start":{"line":3,"column":11},"end":{"line":3,"column":61}},"type":"cond-expr","locations":[{"start":{"line":3,"column":37},"end":{"line":3,"column":40}},{"start":{"line":3,"column":43},"end":{"line":3,"column":61}}],"line":3},"2":{"loc":{"start":{"line":3,"column":12},"end":{"line":3,"column":33}},"type":"binary-expr","locations":[{"start":{"line":3,"column":12},"end":{"line":3,"column":15}},{"start":{"line":3,"column":19},"end":{"line":3,"column":33}}],"line":3},"3":{"loc":{"start":{"line":20,"column":68},"end":{"line":20,"column":116}},"type":"cond-expr","locations":[{"start":{"line":20,"column":91},"end":{"line":20,"column":101}},{"start":{"line":20,"column":104},"end":{"line":20,"column":116}}],"line":20},"4":{"loc":{"start":{"line":49,"column":8},"end":{"line":51,"column":9}},"type":"if","locations":[{"start":{"line":49,"column":8},"end":{"line":51,"column":9}},{"start":{"line":49,"column":8},"end":{"line":51,"column":9}}],"line":49},"5":{"loc":{"start":{"line":68,"column":62},"end":{"line":68,"column":110}},"type":"cond-expr","locations":[{"start":{"line":68,"column":85},"end":{"line":68,"column":97}},{"start":{"line":68,"column":100},"end":{"line":68,"column":110}}],"line":68},"6":{"loc":{"start":{"line":68,"column":149},"end":{"line":68,"column":197}},"type":"cond-expr","locations":[{"start":{"line":68,"column":172},"end":{"line":68,"column":182}},{"start":{"line":68,"column":185},"end":{"line":68,"column":197}}],"line":68},"7":{"loc":{"start":{"line":71,"column":8},"end":{"line":73,"column":9}},"type":"if","locations":[{"start":{"line":71,"column":8},"end":{"line":73,"column":9}},{"start":{"line":71,"column":8},"end":{"line":73,"column":9}}],"line":71}},"s":{"0":1,"1":7,"2":1,"3":1,"4":1,"5":1,"6":1,"7":1,"8":1,"9":1,"10":1,"11":19,"12":19,"13":19,"14":19,"15":19,"16":19,"17":19,"18":19,"19":19,"20":19,"21":19,"22":35,"23":35,"24":35,"25":35,"26":35,"27":35,"28":35,"29":35,"30":35,"31":35,"32":36,"33":52,"34":52,"35":52,"36":52,"37":35,"38":1,"39":1,"40":2,"41":1,"42":2,"43":2,"44":2,"45":4,"46":4,"47":17,"48":17,"49":17,"50":17,"51":2,"52":6,"53":5,"54":4,"55":2,"56":1},"f":{"0":7,"1":19,"2":35,"3":36,"4":52,"5":1,"6":1,"7":2,"8":1,"9":2,"10":4,"11":17,"12":2,"13":6,"14":5,"15":4,"16":2},"b":{"0":[1,1,1],"1":[7,0],"2":[7,7],"3":[0,19],"4":[35,17],"5":[1,1],"6":[1,1],"7":[4,0]},"inputSourceMap":{"version":3,"file":"C:/Users/ad/Desktop/slider/src/view/View.ts","sources":["C:/Users/ad/Desktop/slider/src/view/View.ts"],"names":[],"mappings":";;;;;AAGA,2DAAmC;AAEnC,oEAA4C;AAE5C,yBAAuB;AAEvB,mEAA2C;AAC3C,mEAA2C;AAC3C,sEAA8C;AAC9C,4EAAoD;AACpD,6DAAqC;AAOrC,MAAM,IAAI;IAqBR,YAAY,MAA2B,EAAE,MAAe;QACtD,IAAI,CAAC,OAAO,GAAG,MAAM,CAAC;QACtB,IAAI,CAAC,MAAM,GAAG,MAAM,CAAC;QACrB,IAAI,CAAC,QAAQ,GAAG,IAAI,kBAAQ,EAAE,CAAC;QAC/B,IAAI,CAAC,UAAU,GAAG,MAAM,CAAC,OAAO,EAAE;YAChC,KAAK,EAAE,iDAAiD,IAAI,CAAC,MAAM,CAAC,QAAQ,CAAC,CAAC,CAAC,UAAU,CAAC,CAAC,CAAC,YAAY,EAAE;SAC3G,CAAC,CAAC,QAAQ,CAAC,IAAI,CAAC,OAAO,CAAC,CAAC;QAC1B,IAAI,CAAC,KAAK,GAAG,IAAI,eAAK,CAAC,IAAI,CAAC,UAAU,CAAC,CAAC;QACxC,IAAI,CAAC,KAAK,CAAC,IAAI,CAAC,IAAI,CAAC,MAAM,CAAC,QAAQ,CAAC,CAAC;QACtC,IAAI,CAAC,KAAK,GAAG,IAAI,eAAK,CAAC,IAAI,CAAC,UAAU,CAAC,CAAC;QACxC,IAAI,CAAC,OAAO,GAAG,IAAI,gBAAM,CAAC,IAAI,CAAC,UAAU,CAAC,CAAC;QAC3C,IAAI,CAAC,IAAI,GAAG,IAAI,aAAG,CAAC,IAAI,CAAC,UAAU,CAAC,CAAC;QACrC,IAAI,CAAC,QAAQ,GAAG,IAAI,kBAAQ,CAAC,IAAI,CAAC,UAAU,CAAC,CAAC;QAC9C,IAAI,CAAC,KAAK,GAAG,SAAS,CAAC;IACzB,CAAC;IAEM,IAAI,CAAC,QAAuB;QACjC,IAAI,CAAC,KAAK,CAAC,IAAI,CAAC,IAAI,CAAC,MAAM,CAAC,QAAQ,CAAC,CAAC;QACtC,IAAI,CAAC,KAAK,CAAC,QAAQ,CAAC,SAAS,CAAC,EAAE,GAAG,EAAE,UAAU,EAAE,QAAQ,EAAE,IAAI,CAAC,qBAAqB,CAAC,IAAI,CAAC,IAAI,CAAC,EAAE,CAAC,CAAC;QACpG,IAAI,CAAC,OAAO,CAAC,IAAI,CAAC,IAAI,CAAC,MAAM,CAAC,QAAQ,EAAE,IAAI,CAAC,MAAM,CAAC,KAAK,CAAC,CAAC;QAC3D,IAAI,CAAC,OAAO,CAAC,qBAAqB,CAAC,IAAI,CAAC,MAAM,CAAC,KAAK,CAAC,CAAC;QACtD,IAAI,CAAC,OAAO,CAAC,QAAQ,CAAC,SAAS,CAAC,EAAE,GAAG,EAAE,WAAW,EAAE,QAAQ,EAAE,IAAI,CAAC,SAAS,CAAC,IAAI,CAAC,IAAI,CAAC,EAAE,CAAC,CAAC;QAC3F,IAAI,CAAC,OAAO,CAAC,QAAQ,CAAC,SAAS,CAAC,EAAE,GAAG,EAAE,SAAS,EAAE,QAAQ,EAAE,IAAI,CAAC,YAAY,CAAC,IAAI,CAAC,IAAI,CAAC,EAAE,CAAC,CAAC;QAC5F,IAAI,CAAC,IAAI,CAAC,IAAI,CAAC,IAAI,CAAC,MAAM,CAAC,GAAG,CAAC,CAAC;QAChC,IAAI,CAAC,QAAQ,CAAC,IAAI,CAAC,IAAI,CAAC,MAAM,CAAC,QAAQ,CAAC,CAAC;QACzC,IAAI,CAAC,KAAK,CAAC,IAAI,CAAC,QAAQ,EAAE,IAAI,CAAC,MAAM,CAAC,QAAQ,CAAC,CAAC;QAChD,IAAI,CAAC,KAAK,CAAC,QAAQ,CAAC,SAAS,CAAC,EAAE,GAAG,EAAE,OAAO,EAAE,QAAQ,EAAE,IAAI,CAAC,UAAU,CAAC,IAAI,CAAC,IAAI,CAAC,EAAE,CAAC,CAAC;IACxF,CAAC;IAEM,kBAAkB;QACvB,OAAO,IAAI,CAAC,KAAK,CAAC,kBAAkB,EAAE,CAAC;IACzC,CAAC;IAEM,aAAa,CAAC,UAAyB;QAC5C,IAAI,CAAC,OAAO,CAAC,WAAW,CAAC,UAAU,CAAC,CAAC;QACrC,IAAI,CAAC,IAAI,CAAC,UAAU,CAAC,UAAU,CAAC,CAAC;QACjC,IAAI,CAAC,QAAQ,CAAC,YAAY,CAAC,UAAU,CAAC,CAAC;QACvC,IAAI,IAAI,CAAC,KAAK,KAAK,SAAS,EAAE;YAC5B,IAAI,CAAC,KAAK,CAAC,UAAU,CAAC,UAAU,CAAC,CAAC;SACnC;IACH,CAAC;IAEM,SAAS,CAAC,QAAuB;QACtC,IAAI,CAAC,KAAK,CAAC,IAAI,CAAC,QAAQ,EAAE,IAAI,CAAC,MAAM,CAAC,QAAQ,CAAC,CAAC;IAClD,CAAC;IAEM,qBAAqB,CAAC,KAAa;QACxC,IAAI,CAAC,OAAO,CAAC,qBAAqB,CAAC,KAAK,CAAC,CAAC;IAC5C,CAAC;IAEM,QAAQ,CAAC,GAAY;QAC1B,IAAI,CAAC,IAAI,CAAC,IAAI,CAAC,GAAG,CAAC,CAAC;IACtB,CAAC;IAEM,UAAU,CAAC,UAAyB;QACzC,IAAI,CAAC,IAAI,CAAC,UAAU,CAAC,UAAU,CAAC,CAAC;IACnC,CAAC;IAEM,eAAe,CAAC,QAAiB;QACtC,IAAI,CAAC,MAAM,CAAC,QAAQ,GAAG,QAAQ,CAAC;QAChC,IAAI,CAAC,KAAK,CAAC,IAAI,CAAC,IAAI,CAAC,MAAM,CAAC,QAAQ,CAAC,CAAC;QACtC,IAAI,CAAC,UAAU,CAAC,WAAW,CAAC,0BAA0B,IAAI,CAAC,MAAM,CAAC,QAAQ,CAAC,CAAC,CAAC,YAAY,CAAC,CAAC,CAAC,UAAU,EAAE,CAAC,CAAC,QAAQ,CAAC,0BAA0B,IAAI,CAAC,MAAM,CAAC,QAAQ,CAAC,CAAC,CAAC,UAAU,CAAC,CAAC,CAAC,YAAY,EAAE,CAAC,CAAC;IACnM,CAAC;IAEM,WAAW,CAAC,OAAkB;QACnC,IAAI,IAAI,CAAC,KAAK,KAAK,SAAS,EAAE;YAC5B,IAAI,CAAC,KAAK,CAAC,QAAQ,CAAC,OAAO,CAAC,CAAC;SAC9B;IACH,CAAC;IAEM,SAAS,CAAC,MAAe;QAC9B,IAAI,CAAC,KAAK,GAAG,IAAI,eAAK,CAAC,IAAI,CAAC,OAAO,CAAC,CAAC;QACrC,IAAI,CAAC,KAAK,CAAC,QAAQ,CAAC,SAAS,CAAC,EAAE,GAAG,EAAE,SAAS,EAAE,QAAQ,EAAE,IAAI,CAAC,cAAc,CAAC,IAAI,CAAC,IAAI,CAAC,EAAE,CAAC,CAAC;QAC5F,IAAI,CAAC,KAAK,CAAC,SAAS,CAAC,MAAM,CAAC,CAAC;QAC7B,IAAI,CAAC,KAAK,CAAC,UAAU,CAAC,MAAM,CAAC,CAAC;IAChC,CAAC;IAEO,qBAAqB,CAAC,QAAgB;QAC5C,IAAI,CAAC,QAAQ,CAAC,MAAM,CAAC,UAAU,EAAE,QAAQ,CAAC,CAAC;IAC7C,CAAC;IAEO,UAAU,CAAC,YAAoB;QACrC,IAAI,CAAC,QAAQ,CAAC,MAAM,CAAC,OAAO,EAAE,YAAY,CAAC,CAAC;IAC9C,CAAC;IAEO,cAAc,CAAC,OAAkB;QACvC,IAAI,CAAC,QAAQ,CAAC,MAAM,CAAC,SAAS,EAAE,OAAO,CAAC,CAAC;IAC3C,CAAC;IAEO,SAAS,CAAC,OAAuB;QACvC,IAAI,CAAC,QAAQ,CAAC,MAAM,CAAC,WAAW,EAAE,OAAO,CAAC,CAAC;IAC7C,CAAC;IAEO,YAAY,CAAC,KAAY;QAC/B,IAAI,CAAC,QAAQ,CAAC,MAAM,CAAC,SAAS,EAAE,KAAK,CAAC,CAAC;IACzC,CAAC;CACF;AAED,kBAAe,IAAI,CAAC","sourcesContent":["import {\r\n  IConfig, IEventPosition, IParameters, ISettings, ITrackPosition,\r\n} from '../interfaces/interfaces';\r\nimport Panel from '../panel/Panel';\r\nimport IPanel from '../panel/interface';\r\nimport Observer from '../observer/Observer';\r\nimport IView from './interface';\r\nimport './slider.scss';\r\n\r\nimport Track from './elements/track/track';\r\nimport Scale from './elements/scale/scale';\r\nimport Handle from './elements/handle/handle';\r\nimport Interval from './elements/interval/interval';\r\nimport Tip from './elements/tip/tip';\r\nimport ITrack from './elements/track/interface';\r\nimport IScale from './elements/scale/interface';\r\nimport IHandle from './elements/handle/interface';\r\nimport IInterval from './elements/interval/interface';\r\nimport ITip from './elements/tip/interface';\r\n\r\nclass View implements IView {\r\n  public observer: Observer;\r\n\r\n  public scale: IScale;\r\n\r\n  public handles: IHandle;\r\n\r\n  public track: ITrack;\r\n\r\n  public interval: IInterval;\r\n\r\n  public tips: ITip;\r\n\r\n  public panel: IPanel | undefined;\r\n\r\n  readonly $slider: JQuery<HTMLElement>;\r\n\r\n  readonly $container: JQuery<HTMLElement>;\r\n\r\n  private config: IConfig;\r\n\r\n  constructor(slider: JQuery<HTMLElement>, config: IConfig) {\r\n    this.$slider = slider;\r\n    this.config = config;\r\n    this.observer = new Observer();\r\n    this.$container = jQuery('<div>', {\r\n      class: `meta-slider__container meta-slider__container_${this.config.vertical ? 'vertical' : 'horizontal'}`,\r\n    }).appendTo(this.$slider);\r\n    this.track = new Track(this.$container);\r\n    this.track.init(this.config.vertical);\r\n    this.scale = new Scale(this.$container);\r\n    this.handles = new Handle(this.$container);\r\n    this.tips = new Tip(this.$container);\r\n    this.interval = new Interval(this.$container);\r\n    this.panel = undefined;\r\n  }\r\n\r\n  public init(stepsArr: IParameters[]): void {\r\n    this.track.init(this.config.vertical);\r\n    this.track.observer.subscribe({ key: 'position', observer: this.changePositionByTrack.bind(this) });\r\n    this.handles.init(this.config.vertical, this.config.range);\r\n    this.handles.correctHandlesByRange(this.config.range);\r\n    this.handles.observer.subscribe({ key: 'mouseMove', observer: this.mouseMove.bind(this) });\r\n    this.handles.observer.subscribe({ key: 'moveEnd', observer: this.mouseMoveEnd.bind(this) });\r\n    this.tips.init(this.config.tip);\r\n    this.interval.init(this.config.vertical);\r\n    this.scale.init(stepsArr, this.config.vertical);\r\n    this.scale.observer.subscribe({ key: 'click', observer: this.scaleClick.bind(this) });\r\n  }\r\n\r\n  public getTrackParameters(): ITrackPosition {\r\n    return this.track.getTrackParameters();\r\n  }\r\n\r\n  public setParameters(parameters: IParameters[]): void {\r\n    this.handles.moveHandles(parameters);\r\n    this.tips.changeTips(parameters);\r\n    this.interval.moveInterval(parameters);\r\n    if (this.panel !== undefined) {\r\n      this.panel.initValues(parameters);\r\n    }\r\n  }\r\n\r\n  public initScale(stepsArr: IParameters[]): void {\r\n    this.scale.init(stepsArr, this.config.vertical);\r\n  }\r\n\r\n  public correctHandlesByRange(range:boolean): void {\r\n    this.handles.correctHandlesByRange(range);\r\n  }\r\n\r\n  public initTips(tip: boolean): void {\r\n    this.tips.init(tip);\r\n  }\r\n\r\n  public changeTips(parameters: IParameters[]): void {\r\n    this.tips.changeTips(parameters);\r\n  }\r\n\r\n  public changeDirection(vertical: boolean): void {\r\n    this.config.vertical = vertical;\r\n    this.track.init(this.config.vertical);\r\n    this.$container.removeClass(`meta-slider__container_${this.config.vertical ? 'horizontal' : 'vertical'}`).addClass(`meta-slider__container_${this.config.vertical ? 'vertical' : 'horizontal'}`);\r\n  }\r\n\r\n  public setSettings(setting: ISettings): void {\r\n    if (this.panel !== undefined) {\r\n      this.panel.setValue(setting);\r\n    }\r\n  }\r\n\r\n  public initPanel(config: IConfig): void {\r\n    this.panel = new Panel(this.$slider);\r\n    this.panel.observer.subscribe({ key: 'setting', observer: this.changeSettings.bind(this) });\r\n    this.panel.initPanel(config);\r\n    this.panel.initBounds(config);\r\n  }\r\n\r\n  private changePositionByTrack(position: number): void {\r\n    this.observer.notify('position', position);\r\n  }\r\n\r\n  private scaleClick(currentValue: number): void {\r\n    this.observer.notify('click', currentValue);\r\n  }\r\n\r\n  private changeSettings(setting: ISettings): void {\r\n    this.observer.notify('setting', setting);\r\n  }\r\n\r\n  private mouseMove(options: IEventPosition): void {\r\n    this.observer.notify('mouseMove', options);\r\n  }\r\n\r\n  private mouseMoveEnd(event: Event): void {\r\n    this.observer.notify('moveEnd', event);\r\n  }\r\n}\r\n\r\nexport default View;\r\n"]},"_coverageSchema":"1a1c01bbd47fc00a2c39e90264f33305004495a9","hash":"193260bf7cd0496a3da7e686e0f4afadf7a7ec59"},"C:\\Users\\ad\\Desktop\\slider\\src\\panel\\Panel.ts":{"path":"C:\\Users\\ad\\Desktop\\slider\\src\\panel\\Panel.ts","statementMap":{"0":{"start":{"line":2,"column":22},"end":{"line":4,"column":1}},"1":{"start":{"line":3,"column":4},"end":{"line":3,"column":62}},"2":{"start":{"line":5,"column":0},"end":{"line":5,"column":62}},"3":{"start":{"line":6,"column":19},"end":{"line":6,"column":67}},"4":{"start":{"line":7,"column":16},"end":{"line":7,"column":57}},"5":{"start":{"line":8,"column":0},"end":{"line":8,"column":24}},"6":{"start":{"line":11,"column":8},"end":{"line":11,"column":26}},"7":{"start":{"line":12,"column":8},"end":{"line":12,"column":49}},"8":{"start":{"line":13,"column":8},"end":{"line":13,"column":88}},"9":{"start":{"line":14,"column":8},"end":{"line":14,"column":101}},"10":{"start":{"line":15,"column":8},"end":{"line":15,"column":32}},"11":{"start":{"line":16,"column":8},"end":{"line":16,"column":34}},"12":{"start":{"line":19,"column":24},"end":{"line":19,"column":28}},"13":{"start":{"line":20,"column":23},"end":{"line":20,"column":32}},"14":{"start":{"line":21,"column":8},"end":{"line":29,"column":11}},"15":{"start":{"line":22,"column":26},"end":{"line":22,"column":69}},"16":{"start":{"line":23,"column":12},"end":{"line":23,"column":105}},"17":{"start":{"line":24,"column":12},"end":{"line":24,"column":35}},"18":{"start":{"line":25,"column":12},"end":{"line":28,"column":13}},"19":{"start":{"line":26,"column":16},"end":{"line":26,"column":42}},"20":{"start":{"line":27,"column":16},"end":{"line":27,"column":43}},"21":{"start":{"line":30,"column":8},"end":{"line":30,"column":29}},"22":{"start":{"line":33,"column":8},"end":{"line":37,"column":11}},"23":{"start":{"line":34,"column":28},"end":{"line":34,"column":30}},"24":{"start":{"line":35,"column":12},"end":{"line":35,"column":33}},"25":{"start":{"line":36,"column":12},"end":{"line":36,"column":39}},"26":{"start":{"line":40,"column":8},"end":{"line":57,"column":9}},"27":{"start":{"line":42,"column":28},"end":{"line":42,"column":67}},"28":{"start":{"line":43,"column":16},"end":{"line":43,"column":76}},"29":{"start":{"line":44,"column":16},"end":{"line":44,"column":66}},"30":{"start":{"line":45,"column":16},"end":{"line":45,"column":22}},"31":{"start":{"line":48,"column":16},"end":{"line":48,"column":76}},"32":{"start":{"line":49,"column":16},"end":{"line":49,"column":74}},"33":{"start":{"line":50,"column":16},"end":{"line":50,"column":82}},"34":{"start":{"line":51,"column":16},"end":{"line":51,"column":80}},"35":{"start":{"line":52,"column":16},"end":{"line":52,"column":22}},"36":{"start":{"line":55,"column":16},"end":{"line":55,"column":52}},"37":{"start":{"line":60,"column":20},"end":{"line":60,"column":43}},"38":{"start":{"line":61,"column":22},"end":{"line":61,"column":47}},"39":{"start":{"line":62,"column":22},"end":{"line":62,"column":48}},"40":{"start":{"line":63,"column":8},"end":{"line":63,"column":30}},"41":{"start":{"line":66,"column":22},"end":{"line":66,"column":43}},"42":{"start":{"line":67,"column":8},"end":{"line":69,"column":9}},"43":{"start":{"line":68,"column":12},"end":{"line":68,"column":25}},"44":{"start":{"line":70,"column":8},"end":{"line":70,"column":41}},"45":{"start":{"line":73,"column":8},"end":{"line":73,"column":21}},"46":{"start":{"line":76,"column":8},"end":{"line":76,"column":61}},"47":{"start":{"line":79,"column":8},"end":{"line":79,"column":35}},"48":{"start":{"line":80,"column":8},"end":{"line":80,"column":49}},"49":{"start":{"line":83,"column":20},"end":{"line":83,"column":39}},"50":{"start":{"line":84,"column":22},"end":{"line":84,"column":43}},"51":{"start":{"line":85,"column":25},"end":{"line":85,"column":53}},"52":{"start":{"line":86,"column":25},"end":{"line":86,"column":53}},"53":{"start":{"line":87,"column":26},"end":{"line":87,"column":55}},"54":{"start":{"line":88,"column":26},"end":{"line":88,"column":55}},"55":{"start":{"line":89,"column":24},"end":{"line":89,"column":51}},"56":{"start":{"line":90,"column":27},"end":{"line":90,"column":57}},"57":{"start":{"line":91,"column":22},"end":{"line":91,"column":79}},"58":{"start":{"line":92,"column":8},"end":{"line":125,"column":9}},"59":{"start":{"line":94,"column":16},"end":{"line":94,"column":47}},"60":{"start":{"line":95,"column":16},"end":{"line":95,"column":48}},"61":{"start":{"line":96,"column":16},"end":{"line":96,"column":48}},"62":{"start":{"line":97,"column":16},"end":{"line":97,"column":22}},"63":{"start":{"line":99,"column":16},"end":{"line":99,"column":47}},"64":{"start":{"line":100,"column":16},"end":{"line":100,"column":48}},"65":{"start":{"line":101,"column":16},"end":{"line":101,"column":93}},"66":{"start":{"line":102,"column":16},"end":{"line":102,"column":46}},"67":{"start":{"line":103,"column":16},"end":{"line":103,"column":22}},"68":{"start":{"line":105,"column":16},"end":{"line":105,"column":49}},"69":{"start":{"line":106,"column":16},"end":{"line":106,"column":47}},"70":{"start":{"line":107,"column":16},"end":{"line":107,"column":22}},"71":{"start":{"line":109,"column":16},"end":{"line":109,"column":46}},"72":{"start":{"line":110,"column":16},"end":{"line":110,"column":22}},"73":{"start":{"line":112,"column":16},"end":{"line":112,"column":48}},"74":{"start":{"line":113,"column":16},"end":{"line":113,"column":22}},"75":{"start":{"line":115,"column":28},"end":{"line":115,"column":76}},"76":{"start":{"line":116,"column":16},"end":{"line":116,"column":52}},"77":{"start":{"line":117,"column":16},"end":{"line":117,"column":46}},"78":{"start":{"line":118,"column":16},"end":{"line":118,"column":22}},"79":{"start":{"line":122,"column":16},"end":{"line":122,"column":22}},"80":{"start":{"line":124,"column":16},"end":{"line":124,"column":53}},"81":{"start":{"line":128,"column":0},"end":{"line":128,"column":24}}},"fnMap":{"0":{"name":"(anonymous_0)","decl":{"start":{"line":2,"column":56},"end":{"line":2,"column":57}},"loc":{"start":{"line":2,"column":71},"end":{"line":4,"column":1}},"line":2},"1":{"name":"(anonymous_1)","decl":{"start":{"line":10,"column":4},"end":{"line":10,"column":5}},"loc":{"start":{"line":10,"column":22},"end":{"line":17,"column":5}},"line":10},"2":{"name":"(anonymous_2)","decl":{"start":{"line":18,"column":4},"end":{"line":18,"column":5}},"loc":{"start":{"line":18,"column":22},"end":{"line":31,"column":5}},"line":18},"3":{"name":"(anonymous_3)","decl":{"start":{"line":21,"column":39},"end":{"line":21,"column":40}},"loc":{"start":{"line":21,"column":57},"end":{"line":29,"column":9}},"line":21},"4":{"name":"(anonymous_4)","decl":{"start":{"line":32,"column":4},"end":{"line":32,"column":5}},"loc":{"start":{"line":32,"column":23},"end":{"line":38,"column":5}},"line":32},"5":{"name":"(anonymous_5)","decl":{"start":{"line":33,"column":39},"end":{"line":33,"column":40}},"loc":{"start":{"line":33,"column":57},"end":{"line":37,"column":9}},"line":33},"6":{"name":"(anonymous_6)","decl":{"start":{"line":39,"column":4},"end":{"line":39,"column":5}},"loc":{"start":{"line":39,"column":27},"end":{"line":58,"column":5}},"line":39},"7":{"name":"(anonymous_7)","decl":{"start":{"line":59,"column":4},"end":{"line":59,"column":5}},"loc":{"start":{"line":59,"column":22},"end":{"line":64,"column":5}},"line":59},"8":{"name":"(anonymous_8)","decl":{"start":{"line":65,"column":4},"end":{"line":65,"column":5}},"loc":{"start":{"line":65,"column":27},"end":{"line":71,"column":5}},"line":65},"9":{"name":"(anonymous_9)","decl":{"start":{"line":72,"column":4},"end":{"line":72,"column":5}},"loc":{"start":{"line":72,"column":35},"end":{"line":74,"column":5}},"line":72},"10":{"name":"(anonymous_10)","decl":{"start":{"line":75,"column":4},"end":{"line":75,"column":5}},"loc":{"start":{"line":75,"column":25},"end":{"line":77,"column":5}},"line":75},"11":{"name":"(anonymous_11)","decl":{"start":{"line":78,"column":4},"end":{"line":78,"column":5}},"loc":{"start":{"line":78,"column":28},"end":{"line":81,"column":5}},"line":78},"12":{"name":"(anonymous_12)","decl":{"start":{"line":82,"column":4},"end":{"line":82,"column":5}},"loc":{"start":{"line":82,"column":22},"end":{"line":126,"column":5}},"line":82}},"branchMap":{"0":{"loc":{"start":{"line":2,"column":22},"end":{"line":4,"column":1}},"type":"binary-expr","locations":[{"start":{"line":2,"column":23},"end":{"line":2,"column":27}},{"start":{"line":2,"column":31},"end":{"line":2,"column":51}},{"start":{"line":2,"column":56},"end":{"line":4,"column":1}}],"line":2},"1":{"loc":{"start":{"line":3,"column":11},"end":{"line":3,"column":61}},"type":"cond-expr","locations":[{"start":{"line":3,"column":37},"end":{"line":3,"column":40}},{"start":{"line":3,"column":43},"end":{"line":3,"column":61}}],"line":3},"2":{"loc":{"start":{"line":3,"column":12},"end":{"line":3,"column":33}},"type":"binary-expr","locations":[{"start":{"line":3,"column":12},"end":{"line":3,"column":15}},{"start":{"line":3,"column":19},"end":{"line":3,"column":33}}],"line":3},"3":{"loc":{"start":{"line":25,"column":12},"end":{"line":28,"column":13}},"type":"if","locations":[{"start":{"line":25,"column":12},"end":{"line":28,"column":13}},{"start":{"line":25,"column":12},"end":{"line":28,"column":13}}],"line":25},"4":{"loc":{"start":{"line":40,"column":8},"end":{"line":57,"column":9}},"type":"switch","locations":[{"start":{"line":41,"column":12},"end":{"line":46,"column":13}},{"start":{"line":47,"column":12},"end":{"line":53,"column":13}},{"start":{"line":54,"column":12},"end":{"line":56,"column":13}}],"line":40},"5":{"loc":{"start":{"line":67,"column":8},"end":{"line":69,"column":9}},"type":"if","locations":[{"start":{"line":67,"column":8},"end":{"line":69,"column":9}},{"start":{"line":67,"column":8},"end":{"line":69,"column":9}}],"line":67},"6":{"loc":{"start":{"line":92,"column":8},"end":{"line":125,"column":9}},"type":"switch","locations":[{"start":{"line":93,"column":12},"end":{"line":97,"column":22}},{"start":{"line":98,"column":12},"end":{"line":103,"column":22}},{"start":{"line":104,"column":12},"end":{"line":107,"column":22}},{"start":{"line":108,"column":12},"end":{"line":110,"column":22}},{"start":{"line":111,"column":12},"end":{"line":113,"column":22}},{"start":{"line":114,"column":12},"end":{"line":119,"column":13}},{"start":{"line":120,"column":12},"end":{"line":120,"column":28}},{"start":{"line":121,"column":12},"end":{"line":122,"column":22}},{"start":{"line":123,"column":12},"end":{"line":124,"column":53}}],"line":92},"7":{"loc":{"start":{"line":101,"column":41},"end":{"line":101,"column":91}},"type":"cond-expr","locations":[{"start":{"line":101,"column":65},"end":{"line":101,"column":83}},{"start":{"line":101,"column":86},"end":{"line":101,"column":91}}],"line":101},"8":{"loc":{"start":{"line":115,"column":28},"end":{"line":115,"column":76}},"type":"cond-expr","locations":[{"start":{"line":115,"column":36},"end":{"line":115,"column":54}},{"start":{"line":115,"column":57},"end":{"line":115,"column":76}}],"line":115}},"s":{"0":1,"1":2,"2":1,"3":1,"4":1,"5":1,"6":20,"7":20,"8":20,"9":20,"10":20,"11":20,"12":20,"13":20,"14":20,"15":160,"16":160,"17":160,"18":160,"19":20,"20":20,"21":20,"22":17,"23":136,"24":136,"25":136,"26":36,"27":1,"28":1,"29":1,"30":1,"31":35,"32":35,"33":35,"34":35,"35":35,"36":0,"37":5,"38":5,"39":5,"40":5,"41":1000,"42":1000,"43":1000,"44":0,"45":0,"46":20,"47":5,"48":5,"49":141,"50":141,"51":141,"52":141,"53":141,"54":141,"55":141,"56":141,"57":141,"58":141,"59":17,"60":17,"61":17,"62":17,"63":17,"64":17,"65":17,"66":17,"67":17,"68":18,"69":18,"70":18,"71":18,"72":18,"73":17,"74":17,"75":18,"76":18,"77":18,"78":18,"79":36,"80":0,"81":1},"f":{"0":2,"1":20,"2":20,"3":160,"4":17,"5":136,"6":36,"7":5,"8":1000,"9":0,"10":20,"11":5,"12":141},"b":{"0":[1,1,1],"1":[2,0],"2":[2,2],"3":[20,140],"4":[1,35,0],"5":[1000,0],"6":[17,17,18,18,17,18,18,36,0],"7":[17,0],"8":[17,1]},"inputSourceMap":{"version":3,"file":"C:/Users/ad/Desktop/slider/src/panel/Panel.ts","sources":["C:/Users/ad/Desktop/slider/src/panel/Panel.ts"],"names":[],"mappings":";;;;;AACA,oEAA4C;AAE5C,0DAAkC;AAGlC,wBAAsB;AAEtB,MAAM,KAAK;IAWT,YAAY,IAAyB;QACnC,IAAI,CAAC,KAAK,GAAG,IAAI,CAAC;QAClB,IAAI,CAAC,QAAQ,GAAG,IAAI,kBAAQ,EAAE,CAAC;QAC/B,IAAI,CAAC,MAAM,GAAG,MAAM,CAAC,OAAO,EAAE,EAAE,KAAK,EAAE,gBAAgB,EAAE,CAAC,CAAC,QAAQ,CAAC,IAAI,CAAC,KAAK,CAAC,CAAC;QAChF,IAAI,CAAC,KAAK,GAAG,MAAM,CAAC,QAAQ,EAAE,EAAE,KAAK,EAAE,4BAA4B,EAAE,CAAC,CAAC,QAAQ,CAAC,IAAI,CAAC,MAAM,CAAC,CAAC;QAC7F,IAAI,CAAC,MAAM,GAAG,IAAI,GAAG,EAAiB,CAAC;QACvC,IAAI,CAAC,kBAAkB,EAAE,CAAC;IAC5B,CAAC;IAEM,SAAS,CAAC,MAAe;QAC9B,MAAM,OAAO,GAAG,IAAI,CAAC;QACrB,MAAM,MAAM,GAAG,IAAI,GAAG,EAAiB,CAAC;QACxC,MAAM,CAAC,OAAO,CAAC,MAAM,CAAC,CAAC,OAAO,CAAC,CAAC,CAAC,GAAG,EAAE,KAAK,CAAC,EAAE,EAAE;YAC9C,MAAM,KAAK,GAAG,IAAI,eAAK,CAAC,IAAI,CAAC,KAAK,EAAE,GAAG,EAAE,KAAK,CAAC,CAAC;YAChD,KAAK,CAAC,QAAQ,CAAC,SAAS,CAAC,EAAE,GAAG,EAAE,SAAS,EAAE,QAAQ,EAAE,OAAO,CAAC,cAAc,CAAC,IAAI,CAAC,OAAO,CAAC,EAAE,CAAC,CAAC;YAC7F,MAAM,CAAC,GAAG,CAAC,GAAG,EAAE,KAAK,CAAC,CAAC;YACvB,IAAI,GAAG,KAAK,MAAM,EAAE;gBAClB,KAAK,CAAC,OAAO,CAAC,KAAK,EAAE,GAAG,CAAC,CAAC;gBAC1B,KAAK,CAAC,OAAO,CAAC,MAAM,EAAE,GAAG,CAAC,CAAC;aAC5B;QACH,CAAC,CAAC,CAAC;QACH,IAAI,CAAC,MAAM,GAAG,MAAM,CAAC;IACvB,CAAC;IAEM,UAAU,CAAC,MAAe;QAC/B,MAAM,CAAC,OAAO,CAAC,MAAM,CAAC,CAAC,OAAO,CAAC,CAAC,CAAC,GAAG,EAAE,KAAK,CAAC,EAAE,EAAE;YAC9C,MAAM,OAAO,GAAc,EAAE,CAAC;YAC9B,OAAO,CAAC,GAAG,CAAC,GAAG,KAAK,CAAC;YACrB,IAAI,CAAC,YAAY,CAAC,OAAO,CAAC,CAAC;QAC7B,CAAC,CAAC,CAAC;IACL,CAAC;IAEM,UAAU,CAAC,UAAyB;QACzC,QAAQ,UAAU,CAAC,MAAM,EAAE;YACzB,KAAK,CAAC,CAAC,CAAC;gBACN,MAAM,GAAG,GAAG,IAAI,CAAC,gBAAgB,CAAC,KAAK,CAAC,CAAC,QAAQ,EAAE,CAAC;gBACpD,IAAI,CAAC,gBAAgB,CAAC,MAAM,CAAC,CAAC,QAAQ,CAAC,UAAU,CAAC,CAAC,CAAC,CAAC,KAAK,CAAC,CAAC;gBAC5D,IAAI,CAAC,gBAAgB,CAAC,MAAM,CAAC,CAAC,OAAO,CAAC,KAAK,EAAE,GAAG,CAAC,CAAC;gBAClD,MAAM;aACP;YACD,KAAK,CAAC,CAAC,CAAC;gBACN,IAAI,CAAC,gBAAgB,CAAC,MAAM,CAAC,CAAC,QAAQ,CAAC,UAAU,CAAC,CAAC,CAAC,CAAC,KAAK,CAAC,CAAC;gBAC5D,IAAI,CAAC,gBAAgB,CAAC,IAAI,CAAC,CAAC,QAAQ,CAAC,UAAU,CAAC,CAAC,CAAC,CAAC,KAAK,CAAC,CAAC;gBAC1D,IAAI,CAAC,gBAAgB,CAAC,MAAM,CAAC,CAAC,OAAO,CAAC,KAAK,EAAE,UAAU,CAAC,CAAC,CAAC,CAAC,KAAK,CAAC,CAAC;gBAClE,IAAI,CAAC,gBAAgB,CAAC,IAAI,CAAC,CAAC,OAAO,CAAC,KAAK,EAAE,UAAU,CAAC,CAAC,CAAC,CAAC,KAAK,CAAC,CAAC;gBAChE,MAAM;aACP;YACD,OAAO,CAAC,CAAC;gBACP,MAAM,IAAI,KAAK,CAAC,kBAAkB,CAAC,CAAC;aACrC;SACF;IACH,CAAC;IAEM,QAAQ,CAAC,OAAkB;QAChC,MAAM,GAAG,GAAG,MAAM,CAAC,IAAI,CAAC,OAAO,CAAC,CAAC,CAAC,CAAC,CAAC;QACpC,MAAM,KAAK,GAAG,MAAM,CAAC,MAAM,CAAC,OAAO,CAAC,CAAC,CAAC,CAAC,CAAC;QACxC,MAAM,KAAK,GAAG,IAAI,CAAC,gBAAgB,CAAC,GAAG,CAAC,CAAC;QACzC,KAAK,CAAC,QAAQ,CAAC,KAAK,CAAC,CAAC;IACxB,CAAC;IAEM,gBAAgB,CAAC,IAAY;QAClC,MAAM,KAAK,GAAG,IAAI,CAAC,MAAM,CAAC,GAAG,CAAC,IAAI,CAAC,CAAC;QACpC,IAAI,KAAK,EAAE;YACT,OAAO,KAAK,CAAC;SACd;QAED,MAAM,IAAI,KAAK,CAAC,eAAe,CAAC,CAAC;IACnC,CAAC;IAED,MAAM,CAAC,qBAAqB;QAC1B,OAAO,KAAK,CAAC;IACf,CAAC;IAEO,kBAAkB;QACxB,IAAI,CAAC,KAAK,CAAC,EAAE,CAAC,QAAQ,EAAE,KAAK,CAAC,qBAAqB,CAAC,CAAC;IACvD,CAAC;IAEO,cAAc,CAAC,OAAkB;QACvC,IAAI,CAAC,YAAY,CAAC,OAAO,CAAC,CAAC;QAC3B,IAAI,CAAC,QAAQ,CAAC,MAAM,CAAC,SAAS,EAAE,OAAO,CAAC,CAAC;IAC3C,CAAC;IAEO,YAAY,CAAC,GAAc;QACjC,MAAM,GAAG,GAAG,MAAM,CAAC,IAAI,CAAC,GAAG,CAAC,CAAC,CAAC,CAAC,CAAC;QAChC,MAAM,KAAK,GAAG,MAAM,CAAC,MAAM,CAAC,GAAG,CAAC,CAAC,CAAC,CAAC,CAAC;QACpC,MAAM,QAAQ,GAAG,IAAI,CAAC,gBAAgB,CAAC,KAAK,CAAC,CAAC;QAC9C,MAAM,QAAQ,GAAG,IAAI,CAAC,gBAAgB,CAAC,KAAK,CAAC,CAAC;QAC9C,MAAM,SAAS,GAAG,IAAI,CAAC,gBAAgB,CAAC,MAAM,CAAC,CAAC;QAChD,MAAM,SAAS,GAAG,IAAI,CAAC,gBAAgB,CAAC,MAAM,CAAC,CAAC;QAChD,MAAM,OAAO,GAAG,IAAI,CAAC,gBAAgB,CAAC,IAAI,CAAC,CAAC;QAC5C,MAAM,UAAU,GAAG,IAAI,CAAC,gBAAgB,CAAC,OAAO,CAAC,CAAC;QAClD,MAAM,KAAK,GAAG,MAAM,CAAC,QAAQ,CAAC,QAAQ,EAAE,CAAC,GAAG,MAAM,CAAC,QAAQ,CAAC,QAAQ,EAAE,CAAC,CAAC;QACxE,QAAQ,GAAG,EAAE;YACX,KAAK,KAAK;gBACR,QAAQ,CAAC,OAAO,CAAC,KAAK,EAAE,KAAK,CAAC,CAAC;gBAC/B,SAAS,CAAC,OAAO,CAAC,KAAK,EAAE,KAAK,CAAC,CAAC;gBAChC,SAAS,CAAC,OAAO,CAAC,KAAK,EAAE,KAAK,CAAC,CAAC;gBAChC,MAAM;YACR,KAAK,KAAK;gBACR,QAAQ,CAAC,OAAO,CAAC,KAAK,EAAE,KAAK,CAAC,CAAC;gBAC/B,SAAS,CAAC,OAAO,CAAC,KAAK,EAAE,KAAK,CAAC,CAAC;gBAChC,SAAS,CAAC,OAAO,CAAC,KAAK,EAAE,UAAU,CAAC,QAAQ,EAAE,CAAC,CAAC,CAAC,OAAO,CAAC,QAAQ,EAAE,CAAC,CAAC,CAAC,KAAK,CAAC,CAAC;gBAC7E,OAAO,CAAC,OAAO,CAAC,KAAK,EAAE,KAAK,CAAC,CAAC;gBAC9B,MAAM;YACR,KAAK,MAAM;gBACT,SAAS,CAAC,OAAO,CAAC,MAAM,EAAE,KAAK,CAAC,CAAC;gBACjC,OAAO,CAAC,OAAO,CAAC,MAAM,EAAE,KAAK,CAAC,CAAC;gBAC/B,MAAM;YACR,KAAK,MAAM;gBACT,OAAO,CAAC,OAAO,CAAC,KAAK,EAAE,KAAK,CAAC,CAAC;gBAC9B,MAAM;YACR,KAAK,IAAI;gBACP,SAAS,CAAC,OAAO,CAAC,KAAK,EAAE,KAAK,CAAC,CAAC;gBAChC,MAAM;YACR,KAAK,OAAO,CAAC,CAAC;gBACZ,MAAM,GAAG,GAAG,KAAK,CAAC,CAAC,CAAC,OAAO,CAAC,QAAQ,EAAE,CAAC,CAAC,CAAC,QAAQ,CAAC,QAAQ,EAAE,CAAC;gBAC7D,OAAO,CAAC,OAAO,CAAC,UAAU,EAAE,CAAC,KAAK,CAAC,CAAC;gBACpC,SAAS,CAAC,OAAO,CAAC,KAAK,EAAE,GAAG,CAAC,CAAC;gBAC9B,MAAM;aACP;YACD,KAAK,UAAU,CAAC;YAChB,KAAK,KAAK;gBACR,MAAM;YACR;gBACE,MAAM,IAAI,KAAK,CAAC,mBAAmB,CAAC,CAAC;SACxC;IACH,CAAC;CACF;AAED,kBAAe,KAAK,CAAC","sourcesContent":["import { IConfig, IParameters, ISettings } from '../interfaces/interfaces';\r\nimport Observer from '../observer/Observer';\r\nimport IObserver from '../observer/interface';\r\nimport Input from './input/Input';\r\nimport IPanel from './interface';\r\n\r\nimport './panel.scss';\r\n\r\nclass Panel implements IPanel {\r\n  public inputs: Map<string, Input>;\r\n\r\n  public observer: IObserver;\r\n\r\n  readonly $root: JQuery<HTMLElement>;\r\n\r\n  readonly $panel: JQuery<HTMLElement>;\r\n\r\n  readonly $form: JQuery<HTMLElement>;\r\n\r\n  constructor(root: JQuery<HTMLElement>) {\r\n    this.$root = root;\r\n    this.observer = new Observer();\r\n    this.$panel = jQuery('<div>', { class: 'panel js-panel' }).appendTo(this.$root);\r\n    this.$form = jQuery('<form>', { class: 'panel__form js-panel__form' }).appendTo(this.$panel);\r\n    this.inputs = new Map<string, Input>();\r\n    this.bindEventListeners();\r\n  }\r\n\r\n  public initPanel(config: IConfig): void {\r\n    const element = this;\r\n    const inputs = new Map<string, Input>();\r\n    Object.entries(config).forEach(([key, value]) => {\r\n      const input = new Input(this.$form, key, value);\r\n      input.observer.subscribe({ key: 'setting', observer: element.changeSettings.bind(element) });\r\n      inputs.set(key, input);\r\n      if (key === 'step') {\r\n        input.setProp('min', 0.1);\r\n        input.setProp('step', 0.1);\r\n      }\r\n    });\r\n    this.inputs = inputs;\r\n  }\r\n\r\n  public initBounds(config: IConfig): void {\r\n    Object.entries(config).forEach(([key, value]) => {\r\n      const setting: ISettings = {};\r\n      setting[key] = value;\r\n      this.changeBounds(setting);\r\n    });\r\n  }\r\n\r\n  public initValues(parameters: IParameters[]): void {\r\n    switch (parameters.length) {\r\n      case 1: {\r\n        const max = this.takeInputFromArr('max').getValue();\r\n        this.takeInputFromArr('from').setValue(parameters[0].value);\r\n        this.takeInputFromArr('from').setProp('max', max);\r\n        break;\r\n      }\r\n      case 2: {\r\n        this.takeInputFromArr('from').setValue(parameters[0].value);\r\n        this.takeInputFromArr('to').setValue(parameters[1].value);\r\n        this.takeInputFromArr('from').setProp('max', parameters[1].value);\r\n        this.takeInputFromArr('to').setProp('min', parameters[0].value);\r\n        break;\r\n      }\r\n      default: {\r\n        throw new Error('undefined values');\r\n      }\r\n    }\r\n  }\r\n\r\n  public setValue(setting: ISettings): void {\r\n    const key = Object.keys(setting)[0];\r\n    const value = Object.values(setting)[0];\r\n    const input = this.takeInputFromArr(key);\r\n    input.setValue(value);\r\n  }\r\n\r\n  public takeInputFromArr(name: string): Input {\r\n    const input = this.inputs.get(name);\r\n    if (input) {\r\n      return input;\r\n    }\r\n\r\n    throw new Error('no such input');\r\n  }\r\n\r\n  static handlePanelFormSubmit(): boolean {\r\n    return false;\r\n  }\r\n\r\n  private bindEventListeners(): void {\r\n    this.$form.on('submit', Panel.handlePanelFormSubmit);\r\n  }\r\n\r\n  private changeSettings(setting: ISettings): void {\r\n    this.changeBounds(setting);\r\n    this.observer.notify('setting', setting);\r\n  }\r\n\r\n  private changeBounds(set: ISettings): void {\r\n    const key = Object.keys(set)[0];\r\n    const value = Object.values(set)[0];\r\n    const maxInput = this.takeInputFromArr('max');\r\n    const minInput = this.takeInputFromArr('min');\r\n    const stepInput = this.takeInputFromArr('step');\r\n    const fromInput = this.takeInputFromArr('from');\r\n    const toInput = this.takeInputFromArr('to');\r\n    const rangeInput = this.takeInputFromArr('range');\r\n    const range = Number(maxInput.getValue()) - Number(minInput.getValue());\r\n    switch (key) {\r\n      case 'min':\r\n        maxInput.setProp('min', value);\r\n        stepInput.setProp('max', range);\r\n        fromInput.setProp('min', value);\r\n        break;\r\n      case 'max':\r\n        minInput.setProp('max', value);\r\n        stepInput.setProp('max', range);\r\n        fromInput.setProp('max', rangeInput.getValue() ? toInput.getValue() : value);\r\n        toInput.setProp('max', value);\r\n        break;\r\n      case 'step':\r\n        fromInput.setProp('step', value);\r\n        toInput.setProp('step', value);\r\n        break;\r\n      case 'from':\r\n        toInput.setProp('min', value);\r\n        break;\r\n      case 'to':\r\n        fromInput.setProp('max', value);\r\n        break;\r\n      case 'range': {\r\n        const max = value ? toInput.getValue() : maxInput.getValue();\r\n        toInput.setProp('disabled', !value);\r\n        fromInput.setProp('max', max);\r\n        break;\r\n      }\r\n      case 'vertical':\r\n      case 'tip':\r\n        break;\r\n      default:\r\n        throw new Error('undefined setting');\r\n    }\r\n  }\r\n}\r\n\r\nexport default Panel;\r\n"]},"_coverageSchema":"1a1c01bbd47fc00a2c39e90264f33305004495a9","hash":"d1d71f577a81f710efe032c2a2e51e4e0bf05f56"},"C:\\Users\\ad\\Desktop\\slider\\src\\observer\\Observer.ts":{"path":"C:\\Users\\ad\\Desktop\\slider\\src\\observer\\Observer.ts","statementMap":{"0":{"start":{"line":2,"column":0},"end":{"line":2,"column":62}},"1":{"start":{"line":5,"column":8},"end":{"line":5,"column":28}},"2":{"start":{"line":9,"column":8},"end":{"line":9,"column":32}},"3":{"start":{"line":12,"column":8},"end":{"line":16,"column":11}},"4":{"start":{"line":13,"column":12},"end":{"line":15,"column":13}},"5":{"start":{"line":14,"column":16},"end":{"line":14,"column":36}},"6":{"start":{"line":19,"column":0},"end":{"line":19,"column":27}}},"fnMap":{"0":{"name":"(anonymous_0)","decl":{"start":{"line":4,"column":4},"end":{"line":4,"column":5}},"loc":{"start":{"line":4,"column":18},"end":{"line":6,"column":5}},"line":4},"1":{"name":"(anonymous_1)","decl":{"start":{"line":8,"column":4},"end":{"line":8,"column":5}},"loc":{"start":{"line":8,"column":18},"end":{"line":10,"column":5}},"line":8},"2":{"name":"(anonymous_2)","decl":{"start":{"line":11,"column":4},"end":{"line":11,"column":5}},"loc":{"start":{"line":11,"column":22},"end":{"line":17,"column":5}},"line":11},"3":{"name":"(anonymous_3)","decl":{"start":{"line":12,"column":31},"end":{"line":12,"column":32}},"loc":{"start":{"line":12,"column":41},"end":{"line":16,"column":9}},"line":12}},"branchMap":{"0":{"loc":{"start":{"line":13,"column":12},"end":{"line":15,"column":13}},"type":"if","locations":[{"start":{"line":13,"column":12},"end":{"line":15,"column":13}},{"start":{"line":13,"column":12},"end":{"line":15,"column":13}}],"line":13}},"s":{"0":1,"1":272,"2":404,"3":36,"4":125,"5":43,"6":1},"f":{"0":272,"1":404,"2":36,"3":125},"b":{"0":[43,82]},"inputSourceMap":{"version":3,"file":"C:/Users/ad/Desktop/slider/src/observer/Observer.ts","sources":["C:/Users/ad/Desktop/slider/src/observer/Observer.ts"],"names":[],"mappings":";;AAEA,MAAM,QAAQ;IAGZ;QACE,IAAI,CAAC,SAAS,GAAG,EAAE,CAAC;IACtB,CAAC;IAED,wCAAwC;IACjC,SAAS,CAAC,EAAkD;QACjE,IAAI,CAAC,SAAS,CAAC,IAAI,CAAC,EAAE,CAAC,CAAC;IAC1B,CAAC;IAEM,MAAM,CAAC,GAAW,EAAE,IAAS;QAClC,IAAI,CAAC,SAAS,CAAC,OAAO,CAAC,CAAC,IAAI,EAAE,EAAE;YAC9B,IAAI,IAAI,CAAC,GAAG,KAAK,GAAG,EAAE;gBACpB,IAAI,CAAC,QAAQ,CAAC,IAAI,CAAC,CAAC;aACrB;QACH,CAAC,CAAC,CAAC;IACL,CAAC;CACF;AAED,kBAAe,QAAQ,CAAC","sourcesContent":["import IObserver from './interface';\r\n\r\nclass Observer implements IObserver {\r\n  public observers: { key: string, observer: (data: any) => void }[];\r\n\r\n  constructor() {\r\n    this.observers = [];\r\n  }\r\n\r\n  // use type any, cause any can subscribe\r\n  public subscribe(fn: { key: string, observer: (data: any) => void }): void {\r\n    this.observers.push(fn);\r\n  }\r\n\r\n  public notify(key: string, data: any): void {\r\n    this.observers.forEach((item) => {\r\n      if (item.key === key) {\r\n        item.observer(data);\r\n      }\r\n    });\r\n  }\r\n}\r\n\r\nexport default Observer;\r\n"]},"_coverageSchema":"1a1c01bbd47fc00a2c39e90264f33305004495a9","hash":"871e3b3c30b616f9d8b4ca2a42ec34e6b551e556"},"C:\\Users\\ad\\Desktop\\slider\\src\\panel\\input\\Input.ts":{"path":"C:\\Users\\ad\\Desktop\\slider\\src\\panel\\input\\Input.ts","statementMap":{"0":{"start":{"line":2,"column":22},"end":{"line":4,"column":1}},"1":{"start":{"line":3,"column":4},"end":{"line":3,"column":62}},"2":{"start":{"line":5,"column":0},"end":{"line":5,"column":62}},"3":{"start":{"line":6,"column":19},"end":{"line":6,"column":70}},"4":{"start":{"line":7,"column":0},"end":{"line":7,"column":24}},"5":{"start":{"line":10,"column":8},"end":{"line":10,"column":26}},"6":{"start":{"line":11,"column":8},"end":{"line":11,"column":27}},"7":{"start":{"line":12,"column":8},"end":{"line":12,"column":24}},"8":{"start":{"line":13,"column":8},"end":{"line":13,"column":72}},"9":{"start":{"line":14,"column":8},"end":{"line":14,"column":43}},"10":{"start":{"line":15,"column":8},"end":{"line":15,"column":61}},"11":{"start":{"line":16,"column":8},"end":{"line":16,"column":49}},"12":{"start":{"line":17,"column":8},"end":{"line":17,"column":34}},"13":{"start":{"line":20,"column":8},"end":{"line":20,"column":25}},"14":{"start":{"line":23,"column":26},"end":{"line":23,"column":30}},"15":{"start":{"line":24,"column":8},"end":{"line":26,"column":9}},"16":{"start":{"line":25,"column":12},"end":{"line":25,"column":26}},"17":{"start":{"line":27,"column":8},"end":{"line":27,"column":21}},"18":{"start":{"line":30,"column":8},"end":{"line":30,"column":27}},"19":{"start":{"line":31,"column":8},"end":{"line":36,"column":9}},"20":{"start":{"line":32,"column":12},"end":{"line":32,"column":35}},"21":{"start":{"line":35,"column":12},"end":{"line":35,"column":47}},"22":{"start":{"line":39,"column":8},"end":{"line":39,"column":38}},"23":{"start":{"line":42,"column":22},"end":{"line":42,"column":87}},"24":{"start":{"line":43,"column":22},"end":{"line":43,"column":82}},"25":{"start":{"line":44,"column":8},"end":{"line":44,"column":81}},"26":{"start":{"line":45,"column":8},"end":{"line":50,"column":27}},"27":{"start":{"line":51,"column":8},"end":{"line":53,"column":9}},"28":{"start":{"line":52,"column":12},"end":{"line":52,"column":70}},"29":{"start":{"line":54,"column":8},"end":{"line":54,"column":21}},"30":{"start":{"line":57,"column":8},"end":{"line":57,"column":79}},"31":{"start":{"line":60,"column":8},"end":{"line":69,"column":9}},"32":{"start":{"line":62,"column":16},"end":{"line":62,"column":56}},"33":{"start":{"line":63,"column":16},"end":{"line":63,"column":22}},"34":{"start":{"line":65,"column":16},"end":{"line":65,"column":50}},"35":{"start":{"line":66,"column":16},"end":{"line":66,"column":22}},"36":{"start":{"line":68,"column":16},"end":{"line":68,"column":22}},"37":{"start":{"line":70,"column":24},"end":{"line":70,"column":26}},"38":{"start":{"line":71,"column":8},"end":{"line":71,"column":40}},"39":{"start":{"line":72,"column":8},"end":{"line":72,"column":49}},"40":{"start":{"line":75,"column":0},"end":{"line":75,"column":24}}},"fnMap":{"0":{"name":"(anonymous_0)","decl":{"start":{"line":2,"column":56},"end":{"line":2,"column":57}},"loc":{"start":{"line":2,"column":71},"end":{"line":4,"column":1}},"line":2},"1":{"name":"(anonymous_1)","decl":{"start":{"line":9,"column":4},"end":{"line":9,"column":5}},"loc":{"start":{"line":9,"column":34},"end":{"line":18,"column":5}},"line":9},"2":{"name":"(anonymous_2)","decl":{"start":{"line":19,"column":4},"end":{"line":19,"column":5}},"loc":{"start":{"line":19,"column":14},"end":{"line":21,"column":5}},"line":19},"3":{"name":"(anonymous_3)","decl":{"start":{"line":22,"column":4},"end":{"line":22,"column":5}},"loc":{"start":{"line":22,"column":15},"end":{"line":28,"column":5}},"line":22},"4":{"name":"(anonymous_4)","decl":{"start":{"line":29,"column":4},"end":{"line":29,"column":5}},"loc":{"start":{"line":29,"column":20},"end":{"line":37,"column":5}},"line":29},"5":{"name":"(anonymous_5)","decl":{"start":{"line":38,"column":4},"end":{"line":38,"column":5}},"loc":{"start":{"line":38,"column":25},"end":{"line":40,"column":5}},"line":38},"6":{"name":"(anonymous_6)","decl":{"start":{"line":41,"column":4},"end":{"line":41,"column":5}},"loc":{"start":{"line":41,"column":18},"end":{"line":55,"column":5}},"line":41},"7":{"name":"(anonymous_7)","decl":{"start":{"line":56,"column":4},"end":{"line":56,"column":5}},"loc":{"start":{"line":56,"column":25},"end":{"line":58,"column":5}},"line":56},"8":{"name":"(anonymous_8)","decl":{"start":{"line":59,"column":4},"end":{"line":59,"column":5}},"loc":{"start":{"line":59,"column":34},"end":{"line":73,"column":5}},"line":59}},"branchMap":{"0":{"loc":{"start":{"line":2,"column":22},"end":{"line":4,"column":1}},"type":"binary-expr","locations":[{"start":{"line":2,"column":23},"end":{"line":2,"column":27}},{"start":{"line":2,"column":31},"end":{"line":2,"column":51}},{"start":{"line":2,"column":56},"end":{"line":4,"column":1}}],"line":2},"1":{"loc":{"start":{"line":3,"column":11},"end":{"line":3,"column":61}},"type":"cond-expr","locations":[{"start":{"line":3,"column":37},"end":{"line":3,"column":40}},{"start":{"line":3,"column":43},"end":{"line":3,"column":61}}],"line":3},"2":{"loc":{"start":{"line":3,"column":12},"end":{"line":3,"column":33}},"type":"binary-expr","locations":[{"start":{"line":3,"column":12},"end":{"line":3,"column":15}},{"start":{"line":3,"column":19},"end":{"line":3,"column":33}}],"line":3},"3":{"loc":{"start":{"line":13,"column":20},"end":{"line":13,"column":71}},"type":"cond-expr","locations":[{"start":{"line":13,"column":50},"end":{"line":13,"column":58}},{"start":{"line":13,"column":61},"end":{"line":13,"column":71}}],"line":13},"4":{"loc":{"start":{"line":24,"column":8},"end":{"line":26,"column":9}},"type":"if","locations":[{"start":{"line":24,"column":8},"end":{"line":26,"column":9}},{"start":{"line":24,"column":8},"end":{"line":26,"column":9}}],"line":24},"5":{"loc":{"start":{"line":31,"column":8},"end":{"line":36,"column":9}},"type":"if","locations":[{"start":{"line":31,"column":8},"end":{"line":36,"column":9}},{"start":{"line":31,"column":8},"end":{"line":36,"column":9}}],"line":31},"6":{"loc":{"start":{"line":51,"column":8},"end":{"line":53,"column":9}},"type":"if","locations":[{"start":{"line":51,"column":8},"end":{"line":53,"column":9}},{"start":{"line":51,"column":8},"end":{"line":53,"column":9}}],"line":51},"7":{"loc":{"start":{"line":60,"column":8},"end":{"line":69,"column":9}},"type":"switch","locations":[{"start":{"line":61,"column":12},"end":{"line":63,"column":22}},{"start":{"line":64,"column":12},"end":{"line":66,"column":22}},{"start":{"line":67,"column":12},"end":{"line":68,"column":22}}],"line":60}},"s":{"0":1,"1":1,"2":1,"3":1,"4":1,"5":163,"6":163,"7":163,"8":163,"9":163,"10":163,"11":163,"12":163,"13":1,"14":341,"15":341,"16":323,"17":341,"18":78,"19":78,"20":77,"21":1,"22":338,"23":163,"24":163,"25":163,"26":163,"27":163,"28":60,"29":163,"30":163,"31":0,"32":0,"33":0,"34":0,"35":0,"36":0,"37":0,"38":0,"39":0,"40":1},"f":{"0":1,"1":163,"2":1,"3":341,"4":78,"5":338,"6":163,"7":163,"8":0},"b":{"0":[1,1,1],"1":[1,0],"2":[1,1],"3":[103,60],"4":[323,18],"5":[77,1],"6":[60,103],"7":[0,0,0]},"inputSourceMap":{"version":3,"file":"C:/Users/ad/Desktop/slider/src/panel/input/Input.ts","sources":["C:/Users/ad/Desktop/slider/src/panel/input/Input.ts"],"names":[],"mappings":";;;;;AACA,uEAA+C;AAG/C,wBAAsB;AAEtB,MAAM,KAAK;IAeT,YAAY,IAAyB,EAAE,GAAW,EAAE,KAAuB;QACzE,IAAI,CAAC,KAAK,GAAG,IAAI,CAAC;QAClB,IAAI,CAAC,KAAK,GAAG,KAAK,CAAC;QACnB,IAAI,CAAC,IAAI,GAAG,GAAG,CAAC;QAChB,IAAI,CAAC,IAAI,GAAG,CAAC,OAAO,KAAK,KAAK,QAAQ,CAAC,CAAC,CAAC,CAAC,QAAQ,CAAC,CAAC,CAAC,UAAU,CAAC;QAChE,IAAI,CAAC,QAAQ,GAAG,IAAI,CAAC,WAAW,EAAE,CAAC;QACnC,IAAI,CAAC,MAAM,GAAG,IAAI,CAAC,QAAQ,CAAC,IAAI,CAAC,kBAAkB,CAAC,CAAC;QACrD,IAAI,CAAC,QAAQ,GAAG,IAAI,kBAAQ,EAAE,CAAC;QAC/B,IAAI,CAAC,kBAAkB,EAAE,CAAC;IAC5B,CAAC;IAEM,OAAO;QACZ,OAAO,IAAI,CAAC,IAAI,CAAC;IACnB,CAAC;IAEM,QAAQ;QACb,MAAM,EAAE,KAAK,EAAE,GAAG,IAAI,CAAC;QACvB,IAAI,OAAO,KAAK,KAAK,QAAQ,EAAE;YAC7B,MAAM,CAAC,KAAK,CAAC,CAAC;SACf;QACD,OAAO,KAAK,CAAC;IACf,CAAC;IAEM,QAAQ,CAAC,KAAuB;QACrC,IAAI,CAAC,KAAK,GAAG,KAAK,CAAC;QACnB,IAAI,OAAO,KAAK,KAAK,QAAQ,EAAE;YAC7B,IAAI,CAAC,MAAM,CAAC,GAAG,CAAC,KAAK,CAAC,CAAC;SACxB;aAAM;YACL,IAAI,CAAC,MAAM,CAAC,IAAI,CAAC,SAAS,EAAE,KAAK,CAAC,CAAC;SACpC;IACH,CAAC;IAEM,OAAO,CAAC,IAAY,EAAE,KAAuB;QAClD,IAAI,CAAC,MAAM,CAAC,IAAI,CAAC,IAAI,EAAE,KAAK,CAAC,CAAC;IAChC,CAAC;IAEO,WAAW;QACjB,MAAM,KAAK,GAAG,MAAM,CAAC,OAAO,EAAE,EAAE,KAAK,EAAE,gBAAgB,EAAE,CAAC,CAAC,QAAQ,CAAC,IAAI,CAAC,KAAK,CAAC,CAAC;QAChF,MAAM,KAAK,GAAG,MAAM,CAAC,SAAS,EAAE,EAAE,KAAK,EAAE,cAAc,EAAE,CAAC,CAAC,QAAQ,CAAC,KAAK,CAAC,CAAC;QAC3E,MAAM,CAAC,KAAK,EAAE,EAAE,KAAK,EAAE,aAAa,EAAE,IAAI,EAAE,IAAI,CAAC,IAAI,EAAE,CAAC,CAAC,QAAQ,CAAC,KAAK,CAAC,CAAC;QACzE,MAAM,CAAC,SAAS,EAAE;YAChB,KAAK,EAAE,kDAAkD,IAAI,CAAC,IAAI,EAAE;YACpE,IAAI,EAAE,IAAI,CAAC,IAAI;YACf,IAAI,EAAE,IAAI,CAAC,IAAI;YACf,KAAK,EAAE,IAAI,CAAC,KAAK;SAClB,CAAC,CAAC,QAAQ,CAAC,KAAK,CAAC,CAAC;QACnB,IAAI,IAAI,CAAC,IAAI,KAAK,UAAU,EAAE;YAC5B,MAAM,CAAC,QAAQ,EAAE,EAAE,KAAK,EAAE,YAAY,EAAE,CAAC,CAAC,QAAQ,CAAC,KAAK,CAAC,CAAC;SAC3D;QACD,OAAO,KAAK,CAAC;IACf,CAAC;IAEO,kBAAkB;QACxB,IAAI,CAAC,MAAM,CAAC,EAAE,CAAC,cAAc,EAAE,IAAI,CAAC,sBAAsB,CAAC,IAAI,CAAC,IAAI,CAAC,CAAC,CAAC;IACzE,CAAC;IAEO,sBAAsB,CAAC,KAAY;QACzC,QAAQ,IAAI,CAAC,IAAI,EAAE;YACjB,KAAK,QAAQ;gBACX,IAAI,CAAC,KAAK,GAAG,MAAM,CAAoB,KAAK,CAAC,MAAO,CAAC,KAAK,CAAC,CAAC;gBAC5D,MAAM;YACR,KAAK,UAAU;gBACb,IAAI,CAAC,KAAK,GAAsB,KAAK,CAAC,MAAO,CAAC,OAAO,CAAC;gBACtD,MAAM;YACR;gBACE,MAAM;SACT;QACD,MAAM,OAAO,GAAc,EAAE,CAAC;QAC9B,OAAO,CAAC,IAAI,CAAC,IAAI,CAAC,GAAG,IAAI,CAAC,KAAK,CAAC;QAChC,IAAI,CAAC,QAAQ,CAAC,MAAM,CAAC,SAAS,EAAE,OAAO,CAAC,CAAC;IAC3C,CAAC;CACF;AAED,kBAAe,KAAK,CAAC","sourcesContent":["import { ISettings } from '../../interfaces/interfaces';\r\nimport Observer from '../../observer/Observer';\r\nimport IObserver from '../../observer/interface';\r\nimport IInput from './interface';\r\nimport './input.scss';\r\n\r\nclass Input implements IInput {\r\n  public observer: IObserver;\r\n\r\n  public $input: JQuery<HTMLElement>;\r\n\r\n  readonly $form: JQuery<HTMLElement>;\r\n\r\n  readonly $element: JQuery<HTMLElement>;\r\n\r\n  private name: string;\r\n\r\n  private type: string;\r\n\r\n  private value: number | boolean;\r\n\r\n  constructor(form: JQuery<HTMLElement>, key: string, value: number | boolean) {\r\n    this.$form = form;\r\n    this.value = value;\r\n    this.name = key;\r\n    this.type = (typeof value === 'number') ? 'number' : 'checkbox';\r\n    this.$element = this.createInput();\r\n    this.$input = this.$element.find('.js-input__field');\r\n    this.observer = new Observer();\r\n    this.bindEventListeners();\r\n  }\r\n\r\n  public getName(): string {\r\n    return this.name;\r\n  }\r\n\r\n  public getValue(): number | boolean {\r\n    const { value } = this;\r\n    if (typeof value === 'number') {\r\n      Number(value);\r\n    }\r\n    return value;\r\n  }\r\n\r\n  public setValue(value: number | boolean): void {\r\n    this.value = value;\r\n    if (typeof value === 'number') {\r\n      this.$input.val(value);\r\n    } else {\r\n      this.$input.prop('checked', value);\r\n    }\r\n  }\r\n\r\n  public setProp(name: string, value: number | boolean): void {\r\n    this.$input.prop(name, value);\r\n  }\r\n\r\n  private createInput() {\r\n    const input = jQuery('<div>', { class: 'input js-input' }).appendTo(this.$form);\r\n    const label = jQuery('<label>', { class: 'input__label' }).appendTo(input);\r\n    jQuery('<p>', { class: 'input__text', text: this.name }).appendTo(label);\r\n    jQuery('<input>', {\r\n      class: `input__field js-input__field input__field_with-${this.type}`,\r\n      type: this.type,\r\n      name: this.name,\r\n      value: this.value,\r\n    }).appendTo(label);\r\n    if (this.type === 'checkbox') {\r\n      jQuery('<span>', { class: 'input__box' }).appendTo(label);\r\n    }\r\n    return input;\r\n  }\r\n\r\n  private bindEventListeners(): void {\r\n    this.$input.on('change keyup', this.handleInputValueChange.bind(this));\r\n  }\r\n\r\n  private handleInputValueChange(event: Event): void {\r\n    switch (this.type) {\r\n      case 'number':\r\n        this.value = Number((<HTMLInputElement>event.target).value);\r\n        break;\r\n      case 'checkbox':\r\n        this.value = (<HTMLInputElement>event.target).checked;\r\n        break;\r\n      default:\r\n        break;\r\n    }\r\n    const setting: ISettings = {};\r\n    setting[this.name] = this.value;\r\n    this.observer.notify('setting', setting);\r\n  }\r\n}\r\n\r\nexport default Input;\r\n"]},"_coverageSchema":"1a1c01bbd47fc00a2c39e90264f33305004495a9","hash":"38ca24e34cf28d0e948054584bf2448ff3c948a8"},"C:\\Users\\ad\\Desktop\\slider\\src\\model\\Model.ts":{"path":"C:\\Users\\ad\\Desktop\\slider\\src\\model\\Model.ts","statementMap":{"0":{"start":{"line":2,"column":0},"end":{"line":2,"column":62}},"1":{"start":{"line":3,"column":17},"end":{"line":12,"column":1}},"2":{"start":{"line":15,"column":8},"end":{"line":15,"column":56}},"3":{"start":{"line":16,"column":8},"end":{"line":16,"column":59}},"4":{"start":{"line":17,"column":8},"end":{"line":17,"column":29}},"5":{"start":{"line":18,"column":8},"end":{"line":18,"column":28}},"6":{"start":{"line":19,"column":8},"end":{"line":19,"column":30}},"7":{"start":{"line":20,"column":8},"end":{"line":20,"column":27}},"8":{"start":{"line":21,"column":8},"end":{"line":21,"column":29}},"9":{"start":{"line":24,"column":30},"end":{"line":24,"column":55}},"10":{"start":{"line":25,"column":8},"end":{"line":25,"column":80}},"11":{"start":{"line":26,"column":8},"end":{"line":26,"column":80}},"12":{"start":{"line":27,"column":8},"end":{"line":27,"column":94}},"13":{"start":{"line":28,"column":8},"end":{"line":28,"column":36}},"14":{"start":{"line":29,"column":8},"end":{"line":29,"column":29}},"15":{"start":{"line":32,"column":35},"end":{"line":32,"column":46}},"16":{"start":{"line":33,"column":22},"end":{"line":33,"column":31}},"17":{"start":{"line":34,"column":27},"end":{"line":34,"column":59}},"18":{"start":{"line":35,"column":27},"end":{"line":35,"column":51}},"19":{"start":{"line":36,"column":25},"end":{"line":36,"column":46}},"20":{"start":{"line":37,"column":29},"end":{"line":37,"column":38}},"21":{"start":{"line":38,"column":23},"end":{"line":38,"column":25}},"22":{"start":{"line":39,"column":26},"end":{"line":39,"column":99}},"23":{"start":{"line":39,"column":58},"end":{"line":39,"column":97}},"24":{"start":{"line":40,"column":8},"end":{"line":40,"column":99}},"25":{"start":{"line":40,"column":45},"end":{"line":40,"column":96}},"26":{"start":{"line":41,"column":8},"end":{"line":41,"column":33}},"27":{"start":{"line":42,"column":8},"end":{"line":42,"column":24}},"28":{"start":{"line":45,"column":30},"end":{"line":45,"column":55}},"29":{"start":{"line":46,"column":26},"end":{"line":46,"column":65}},"30":{"start":{"line":46,"column":54},"end":{"line":46,"column":64}},"31":{"start":{"line":47,"column":21},"end":{"line":47,"column":72}},"32":{"start":{"line":48,"column":19},"end":{"line":48,"column":68}},"33":{"start":{"line":49,"column":8},"end":{"line":55,"column":9}},"34":{"start":{"line":50,"column":12},"end":{"line":50,"column":55}},"35":{"start":{"line":51,"column":12},"end":{"line":51,"column":53}},"36":{"start":{"line":54,"column":12},"end":{"line":54,"column":38}},"37":{"start":{"line":56,"column":8},"end":{"line":56,"column":36}},"38":{"start":{"line":57,"column":8},"end":{"line":57,"column":29}},"39":{"start":{"line":60,"column":27},"end":{"line":60,"column":29}},"40":{"start":{"line":61,"column":21},"end":{"line":64,"column":9}},"41":{"start":{"line":65,"column":8},"end":{"line":65,"column":54}},"42":{"start":{"line":66,"column":8},"end":{"line":66,"column":30}},"43":{"start":{"line":67,"column":8},"end":{"line":74,"column":9}},"44":{"start":{"line":68,"column":31},"end":{"line":71,"column":13}},"45":{"start":{"line":72,"column":12},"end":{"line":72,"column":70}},"46":{"start":{"line":73,"column":12},"end":{"line":73,"column":40}},"47":{"start":{"line":75,"column":8},"end":{"line":75,"column":37}},"48":{"start":{"line":76,"column":8},"end":{"line":76,"column":26}},"49":{"start":{"line":79,"column":34},"end":{"line":79,"column":41}},"50":{"start":{"line":80,"column":26},"end":{"line":80,"column":33}},"51":{"start":{"line":81,"column":25},"end":{"line":81,"column":68}},"52":{"start":{"line":82,"column":26},"end":{"line":82,"column":74}},"53":{"start":{"line":83,"column":8},"end":{"line":90,"column":9}},"54":{"start":{"line":84,"column":33},"end":{"line":84,"column":75}},"55":{"start":{"line":84,"column":61},"end":{"line":84,"column":74}},"56":{"start":{"line":85,"column":41},"end":{"line":85,"column":87}},"57":{"start":{"line":86,"column":33},"end":{"line":86,"column":68}},"58":{"start":{"line":87,"column":12},"end":{"line":87,"column":62}},"59":{"start":{"line":88,"column":12},"end":{"line":88,"column":68}},"60":{"start":{"line":89,"column":12},"end":{"line":89,"column":35}},"61":{"start":{"line":91,"column":8},"end":{"line":91,"column":21}},"62":{"start":{"line":94,"column":8},"end":{"line":100,"column":9}},"63":{"start":{"line":95,"column":12},"end":{"line":95,"column":92}},"64":{"start":{"line":96,"column":12},"end":{"line":96,"column":90}},"65":{"start":{"line":99,"column":12},"end":{"line":99,"column":56}},"66":{"start":{"line":101,"column":8},"end":{"line":101,"column":62}},"67":{"start":{"line":104,"column":8},"end":{"line":110,"column":9}},"68":{"start":{"line":105,"column":27},"end":{"line":105,"column":79}},"69":{"start":{"line":106,"column":26},"end":{"line":106,"column":63}},"70":{"start":{"line":107,"column":12},"end":{"line":107,"column":49}},"71":{"start":{"line":108,"column":12},"end":{"line":108,"column":71}},"72":{"start":{"line":109,"column":12},"end":{"line":109,"column":35}},"73":{"start":{"line":111,"column":8},"end":{"line":111,"column":41}},"74":{"start":{"line":112,"column":8},"end":{"line":112,"column":63}},"75":{"start":{"line":113,"column":8},"end":{"line":113,"column":31}},"76":{"start":{"line":116,"column":29},"end":{"line":116,"column":71}},"77":{"start":{"
[...]
":27},"5":{"name":"(anonymous_5)","decl":{"start":{"line":41,"column":4},"end":{"line":41,"column":5}},"loc":{"start":{"line":41,"column":16},"end":{"line":51,"column":5}},"line":41},"6":{"name":"(anonymous_6)","decl":{"start":{"line":48,"column":25},"end":{"line":48,"column":26}},"loc":{"start":{"line":48,"column":35},"end":{"line":50,"column":9}},"line":48},"7":{"name":"(anonymous_7)","decl":{"start":{"line":52,"column":4},"end":{"line":52,"column":5}},"loc":{"start":{"line":52,"column":22},"end":{"line":64,"column":5}},"line":52},"8":{"name":"(anonymous_8)","decl":{"start":{"line":56,"column":46},"end":{"line":56,"column":47}},"loc":{"start":{"line":56,"column":59},"end":{"line":62,"column":9}},"line":56},"9":{"name":"(anonymous_9)","decl":{"start":{"line":65,"column":4},"end":{"line":65,"column":5}},"loc":{"start":{"line":65,"column":24},"end":{"line":72,"column":5}},"line":65},"10":{"name":"(anonymous_10)","decl":{"start":{"line":73,"column":4},"end":{"line":73,"column":5}},"loc":{"start":{"line":73,"column":18},"end":{"line":91,"column":5}},"line":73},"11":{"name":"(anonymous_11)","decl":{"start":{"line":92,"column":4},"end":{"line":92,"column":5}},"loc":{"start":{"line":92,"column":25},"end":{"line":94,"column":5}},"line":92},"12":{"name":"(anonymous_12)","decl":{"start":{"line":95,"column":4},"end":{"line":95,"column":5}},"loc":{"start":{"line":95,"column":31},"end":{"line":101,"column":5}},"line":95}},"branchMap":{"0":{"loc":{"start":{"line":2,"column":22},"end":{"line":4,"column":1}},"type":"binary-expr","locations":[{"start":{"line":2,"column":23},"end":{"line":2,"column":27}},{"start":{"line":2,"column":31},"end":{"line":2,"column":51}},{"start":{"line":2,"column":56},"end":{"line":4,"column":1}}],"line":2},"1":{"loc":{"start":{"line":3,"column":11},"end":{"line":3,"column":61}},"type":"cond-expr","locations":[{"start":{"line":3,"column":37},"end":{"line":3,"column":40}},{"start":{"line":3,"column":43},"end":{"line":3,"column":61}}],"line":3},"2":{"loc":{"start":{"line":3,"column":12},"end":{"line":3,"column":33}},"type":"binary-expr","locations":[{"start":{"line":3,"column":12},"end":{"line":3,"column":15}},{"start":{"line":3,"column":19},"end":{"line":3,"column":33}}],"line":3},"3":{"loc":{"start":{"line":29,"column":26},"end":{"line":29,"column":60}},"type":"cond-expr","locations":[{"start":{"line":29,"column":42},"end":{"line":29,"column":50}},{"start":{"line":29,"column":53},"end":{"line":29,"column":60}}],"line":29},"4":{"loc":{"start":{"line":30,"column":30},"end":{"line":30,"column":90}},"type":"cond-expr","locations":[{"start":{"line":30,"column":46},"end":{"line":30,"column":67}},{"start":{"line":30,"column":70},"end":{"line":30,"column":90}}],"line":30},"5":{"loc":{"start":{"line":31,"column":12},"end":{"line":36,"column":13}},"type":"if","locations":[{"start":{"line":31,"column":12},"end":{"line":36,"column":13}},{"start":{"line":31,"column":12},"end":{"line":36,"column":13}}],"line":31},"6":{"loc":{"start":{"line":45,"column":8},"end":{"line":47,"column":9}},"type":"if","locations":[{"start":{"line":45,"column":8},"end":{"line":47,"column":9}},{"start":{"line":45,"column":8},"end":{"line":47,"column":9}}],"line":45},"7":{"loc":{"start":{"line":57,"column":33},"end":{"line":57,"column":92}},"type":"binary-expr","locations":[{"start":{"line":57,"column":34},"end":{"line":57,"column":53}},{"start":{"line":57,"column":59},"end":{"line":57,"column":91}}],"line":57},"8":{"loc":{"start":{"line":58,"column":12},"end":{"line":60,"column":13}},"type":"if","locations":[{"start":{"line":58,"column":12},"end":{"line":60,"column":13}},{"start":{"line":58,"column":12},"end":{"line":60,"column":13}}],"line":58},"9":{"loc":{"start":{"line":58,"column":16},"end":{"line":58,"column":47}},"type":"binary-expr","locations":[{"start":{"line":58,"column":16},"end":{"line":58,"column":28}},{"start":{"line":58,"column":32},"end":{"line":58,"column":47}}],"line":58},"10":{"loc":{"start":{"line":66,"column":27},"end":{"line":66,"column":85}},"type":"cond-expr","locations":[{"start":{"line":66,"column":43},"end":{"line":66,"column":63}},{"start":{"line":66,"column":66},"end":{"line":66,"column":85}}],"line":66},"11":{"loc":{"start":{"line":67,"column":8},"end":{"line":70,"column":9}},"type":"if","locations":[{"start":{"line":67,"column":8},"end":{"line":70,"column":9}},{"start":{"line":67,"column":8},"end":{"line":70,"column":9}}],"line":67},"12":{"loc":{"start":{"line":77,"column":19},"end":{"line":77,"column":79}},"type":"cond-expr","locations":[{"start":{"line":77,"column":35},"end":{"line":77,"column":55}},{"start":{"line":77,"column":58},"end":{"line":77,"column":79}}],"line":77},"13":{"loc":{"start":{"line":81,"column":18},"end":{"line":81,"column":48}},"type":"cond-expr","locations":[{"start":{"line":81,"column":34},"end":{"line":81,"column":42}},{"start":{"line":81,"column":45},"end":{"line":81,"column":48}}],"line":81},"14":{"loc":{"start":{"line":87,"column":19},"end":{"line":87,"column":95}},"type":"cond-expr","locations":[{"start":{"line":87,"column":35},"end":{"line":87,"column":64}},{"start":{"line":87,"column":67},"end":{"line":87,"column":95}}],"line":87},"15":{"loc":{"start":{"line":97,"column":8},"end":{"line":100,"column":9}},"type":"if","locations":[{"start":{"line":97,"column":8},"end":{"line":100,"column":9}},{"start":{"line":97,"column":8},"end":{"line":100,"column":9}}],"line":97}},"s":{"0":1,"1":1,"2":1,"3":1,"4":1,"5":1,"6":1,"7":1,"8":1,"9":1,"10":3,"11":3,"12":3,"13":3,"14":3,"15":3,"16":3,"17":3,"18":3,"19":18,"20":18,"21":18,"22":18,"23":18,"24":0,"25":18,"26":3,"27":3,"28":3,"29":3,"30":3,"31":0,"32":3,"33":12,"34":3,"35":3,"36":3,"37":3,"38":12,"39":12,"40":12,"41":0,"42":3,"43":3,"44":3,"45":3,"46":3,"47":0,"48":12,"49":12,"50":12,"51":12,"52":12,"53":12,"54":3,"55":0,"56":0,"57":0,"58":0,"59":1},"f":{"0":1,"1":1,"2":3,"3":3,"4":18,"5":3,"6":12,"7":3,"8":12,"9":3,"10":12,"11":3,"12":0},"b":{"0":[1,1,1],"1":[1,0],"2":[1,1],"3":[6,12],"4":[6,12],"5":[18,0],"6":[0,3],"7":[12,12],"8":[12,0],"9":[12,9],"10":[1,2],"11":[3,0],"12":[4,8],"13":[4,8],"14":[4,8],"15":[0,0]},"inputSourceMap":{"version":3,"file":"C:/Users/ad/Desktop/slider/src/view/elements/scale/Scale.ts","sources":["C:/Users/ad/Desktop/slider/src/view/elements/scale/Scale.ts"],"names":[],"mappings":";;;;;AACA,0EAAkD;AAIlD,MAAM,KAAK;IAaT,YAAY,MAA2B;QACrC,IAAI,CAAC,OAAO,GAAG,MAAM,CAAC;QACtB,IAAI,CAAC,QAAQ,GAAG,KAAK,CAAC;QACtB,IAAI,CAAC,QAAQ,GAAG,IAAI,kBAAQ,EAAE,CAAC;QAC/B,IAAI,CAAC,MAAM,GAAG,MAAM,CAAC,OAAO,EAAE,EAAE,KAAK,EAAE,oBAAoB,EAAE,CAAC,CAAC,QAAQ,CAAC,IAAI,CAAC,OAAO,CAAC,CAAC;QACtF,IAAI,CAAC,QAAQ,GAAG,EAAE,CAAC;QACnB,IAAI,CAAC,SAAS,GAAG,EAAE,CAAC;IACtB,CAAC;IAEM,IAAI,CAAC,QAAuB,EAAE,QAAiB;QACpD,IAAI,CAAC,QAAQ,GAAG,QAAQ,CAAC;QACzB,IAAI,CAAC,QAAQ,GAAG,QAAQ,CAAC;QACzB,IAAI,CAAC,MAAM,CAAC,KAAK,EAAE,CAAC;QACpB,IAAI,CAAC,SAAS,GAAG,IAAI,CAAC,SAAS,EAAE,CAAC;QAClC,IAAI,CAAC,SAAS,EAAE,CAAC;QACjB,IAAI,CAAC,kBAAkB,EAAE,CAAC;IAC5B,CAAC;IAEO,SAAS;QACf,MAAM,QAAQ,GAAa,EAAE,CAAC;QAC9B,MAAM,cAAc,GAAG,CAAC,GAAG,IAAI,CAAC,QAAQ,CAAC,KAAK,CAAC,CAAC,EAAE,CAAC,CAAC,EAAE,GAAG,IAAI,CAAC,QAAQ,CAAC,KAAK,CAAC,CAAC,CAAC,CAAC,CAAC,CAAC;QAClF,cAAc,CAAC,OAAO,CAAC,CAAC,IAAI,EAAE,EAAE;YAC9B,MAAM,SAAS,GAAG,MAAM,CAAC,OAAO,EAAE,EAAE,IAAI,EAAE,IAAI,CAAC,KAAK,EAAE,CAAC,CAAC,QAAQ,CAAC,IAAI,CAAC,MAAM,CAAC,CAAC;YAC9E,SAAS,CAAC,GAAG,CAAC,IAAI,CAAC,QAAQ,CAAC,CAAC,CAAC,QAAQ,CAAC,CAAC,CAAC,OAAO,EAAE,aAAa,CAAC,CAAC;YACjE,MAAM,SAAS,GAAG,IAAI,CAAC,QAAQ,CAAC,CAAC,CAAC,CAAC,CAAC,SAAS,CAAC,CAAC,MAAM,EAAE,CAAC,CAAC,CAAC,CAAC,CAAC,SAAS,CAAC,CAAC,KAAK,EAAE,CAAC;YAC/E,IAAI,SAAS,KAAK,SAAS,EAAE;gBAC3B,QAAQ,CAAC,IAAI,CAAC,SAAS,CAAC,CAAC;aAC1B;iBAAM;gBACL,MAAM,IAAI,KAAK,CAAC,qBAAqB,CAAC,CAAC;aACxC;YACD,SAAS,CAAC,MAAM,EAAE,CAAC;QACrB,CAAC,CAAC,CAAC;QACH,OAAO,IAAI,CAAC,GAAG,CAAC,KAAK,CAAC,IAAI,EAAE,QAAQ,CAAC,CAAC;IACxC,CAAC;IAEO,SAAS;QACf,MAAM,QAAQ,GAAG,IAAI,CAAC,eAAe,EAAE,CAAC;QACxC,MAAM,gBAAgB,GAAG,MAAM,CAAC,QAAQ,CAAC,QAAQ,CAAC,MAAM,GAAG,CAAC,CAAC,CAAC,QAAQ,CAAC,CAAC;QACxE,MAAM,oBAAoB,GAAG,MAAM,CAAC,QAAQ,CAAC,QAAQ,CAAC,MAAM,GAAG,CAAC,CAAC,CAAC,QAAQ,CAAC,CAAC;QAC5E,IAAI,IAAI,CAAC,GAAG,CAAC,oBAAoB,GAAG,gBAAgB,CAAC,GAAG,IAAI,CAAC,SAAS,EAAE;YACtE,QAAQ,CAAC,MAAM,CAAC,CAAC,QAAQ,CAAC,MAAM,GAAG,CAAC,CAAC,EAAE,CAAC,CAAC,CAAC;SAC3C;QACD,QAAQ,CAAC,OAAO,CAAC,CAAC,IAAI,EAAE,EAAE;YACxB,IAAI,CAAC,OAAO,CAAC,IAAI,CAAC,CAAC;QACrB,CAAC,CAAC,CAAC;IACL,CAAC;IAEO,eAAe;QACrB,MAAM,aAAa,GAAG,IAAI,CAAC,iBAAiB,EAAE,CAAC;QAC/C,MAAM,SAAS,GAAG,IAAI,CAAC,KAAK,CAAC,IAAI,CAAC,QAAQ,CAAC,MAAM,GAAG,aAAa,CAAC,CAAC;QACnE,MAAM,eAAe,GAAG,IAAI,CAAC,QAAQ,CAAC,MAAM,GAAG,aAAa,CAAC;QAC7D,MAAM,QAAQ,GAAkB,IAAI,CAAC,QAAQ,CAAC,MAAM,CAAC,CAAC,IAAI,EAAE,CAAC,EAAE,EAAE;YAC/D,MAAM,YAAY,GAAG,CAAC,CAAC,GAAG,SAAS,KAAK,CAAC,CAAC,IAAI,CAAC,CAAC,KAAK,CAAC,IAAI,CAAC,QAAQ,CAAC,MAAM,GAAG,CAAC,CAAC,CAAC,CAAC;YACjF,IAAI,YAAY,IAAI,eAAe,EAAE;gBACnC,OAAO,IAAI,CAAC;aACb;YAAC,OAAO,KAAK,CAAC;QACjB,CAAC,CAAC,CAAC;QACH,OAAO,QAAQ,CAAC;IAClB,CAAC;IAEO,iBAAiB;QACvB,MAAM,UAAU,GAAG,IAAI,CAAC,QAAQ,CAAC,CAAC,CAAC,IAAI,CAAC,MAAM,CAAC,MAAM,EAAE,CAAC,CAAC,CAAC,IAAI,CAAC,MAAM,CAAC,KAAK,EAAE,CAAC;QAC9E,IAAI,UAAU,KAAK,SAAS,EAAE;YAC5B,MAAM,UAAU,GAAG,UAAU,GAAG,CAAC,IAAI,CAAC,SAAS,GAAG,CAAC,CAAC,CAAC;YACrD,OAAO,IAAI,CAAC,KAAK,CAAC,UAAU,CAAC,CAAC;SAC/B;QACD,MAAM,IAAI,KAAK,CAAC,mBAAmB,CAAC,CAAC;IACvC,CAAC;IAEO,OAAO,CAAC,IAAiB;QAC/B,MAAM,QAAQ,GAAG,IAAI,CAAC,QAAQ,GAAG,IAAI,CAAC,SAAS,GAAG,CAAC,CAAC;QACpD,MAAM,SAAS,GAAG,MAAM,CAAC,OAAO,EAAE;YAChC,KAAK,EAAE,yBAAyB;YAChC,KAAK,EAAE,IAAI,CAAC,QAAQ,CAAC,CAAC,CAAC,QAAQ,QAAQ,IAAI,CAAC,CAAC,CAAC,SAAS,QAAQ,IAAI;SACpE,CAAC,CAAC;QACH,MAAM,CAAC,OAAO,EAAE;YACd,KAAK,EAAE,mBAAmB;YAC1B,IAAI,EAAE,IAAI,CAAC,QAAQ,CAAC,CAAC,CAAC,QAAQ,CAAC,CAAC,CAAC,GAAG;SACrC,CAAC,CAAC,QAAQ,CAAC,SAAS,CAAC,CAAC;QACvB,MAAM,CAAC,OAAO,EAAE;YACd,KAAK,EAAE,0CAA0C;YACjD,YAAY,EAAE,IAAI,CAAC,KAAK;YACxB,IAAI,EAAE,IAAI,CAAC,KAAK;YAChB,KAAK,EAAE,IAAI,CAAC,QAAQ,CAAC,CAAC,CAAC,WAAW,IAAI,CAAC,SAAS,IAAI,CAAC,CAAC,CAAC,UAAU,IAAI,CAAC,SAAS,IAAI;SACpF,CAAC,CAAC,QAAQ,CAAC,SAAS,CAAC,CAAC;QACvB,SAAS,CAAC,QAAQ,CAAC,IAAI,CAAC,MAAM,CAAC,CAAC;QAChC,OAAO,SAAS,CAAC;IACnB,CAAC;IAEO,kBAAkB;QACxB,CAAC,CAAC,IAAI,CAAC,MAAM,CAAC,CAAC,EAAE,CAAC,kBAAkB,EAAE,IAAI,CAAC,mBAAmB,CAAC,IAAI,CAAC,IAAI,CAAC,CAAC,CAAC;IAC7E,CAAC;IAEO,mBAAmB,CAAC,KAAY;QACtC,MAAM,EAAE,QAAQ,EAAE,GAAG,IAAI,CAAC;QAC1B,IAAuB,KAAK,CAAC,MAAO,CAAC,OAAO,CAAC,KAAK,EAAE;YAClD,MAAM,YAAY,GAAG,MAAM,CAAoB,KAAK,CAAC,MAAO,CAAC,OAAO,CAAC,KAAK,CAAC,CAAC;YAC5E,QAAQ,CAAC,MAAM,CAAC,OAAO,EAAE,YAAY,CAAC,CAAC;SACxC;IACH,CAAC;CACF;AAED,kBAAe,KAAK,CAAC","sourcesContent":["import { IParameters } from '../../../interfaces/interfaces';\r\nimport Observer from '../../../observer/Observer';\r\nimport IObserver from '../../../observer/interface';\r\nimport IScale from './interface';\r\n\r\nclass Scale implements IScale {\r\n  public observer: IObserver;\r\n\r\n  public $slider: JQuery<HTMLElement>;\r\n\r\n  public $scale: JQuery<HTMLElement>;\r\n\r\n  private stepsArr: IParameters[];\r\n\r\n  private itemWidth: number;\r\n\r\n  private vertical: boolean;\r\n\r\n  constructor(slider: JQuery<HTMLElement>) {\r\n    this.$slider = slider;\r\n    this.vertical = false;\r\n    this.observer = new Observer();\r\n    this.$scale = jQuery('<div>', { class: 'meta-slider__scale' }).appendTo(this.$slider);\r\n    this.stepsArr = [];\r\n    this.itemWidth = 20;\r\n  }\r\n\r\n  public init(stepsArr: IParameters[], vertical: boolean): void {\r\n    this.vertical = vertical;\r\n    this.stepsArr = stepsArr;\r\n    this.$scale.empty();\r\n    this.itemWidth = this.takeWidth();\r\n    this.addValues();\r\n    this.bindEventListeners();\r\n  }\r\n\r\n  private takeWidth(): number {\r\n    const widthArr: number[] = [];\r\n    const randomItemsArr = [...this.stepsArr.slice(0, 3), ...this.stepsArr.slice(-3)];\r\n    randomItemsArr.forEach((item) => {\r\n      const scaleItem = jQuery('<div>', { text: item.value }).appendTo(this.$scale);\r\n      scaleItem.css(this.vertical ? 'height' : 'width', 'min-content');\r\n      const itemWidth = this.vertical ? $(scaleItem).height() : $(scaleItem).width();\r\n      if (itemWidth !== undefined) {\r\n        widthArr.push(itemWidth);\r\n      } else {\r\n        throw new Error('wrong width of item');\r\n      }\r\n      scaleItem.remove();\r\n    });\r\n    return Math.max.apply(null, widthArr);\r\n  }\r\n\r\n  private addValues(): void {\r\n    const scaleArr = this.correctScaleArr();\r\n    const lastItemPosition = Number(scaleArr[scaleArr.length - 1].position);\r\n    const prevLastItemPosition = Number(scaleArr[scaleArr.length - 2].position);\r\n    if (Math.abs(prevLastItemPosition - lastItemPosition) < this.itemWidth) {\r\n      scaleArr.splice((scaleArr.length - 2), 1);\r\n    }\r\n    scaleArr.forEach((item) => {\r\n      this.addItem(item);\r\n    });\r\n  }\r\n\r\n  private correctScaleArr(): IParameters[] {\r\n    const maxStepsCount = this.takeMaxStepsCount();\r\n    const scaleStep = Math.round(this.stepsArr.length / maxStepsCount);\r\n    const isStepsArrSmall = this.stepsArr.length < maxStepsCount;\r\n    const scaleArr: IParameters[] = this.stepsArr.filter((item, i) => {\r\n      const isLineInStep = (i % scaleStep === 0) || (i === (this.stepsArr.length - 1));\r\n      if (isLineInStep || isStepsArrSmall) {\r\n        return item;\r\n      } return false;\r\n    });\r\n    return scaleArr;\r\n  }\r\n\r\n  private takeMaxStepsCount(): number {\r\n    const scaleWidth = this.vertical ? this.$scale.height() : this.$scale.width();\r\n    if (scaleWidth !== undefined) {\r\n      const stepsCount = scaleWidth / (this.itemWidth + 4);\r\n      return Math.floor(stepsCount);\r\n    }\r\n    throw new Error('wrong scale width');\r\n  }\r\n\r\n  private addItem(item: IParameters): JQuery<HTMLElement> {\r\n    const position = item.position - this.itemWidth / 2;\r\n    const scaleItem = jQuery('<div>', {\r\n      class: 'meta-slider__scale-item',\r\n      style: this.vertical ? `top: ${position}px` : `left: ${position}px`,\r\n    });\r\n    jQuery('<div>', {\r\n      class: 'meta-slider__line',\r\n      text: this.vertical ? '\\u2014' : '|',\r\n    }).appendTo(scaleItem);\r\n    jQuery('<div>', {\r\n      class: 'meta-slider__value js-meta-slider__value',\r\n      'data-value': item.value,\r\n      text: item.value,\r\n      style: this.vertical ? `height: ${this.itemWidth}px` : `width: ${this.itemWidth}px`,\r\n    }).appendTo(scaleItem);\r\n    scaleItem.appendTo(this.$scale);\r\n    return scaleItem;\r\n  }\r\n\r\n  private bindEventListeners(): void {\r\n    $(this.$scale).on('click touchstart', this.sendScaleClickValue.bind(this));\r\n  }\r\n\r\n  private sendScaleClickValue(event: Event): void {\r\n    const { observer } = this;\r\n    if ((<HTMLInputElement>event.target).dataset.value) {\r\n      const currentValue = Number((<HTMLInputElement>event.target).dataset.value);\r\n      observer.notify('click', currentValue);\r\n    }\r\n  }\r\n}\r\n\r\nexport default Scale;\r\n"]},"_coverageSchema":"1a1c01bbd47fc00a2c39e90264f33305004495a9","hash":"95120298644b1a770c7f6758a8c7462562d111c5"},"C:\\Users\\ad\\Desktop\\slider\\src\\view\\elements\\tip\\Tip.ts":{"path":"C:\\Users\\ad\\Desktop\\slider\\src\\view\\elements\\tip\\Tip.ts","statementMap":{"0":{"start":{"line":2,"column":0},"end":{"line":2,"column":62}},"1":{"start":{"line":5,"column":8},"end":{"line":5,"column":30}},"2":{"start":{"line":6,"column":8},"end":{"line":6,"column":24}},"3":{"start":{"line":7,"column":8},"end":{"line":7,"column":67}},"4":{"start":{"line":10,"column":24},"end":{"line":10,"column":28}},"5":{"start":{"line":11,"column":8},"end":{"line":11,"column":56}},"6":{"start":{"line":12,"column":8},"end":{"line":12,"column":24}},"7":{"start":{"line":13,"column":8},"end":{"line":20,"column":9}},"8":{"start":{"line":14,"column":29},"end":{"line":14,"column":70}},"9":{"start":{"line":15,"column":12},"end":{"line":19,"column":15}},"10":{"start":{"line":16,"column":34},"end":{"line":16,"column":54}},"11":{"start":{"line":17,"column":16},"end":{"line":17,"column":44}},"12":{"start":{"line":18,"column":16},"end":{"line":18,"column":46}},"13":{"start":{"line":23,"column":8},"end":{"line":25,"column":11}},"14":{"start":{"line":24,"column":12},"end":{"line":24,"column":52}},"15":{"start":{"line":28,"column":0},"end":{"line":28,"column":22}}},"fnMap":{"0":{"name":"(anonymous_0)","decl":{"start":{"line":4,"column":4},"end":{"line":4,"column":5}},"loc":{"start":{"line":4,"column":24},"end":{"line":8,"column":5}},"line":4},"1":{"name":"(anonymous_1)","decl":{"start":{"line":9,"column":4},"end":{"line":9,"column":5}},"loc":{"start":{"line":9,"column":21},"end":{"line":21,"column":5}},"line":9},"2":{"name":"(anonymous_2)","decl":{"start":{"line":15,"column":26},"end":{"line":15,"column":27}},"loc":{"start":{"line":15,"column":38},"end":{"line":19,"column":13}},"line":15},"3":{"name":"(anonymous_3)","decl":{"start":{"line":22,"column":4},"end":{"line":22,"column":5}},"loc":{"start":{"line":22,"column":27},"end":{"line":26,"column":5}},"line":22},"4":{"name":"(anonymous_4)","decl":{"start":{"line":23,"column":27},"end":{"line":23,"column":28}},"loc":{"start":{"line":23,"column":44},"end":{"line":25,"column":9}},"line":23}},"branchMap":{"0":{"loc":{"start":{"line":9,"column":9},"end":{"line":9,"column":19}},"type":"default-arg","locations":[{"start":{"line":9,"column":15},"end":{"line":9,"column":19}}],"line":9},"1":{"loc":{"start":{"line":13,"column":8},"end":{"line":20,"column":9}},"type":"if","locations":[{"start":{"line":13,"column":8},"end":{"line":20,"column":9}},{"start":{"line":13,"column":8},"end":{"line":20,"column":9}}],"line":13}},"s":{"0":1,"1":1,"2":1,"3":1,"4":6,"5":6,"6":6,"7":6,"8":3,"9":3,"10":5,"11":5,"12":5,"13":3,"14":3,"15":1},"f":{"0":1,"1":6,"2":5,"3":3,"4":3},"b":{"0":[0],"1":[3,3]},"inputSourceMap":{"version":3,"file":"C:/Users/ad/Desktop/slider/src/view/elements/tip/Tip.ts","sources":["C:/Users/ad/Desktop/slider/src/view/elements/tip/Tip.ts"],"names":[],"mappings":";;AAGA,MAAM,GAAG;IAOP,YAAY,MAA2B;QACrC,IAAI,CAAC,OAAO,GAAG,MAAM,CAAC;QACtB,IAAI,CAAC,KAAK,GAAG,EAAE,CAAC;QAChB,IAAI,CAAC,IAAI,GAAG,MAAM,CAAC,OAAO,EAAE,EAAE,KAAK,EAAE,kBAAkB,EAAE,CAAC,CAAC;IAC7D,CAAC;IAEM,IAAI,CAAC,MAAe,IAAI;QAC7B,MAAM,OAAO,GAAG,IAAI,CAAC;QACrB,IAAI,CAAC,OAAO,CAAC,IAAI,CAAC,mBAAmB,CAAC,CAAC,MAAM,EAAE,CAAC;QAChD,IAAI,CAAC,KAAK,GAAG,EAAE,CAAC;QAChB,IAAI,GAAG,EAAE;YACP,MAAM,QAAQ,GAAG,IAAI,CAAC,OAAO,CAAC,IAAI,CAAC,sBAAsB,CAAC,CAAC;YAC3D,QAAQ,CAAC,IAAI,CAAC;gBACZ,MAAM,SAAS,GAAG,OAAO,CAAC,IAAI,CAAC,KAAK,EAAE,CAAC;gBACvC,SAAS,CAAC,QAAQ,CAAC,CAAC,CAAC,IAAI,CAAC,CAAC,CAAC;gBAC5B,OAAO,CAAC,KAAK,CAAC,IAAI,CAAC,SAAS,CAAC,CAAC;YAChC,CAAC,CAAC,CAAC;SACJ;IACH,CAAC;IAEM,UAAU,CAAC,UAAyB;QACzC,IAAI,CAAC,KAAK,CAAC,OAAO,CAAC,CAAC,IAAI,EAAE,KAAK,EAAE,EAAE;YACjC,IAAI,CAAC,IAAI,CAAC,GAAG,UAAU,CAAC,KAAK,CAAC,CAAC,KAAK,EAAE,CAAC,CAAC;QAC1C,CAAC,CAAC,CAAC;IACL,CAAC;CACF;AAED,kBAAe,GAAG,CAAC","sourcesContent":["import { IParameters } from '../../../interfaces/interfaces';\r\nimport ITip from './interface';\r\n\r\nclass Tip implements ITip {\r\n  readonly $slider: JQuery<HTMLElement>;\r\n\r\n  readonly $tip: JQuery<HTMLElement>;\r\n\r\n  private $tips: JQuery<HTMLElement>[];\r\n\r\n  constructor(slider: JQuery<HTMLElement>) {\r\n    this.$slider = slider;\r\n    this.$tips = [];\r\n    this.$tip = jQuery('<div>', { class: 'meta-slider__tip' });\r\n  }\r\n\r\n  public init(tip: boolean = true): void {\r\n    const element = this;\r\n    this.$slider.find('.meta-slider__tip').remove();\r\n    this.$tips = [];\r\n    if (tip) {\r\n      const $handles = this.$slider.find('.meta-slider__handle');\r\n      $handles.each(function () {\r\n        const $tipClone = element.$tip.clone();\r\n        $tipClone.appendTo($(this));\r\n        element.$tips.push($tipClone);\r\n      });\r\n    }\r\n  }\r\n\r\n  public changeTips(parameters: IParameters[]): void {\r\n    this.$tips.forEach((item, index) => {\r\n      item.html(`${parameters[index].value}`);\r\n    });\r\n  }\r\n}\r\n\r\nexport default Tip;\r\n"]},"_coverageSchema":"1a1c01bbd47fc00a2c39e90264f33305004495a9","hash":"04a64eedd3f3257c0411a241ab6dd16844783a9b"}}