{"C:\\Users\\ad\\Desktop\\slider\\src\\controller\\Controller.ts":{"path":"C:\\Users\\ad\\Desktop\\slider\\src\\controller\\Controller.ts","statementMap":{"0":{"start":{"line":2,"column":22},"end":{"line":4,"column":1}},"1":{"start":{"line":3,"column":4},"end":{"line":3,"column":62}},"2":{"start":{"line":5,"column":0},"end":{"line":5,"column":62}},"3":{"start":{"line":6,"column":15},"end":{"line":6,"column":55}},"4":{"start":{"line":7,"column":16},"end":{"line":7,"column":58}},"5":{"start":{"line":10,"column":8},"end":{"line":10,"column":31}},"6":{"start":{"line":11,"column":8},"end":{"line":11,"column":26}},"7":{"start":{"line":12,"column":8},"end":{"line":12,"column":84}},"8":{"start":{"line":13,"column":8},"end":{"line":13,"column":66}},"9":{"start":{"line":14,"column":43},"end":{"line":14,"column":73}},"10":{"start":{"line":15,"column":8},"end":{"line":15,"column":79}},"11":{"start":{"line":16,"column":8},"end":{"line":16,"column":20}},"12":{"start":{"line":19,"column":8},"end":{"line":19,"column":28}},"13":{"start":{"line":20,"column":8},"end":{"line":20,"column":97}},"14":{"start":{"line":21,"column":8},"end":{"line":21,"column":92}},"15":{"start":{"line":22,"column":8},"end":{"line":22,"column":95}},"16":{"start":{"line":23,"column":8},"end":{"line":23,"column":52}},"17":{"start":{"line":24,"column":8},"end":{"line":24,"column":99}},"18":{"start":{"line":25,"column":8},"end":{"line":25,"column":107}},"19":{"start":{"line":28,"column":25},"end":{"line":28,"column":49}},"20":{"start":{"line":29,"column":8},"end":{"line":29,"column":38}},"21":{"start":{"line":30,"column":26},"end":{"line":30,"column":48}},"22":{"start":{"line":31,"column":8},"end":{"line":31,"column":47}},"23":{"start":{"line":32,"column":24},"end":{"line":32,"column":46}},"24":{"start":{"line":33,"column":8},"end":{"line":33,"column":32}},"25":{"start":{"line":34,"column":27},"end":{"line":34,"column":53}},"26":{"start":{"line":35,"column":8},"end":{"line":35,"column":44}},"27":{"start":{"line":38,"column":27},"end":{"line":38,"column":66}},"28":{"start":{"line":39,"column":8},"end":{"line":41,"column":9}},"29":{"start":{"line":40,"column":12},"end":{"line":40,"column":48}},"30":{"start":{"line":44,"column":8},"end":{"line":44,"column":43}},"31":{"start":{"line":45,"column":28},"end":{"line":45,"column":50}},"32":{"start":{"line":46,"column":8},"end":{"line":46,"column":58}},"33":{"start":{"line":47,"column":8},"end":{"line":47,"column":54}},"34":{"start":{"line":48,"column":8},"end":{"line":48,"column":60}},"35":{"start":{"line":51,"column":27},"end":{"line":51,"column":64}},"36":{"start":{"line":52,"column":8},"end":{"line":54,"column":9}},"37":{"start":{"line":53,"column":12},"end":{"line":53,"column":48}},"38":{"start":{"line":57,"column":28},"end":{"line":57,"column":50}},"39":{"start":{"line":58,"column":26},"end":{"line":58,"column":60}},"40":{"start":{"line":59,"column":8},"end":{"line":59,"column":40}},"41":{"start":{"line":60,"column":20},"end":{"line":60,"column":43}},"42":{"start":{"line":61,"column":8},"end":{"line":106,"column":9}},"43":{"start":{"line":65,"column":16},"end":{"line":65,"column":43}},"44":{"start":{"line":66,"column":16},"end":{"line":66,"column":63}},"45":{"start":{"line":67,"column":16},"end":{"line":67,"column":62}},"46":{"start":{"line":68,"column":16},"end":{"line":68,"column":62}},"47":{"start":{"line":69,"column":16},"end":{"line":69,"column":64}},"48":{"start":{"line":70,"column":16},"end":{"line":70,"column":43}},"49":{"start":{"line":71,"column":16},"end":{"line":71,"column":69}},"50":{"start":{"line":72,"column":16},"end":{"line":72,"column":22}},"51":{"start":{"line":75,"column":16},"end":{"line":75,"column":43}},"52":{"start":{"line":76,"column":16},"end":{"line":76,"column":64}},"53":{"start":{"line":77,"column":16},"end":{"line":77,"column":60}},"54":{"start":{"line":78,"column":16},"end":{"line":78,"column":69}},"55":{"start":{"line":79,"column":16},"end":{"line":79,"column":22}},"56":{"start":{"line":81,"column":16},"end":{"line":81,"column":43}},"57":{"start":{"line":82,"column":16},"end":{"line":82,"column":66}},"58":{"start":{"line":83,"column":16},"end":{"line":83,"column":65}},"59":{"start":{"line":84,"column":16},"end":{"line":84,"column":50}},"60":{"start":{"line":85,"column":16},"end":{"line":85,"column":69}},"61":{"start":{"line":86,"column":16},"end":{"line":86,"column":22}},"62":{"start":{"line":88,"column":16},"end":{"line":88,"column":62}},"63":{"start":{"line":89,"column":16},"end":{"line":89,"column":50}},"64":{"start":{"line":90,"column":16},"end":{"line":90,"column":72}},"65":{"start":{"line":91,"column":16},"end":{"line":91,"column":22}},"66":{"start":{"line":93,"column":16},"end":{"line":93,"column":72}},"67":{"start":{"line":94,"column":16},"end":{"line":94,"column":47}},"68":{"start":{"line":95,"column":16},"end":{"line":95,"column":57}},"69":{"start":{"line":96,"column":51},"end":{"line":96,"column":81}},"70":{"start":{"line":97,"column":16},"end":{"line":97,"column":53}},"71":{"start":{"line":98,"column":16},"end":{"line":98,"column":53}},"72":{"start":{"line":99,"column":16},"end":{"line":99,"column":42}},"73":{"start":{"line":100,"column":16},"end":{"line":100,"column":36}},"74":{"start":{"line":101,"column":16},"end":{"line":101,"column":22}},"75":{"start":{"line":104,"column":16},"end":{"line":104,"column":53}},"76":{"start":{"line":109,"column":27},"end":{"line":109,"column":67}},"77":{"start":{"line":110,"column":8},"end":{"line":112,"column":9}},"78":{"start":{"line":111,"column":12},"end":{"line":111,"column":48}},"79":{"start":{"line":115,"column":0},"end":{"line":115,"column":29}}},"fnMap":{"0":{"name":"(anonymous_0)","decl":{"start":{"line":2,"column":56},"end":{"line":2,"column":57}},"loc":{"start":{"line":2,"column":71},"end":{"line":4,"column":1}},"line":2},"1":{"name":"(anonymous_1)","decl":{"start":{"line":9,"column":4},"end":{"line":9,"column":5}},"loc":{"start":{"line":9,"column":31},"end":{"line":17,"column":5}},"line":9},"2":{"name":"(anonymous_2)","decl":{"start":{"line":18,"column":4},"end":{"line":18,"column":5}},"loc":{"start":{"line":18,"column":11},"end":{"line":26,"column":5}},"line":18},"3":{"name":"(anonymous_3)","decl":{"start":{"line":27,"column":4},"end":{"line":27,"column":5}},"loc":{"start":{"line":27,"column":19},"end":{"line":36,"column":5}},"line":27},"4":{"name":"(anonymous_4)","decl":{"start":{"line":37,"column":4},"end":{"line":37,"column":5}},"loc":{"start":{"line":37,"column":24},"end":{"line":42,"column":5}},"line":37},"5":{"name":"(anonymous_5)","decl":{"start":{"line":43,"column":4},"end":{"line":43,"column":5}},"loc":{"start":{"line":43,"column":14},"end":{"line":49,"column":5}},"line":43},"6":{"name":"(anonymous_6)","decl":{"start":{"line":50,"column":4},"end":{"line":50,"column":5}},"loc":{"start":{"line":50,"column":24},"end":{"line":55,"column":5}},"line":50},"7":{"name":"(anonymous_7)","decl":{"start":{"line":56,"column":4},"end":{"line":56,"column":5}},"loc":{"start":{"line":56,"column":28},"end":{"line":107,"column":5}},"line":56},"8":{"name":"(anonymous_8)","decl":{"start":{"line":108,"column":4},"end":{"line":108,"column":5}},"loc":{"start":{"line":108,"column":36},"end":{"line":113,"column":5}},"line":108}},"branchMap":{"0":{"loc":{"start":{"line":2,"column":22},"end":{"line":4,"column":1}},"type":"binary-expr","locations":[{"start":{"line":2,"column":23},"end":{"line":2,"column":27}},{"start":{"line":2,"column":31},"end":{"line":2,"column":51}},{"start":{"line":2,"column":56},"end":{"line":4,"column":1}}],"line":2},"1":{"loc":{"start":{"line":3,"column":11},"end":{"line":3,"column":61}},"type":"cond-expr","locations":[{"start":{"line":3,"column":37},"end":{"line":3,"column":40}},{"start":{"line":3,"column":43},"end":{"line":3,"column":61}}],"line":3},"2":{"loc":{"start":{"line":3,"column":12},"end":{"line":3,"column":33}},"type":"binary-expr","locations":[{"start":{"line":3,"column":12},"end":{"line":3,"column":15}},{"start":{"line":3,"column":19},"end":{"line":3,"column":33}}],"line":3},"3":{"loc":{"start":{"line":12,"column":24},"end":{"line":12,"column":83}},"type":"cond-expr","locations":[{"start":{"line":12,"column":59},"end":{"line":12,"column":75}},{"start":{"line":12,"column":78},"end":{"line":12,"column":83}}],"line":12},"4":{"loc":{"start":{"line":39,"column":8},"end":{"line":41,"column":9}},"type":"if","locations":[{"start":{"line":39,"column":8},"end":{"line":41,"column":9}},{"start":{"line":39,"column":8},"end":{"line":41,"column":9}}],"line":39},"5":{"loc":{"start":{"line":52,"column":8},"end":{"line":54,"column":9}},"type":"if","locations":[{"start":{"line":52,"column":8},"end":{"line":54,"column":9}},{"start":{"line":52,"column":8},"end":{"line":54,"column":9}}],"line":52},"6":{"loc":{"start":{"line":61,"column":8},"end":{"line":106,"column":9}},"type":"switch","locations":[{"start":{"line":62,"column":12},"end":{"line":62,"column":23}},{"start":{"line":63,"column":12},"end":{"line":63,"column":23}},{"start":{"line":64,"column":12},"end":{"line":72,"column":22}},{"start":{"line":73,"column":12},"end":{"line":73,"column":24}},{"start":{"line":74,"column":12},"end":{"line":79,"column":22}},{"start":{"line":80,"column":12},"end":{"line":86,"column":22}},{"start":{"line":87,"column":12},"end":{"line":91,"column":22}},{"start":{"line":92,"column":12},"end":{"line":102,"column":13}},{"start":{"line":103,"column":12},"end":{"line":105,"column":13}}],"line":61},"7":{"loc":{"start":{"line":110,"column":8},"end":{"line":112,"column":9}},"type":"if","locations":[{"start":{"line":110,"column":8},"end":{"line":112,"column":9}},{"start":{"line":110,"column":8},"end":{"line":112,"column":9}}],"line":110}},"s":{"0":1,"1":2,"2":1,"3":1,"4":1,"5":2,"6":2,"7":2,"8":2,"9":2,"10":2,"11":2,"12":2,"13":2,"14":2,"15":2,"16":2,"17":2,"18":2,"19":2,"20":2,"21":2,"22":2,"23":2,"24":2,"25":2,"26":2,"27":0,"28":0,"29":0,"30":0,"31":0,"32":0,"33":0,"34":0,"35":0,"36":0,"37":0,"38":0,"39":0,"40":0,"41":0,"42":0,"43":0,"44":0,"45":0,"46":0,"47":0,"48":0,"49":0,"50":0,"51":0,"52":0,"53":0,"54":0,"55":0,"56":0,"57":0,"58":0,"59":0,"60":0,"61":0,"62":0,"63":0,"64":0,"65":0,"66":0,"67":0,"68":0,"69":0,"70":0,"71":0,"72":0,"73":0,"74":0,"75":0,"76":0,"77":0,"78":0,"79":1},"f":{"0":2,"1":2,"2":2,"3":2,"4":0,"5":0,"6":0,"7":0,"8":0},"b":{"0":[1,1,1],"1":[2,0],"2":[2,2],"3":[0,2],"4":[0,0],"5":[0,0],"6":[0,0,0,0,0,0,0,0,0],"7":[0,0]},"inputSourceMap":{"version":3,"file":"C:/Users/ad/Desktop/slider/src/controller/Controller.ts","sources":["C:/Users/ad/Desktop/slider/src/controller/Controller.ts"],"names":[],"mappings":";;;;;AACA,wDAAgC;AAEhC,2DAAmC;AAInC,MAAM,UAAU;IAWd,YAAY,IAAyB,EAAE,OAAiB;QACtD,IAAI,CAAC,OAAO,GAAG,OAAO,CAAC;QACvB,IAAI,CAAC,KAAK,GAAG,IAAI,CAAC;QAClB,IAAI,CAAC,QAAQ,GAAG,CAAC,OAAO,CAAC,QAAQ,KAAK,SAAS,CAAC,CAAC,CAAC,CAAC,OAAO,CAAC,QAAQ,CAAC,CAAC,CAAC,KAAK,CAAC;QAC5E,IAAI,CAAC,IAAI,GAAG,IAAI,cAAI,CAAC,IAAI,CAAC,KAAK,EAAE,IAAI,CAAC,QAAQ,CAAC,CAAC;QAChD,MAAM,EAAE,UAAU,EAAE,UAAU,EAAE,GAAG,IAAI,CAAC,IAAI,CAAC,kBAAkB,EAAE,CAAC;QAClE,IAAI,CAAC,KAAK,GAAG,IAAI,eAAK,CAAC,IAAI,CAAC,OAAO,EAAE,UAAU,EAAE,UAAU,CAAC,CAAC;QAC7D,IAAI,CAAC,IAAI,EAAE,CAAC;IACd,CAAC;IAEO,IAAI;QACV,IAAI,CAAC,YAAY,EAAE,CAAC;QACpB,IAAI,CAAC,IAAI,CAAC,QAAQ,CAAC,SAAS,CAAC,EAAE,GAAG,EAAE,WAAW,EAAE,QAAQ,EAAE,IAAI,CAAC,UAAU,CAAC,IAAI,CAAC,IAAI,CAAC,EAAE,CAAC,CAAC;QACzF,IAAI,CAAC,IAAI,CAAC,QAAQ,CAAC,SAAS,CAAC,EAAE,GAAG,EAAE,SAAS,EAAE,QAAQ,EAAE,IAAI,CAAC,OAAO,CAAC,IAAI,CAAC,IAAI,CAAC,EAAE,CAAC,CAAC;QACpF,IAAI,CAAC,IAAI,CAAC,QAAQ,CAAC,SAAS,CAAC,EAAE,GAAG,EAAE,OAAO,EAAE,QAAQ,EAAE,IAAI,CAAC,YAAY,CAAC,IAAI,CAAC,IAAI,CAAC,EAAE,CAAC,CAAC;QACvF,IAAI,CAAC,IAAI,CAAC,SAAS,CAAC,IAAI,CAAC,KAAK,CAAC,SAAS,EAAE,CAAC,CAAC;QAC5C,IAAI,CAAC,IAAI,CAAC,QAAQ,CAAC,SAAS,CAAC,EAAE,GAAG,EAAE,SAAS,EAAE,QAAQ,EAAE,IAAI,CAAC,cAAc,CAAC,IAAI,CAAC,IAAI,CAAC,EAAE,CAAC,CAAC;QAC3F,IAAI,CAAC,IAAI,CAAC,QAAQ,CAAC,SAAS,CAAC,EAAE,GAAG,EAAE,UAAU,EAAE,QAAQ,EAAE,IAAI,CAAC,qBAAqB,CAAC,IAAI,CAAC,IAAI,CAAC,EAAE,CAAC,CAAC;IACrG,CAAC;IAEO,YAAY;QAClB,MAAM,QAAQ,GAAG,IAAI,CAAC,KAAK,CAAC,WAAW,EAAE,CAAC;QAC1C,IAAI,CAAC,IAAI,CAAC,SAAS,CAAC,QAAQ,CAAC,CAAC;QAC9B,MAAM,EAAE,KAAK,EAAE,GAAG,IAAI,CAAC,KAAK,CAAC,SAAS,EAAE,CAAC;QACzC,IAAI,CAAC,IAAI,CAAC,qBAAqB,CAAC,KAAK,CAAC,CAAC;QACvC,MAAM,EAAE,GAAG,EAAE,GAAG,IAAI,CAAC,KAAK,CAAC,SAAS,EAAE,CAAC;QACvC,IAAI,CAAC,IAAI,CAAC,QAAQ,CAAC,GAAG,CAAC,CAAC;QACxB,MAAM,UAAU,GAAG,IAAI,CAAC,KAAK,CAAC,aAAa,EAAE,CAAC;QAC9C,IAAI,CAAC,IAAI,CAAC,aAAa,CAAC,UAAU,CAAC,CAAC;IACtC,CAAC;IAEO,UAAU,CAAC,OAAuB;QACxC,MAAM,UAAU,GAAG,IAAI,CAAC,KAAK,CAAC,mBAAmB,CAAC,OAAO,CAAC,CAAC;QAC3D,IAAI,OAAO,UAAU,KAAK,SAAS,EAAE;YACnC,IAAI,CAAC,IAAI,CAAC,aAAa,CAAC,UAAU,CAAC,CAAC;SACrC;IACH,CAAC;IAEO,OAAO;QACb,IAAI,CAAC,KAAK,CAAC,qBAAqB,EAAE,CAAC;QACnC,MAAM,WAAW,GAAG,IAAI,CAAC,KAAK,CAAC,SAAS,EAAE,CAAC;QAC3C,IAAI,CAAC,IAAI,CAAC,WAAW,CAAC,EAAE,IAAI,EAAE,WAAW,CAAC,IAAI,EAAE,CAAC,CAAC;QAClD,IAAI,CAAC,IAAI,CAAC,WAAW,CAAC,EAAE,EAAE,EAAE,WAAW,CAAC,EAAE,EAAE,CAAC,CAAC;QAC9C,IAAI,CAAC,IAAI,CAAC,aAAa,CAAC,IAAI,CAAC,KAAK,CAAC,aAAa,EAAE,CAAC,CAAC;IACtD,CAAC;IAEO,YAAY,CAAC,KAAa;QAChC,MAAM,UAAU,GAAG,IAAI,CAAC,KAAK,CAAC,mBAAmB,CAAC,KAAK,CAAC,CAAC;QACzD,IAAI,UAAU,EAAE;YACd,IAAI,CAAC,IAAI,CAAC,aAAa,CAAC,UAAU,CAAC,CAAC;SACrC;IACH,CAAC;IAEO,cAAc,CAAC,OAAkB;QACvC,MAAM,WAAW,GAAG,IAAI,CAAC,KAAK,CAAC,SAAS,EAAE,CAAC;QAC3C,MAAM,SAAS,GAAG,CAAC,CAAC,MAAM,CAAC,EAAE,EAAE,WAAW,EAAE,OAAO,CAAC,CAAC;QACrD,IAAI,CAAC,KAAK,CAAC,SAAS,CAAC,SAAS,CAAC,CAAC;QAChC,MAAM,GAAG,GAAG,MAAM,CAAC,IAAI,CAAC,OAAO,CAAC,CAAC,CAAC,CAAC,CAAC;QACpC,QAAQ,GAAG,EAAE;YACX,KAAK,KAAK,CAAC;YACX,KAAK,KAAK,CAAC;YACX,KAAK,MAAM;gBACT,IAAI,CAAC,KAAK,CAAC,aAAa,EAAE,CAAC;gBAC3B,IAAI,CAAC,IAAI,CAAC,SAAS,CAAC,IAAI,CAAC,KAAK,CAAC,YAAY,EAAE,CAAC,CAAC;gBAC/C,IAAI,CAAC,IAAI,CAAC,WAAW,CAAC,EAAE,GAAG,EAAE,SAAS,CAAC,GAAG,EAAE,CAAC,CAAC;gBAC9C,IAAI,CAAC,IAAI,CAAC,WAAW,CAAC,EAAE,GAAG,EAAE,SAAS,CAAC,GAAG,EAAE,CAAC,CAAC;gBAC9C,IAAI,CAAC,IAAI,CAAC,WAAW,CAAC,EAAE,IAAI,EAAE,SAAS,CAAC,IAAI,EAAE,CAAC,CAAC;gBAChD,IAAI,CAAC,KAAK,CAAC,aAAa,EAAE,CAAC;gBAC3B,IAAI,CAAC,IAAI,CAAC,aAAa,CAAC,IAAI,CAAC,KAAK,CAAC,cAAc,EAAE,CAAC,CAAC;gBACrD,MAAM;YACR,KAAK,MAAM,CAAC;YACZ,KAAK,IAAI;gBACP,IAAI,CAAC,KAAK,CAAC,aAAa,EAAE,CAAC;gBAC3B,IAAI,CAAC,IAAI,CAAC,WAAW,CAAC,EAAE,IAAI,EAAE,SAAS,CAAC,IAAI,EAAE,CAAC,CAAC;gBAChD,IAAI,CAAC,IAAI,CAAC,WAAW,CAAC,EAAE,EAAE,EAAE,SAAS,CAAC,EAAE,EAAE,CAAC,CAAC;gBAC5C,IAAI,CAAC,IAAI,CAAC,aAAa,CAAC,IAAI,CAAC,KAAK,CAAC,cAAc,EAAE,CAAC,CAAC;gBACrD,MAAM;YACR,KAAK,OAAO;gBACV,IAAI,CAAC,KAAK,CAAC,aAAa,EAAE,CAAC;gBAC3B,IAAI,CAAC,IAAI,CAAC,WAAW,CAAC,EAAE,KAAK,EAAE,SAAS,CAAC,KAAK,EAAE,CAAC,CAAC;gBAClD,IAAI,CAAC,IAAI,CAAC,qBAAqB,CAAC,SAAS,CAAC,KAAK,CAAC,CAAC;gBACjD,IAAI,CAAC,IAAI,CAAC,QAAQ,CAAC,SAAS,CAAC,GAAG,CAAC,CAAC;gBAClC,IAAI,CAAC,IAAI,CAAC,aAAa,CAAC,IAAI,CAAC,KAAK,CAAC,cAAc,EAAE,CAAC,CAAC;gBACrD,MAAM;YACR,KAAK,KAAK;gBACR,IAAI,CAAC,IAAI,CAAC,WAAW,CAAC,EAAE,GAAG,EAAE,SAAS,CAAC,GAAG,EAAE,CAAC,CAAC;gBAC9C,IAAI,CAAC,IAAI,CAAC,QAAQ,CAAC,SAAS,CAAC,GAAG,CAAC,CAAC;gBAClC,IAAI,CAAC,IAAI,CAAC,UAAU,CAAC,IAAI,CAAC,KAAK,CAAC,aAAa,EAAE,CAAC,MAAM,CAAC,CAAC;gBACxD,MAAM;YACR,KAAK,UAAU,CAAC,CAAC;gBACf,IAAI,CAAC,IAAI,CAAC,WAAW,CAAC,EAAE,QAAQ,EAAE,SAAS,CAAC,QAAQ,EAAE,CAAC,CAAC;gBACxD,IAAI,CAAC,QAAQ,GAAG,CAAC,IAAI,CAAC,QAAQ,CAAC;gBAC/B,IAAI,CAAC,IAAI,CAAC,eAAe,CAAC,IAAI,CAAC,QAAQ,CAAC,CAAC;gBACzC,MAAM,EAAE,UAAU,EAAE,UAAU,EAAE,GAAG,IAAI,CAAC,IAAI,CAAC,kBAAkB,EAAE,CAAC;gBAClE,IAAI,CAAC,KAAK,CAAC,aAAa,CAAC,UAAU,CAAC,CAAC;gBACrC,IAAI,CAAC,KAAK,CAAC,aAAa,CAAC,UAAU,CAAC,CAAC;gBACrC,IAAI,CAAC,KAAK,CAAC,YAAY,EAAE,CAAC;gBAC1B,IAAI,CAAC,YAAY,EAAE,CAAC;gBACpB,MAAM;aACP;YACD,OAAO,CAAC,CAAC;gBACP,MAAM,IAAI,KAAK,CAAC,mBAAmB,CAAC,CAAC;aACtC;SACF;IACH,CAAC;IAEO,qBAAqB,CAAC,QAAgB;QAC5C,MAAM,UAAU,GAAG,IAAI,CAAC,KAAK,CAAC,mBAAmB,CAAC,QAAQ,CAAC,CAAC;QAC5D,IAAI,UAAU,EAAE;YACd,IAAI,CAAC,IAAI,CAAC,aAAa,CAAC,UAAU,CAAC,CAAC;SACrC;IACH,CAAC;CACF;AAED,kBAAe,UAAU,CAAC","sourcesContent":["import { IOptions, ISettings, IEventPosition } from '../interfaces/interfaces';\r\nimport View from '../view/View';\r\nimport IView from '../view/interface';\r\nimport Model from '../model/Model';\r\nimport IModel from '../model/interface';\r\nimport IController from './interface';\r\n\r\nclass Controller implements IController {\r\n  readonly options: IOptions;\r\n\r\n  readonly $root: JQuery<HTMLElement>;\r\n\r\n  private vertical: boolean;\r\n\r\n  private model: IModel;\r\n\r\n  private view: IView;\r\n\r\n  constructor(root: JQuery<HTMLElement>, options: IOptions) {\r\n    this.options = options;\r\n    this.$root = root;\r\n    this.vertical = (options.vertical !== undefined) ? options.vertical : false;\r\n    this.view = new View(this.$root, this.vertical);\r\n    const { trackStart, trackWidth } = this.view.getTrackParameters();\r\n    this.model = new Model(this.options, trackStart, trackWidth);\r\n    this.init();\r\n  }\r\n\r\n  private init() {\r\n    this.initElements();\r\n    this.view.observer.subscribe({ key: 'mouseMove', observer: this.moveHandle.bind(this) });\r\n    this.view.observer.subscribe({ key: 'moveEnd', observer: this.moveEnd.bind(this) });\r\n    this.view.observer.subscribe({ key: 'click', observer: this.clickOnScale.bind(this) });\r\n    this.view.initPanel(this.model.getConfig());\r\n    this.view.observer.subscribe({ key: 'setting', observer: this.changeSettings.bind(this) });\r\n    this.view.observer.subscribe({ key: 'position', observer: this.changePositionByTrack.bind(this) });\r\n  }\r\n\r\n  private initElements() {\r\n    const stepsArr = this.model.getStepsArr();\r\n    this.view.initScale(stepsArr);\r\n    const { range } = this.model.getConfig();\r\n    this.view.correctHandlesByRange(range);\r\n    const { tip } = this.model.getConfig();\r\n    this.view.initTips(tip);\r\n    const parameters = this.model.getParameters();\r\n    this.view.setParameters(parameters);\r\n  }\r\n\r\n  private moveHandle(options: IEventPosition) {\r\n    const parameters = this.model.takeParamHandleMove(options);\r\n    if (typeof parameters !== 'boolean') {\r\n      this.view.setParameters(parameters);\r\n    }\r\n  }\r\n\r\n  private moveEnd() {\r\n    this.model.correctFromToByParams();\r\n    const modelConfig = this.model.getConfig();\r\n    this.view.setSettings({ from: modelConfig.from });\r\n    this.view.setSettings({ to: modelConfig.to });\r\n    this.view.setParameters(this.model.getParameters());\r\n  }\r\n\r\n  private clickOnScale(value: number) {\r\n    const parameters = this.model.takeParamScaleClick(value);\r\n    if (parameters) {\r\n      this.view.setParameters(parameters);\r\n    }\r\n  }\r\n\r\n  private changeSettings(setting: ISettings) {\r\n    const modelConfig = this.model.getConfig();\r\n    const newConfig = $.extend({}, modelConfig, setting);\r\n    this.model.setConfig(newConfig);\r\n    const key = Object.keys(setting)[0];\r\n    switch (key) {\r\n      case 'min':\r\n      case 'max':\r\n      case 'step':\r\n        this.model.correctMinMax();\r\n        this.view.initScale(this.model.initStepsArr());\r\n        this.view.setSettings({ min: newConfig.min });\r\n        this.view.setSettings({ max: newConfig.max });\r\n        this.view.setSettings({ step: newConfig.step });\r\n        this.model.correctFromTo();\r\n        this.view.setParameters(this.model.initParameters());\r\n        break;\r\n      case 'from':\r\n      case 'to':\r\n        this.model.correctFromTo();\r\n        this.view.setSettings({ from: newConfig.from });\r\n        this.view.setSettings({ to: newConfig.to });\r\n        this.view.setParameters(this.model.initParameters());\r\n        break;\r\n      case 'range':\r\n        this.model.correctFromTo();\r\n        this.view.setSettings({ range: newConfig.range });\r\n        this.view.correctHandlesByRange(newConfig.range);\r\n        this.view.initTips(newConfig.tip);\r\n        this.view.setParameters(this.model.initParameters());\r\n        break;\r\n      case 'tip':\r\n        this.view.setSettings({ tip: newConfig.tip });\r\n        this.view.initTips(newConfig.tip);\r\n        this.view.changeTips(this.model.getParameters().values);\r\n        break;\r\n      case 'vertical': {\r\n        this.view.setSettings({ vertical: newConfig.vertical });\r\n        this.vertical = !this.vertical;\r\n        this.view.changeDirection(this.vertical);\r\n        const { trackStart, trackWidth } = this.view.getTrackParameters();\r\n        this.model.setTrackStart(trackStart);\r\n        this.model.setTrackWidth(trackWidth);\r\n        this.model.initStepsArr();\r\n        this.initElements();\r\n        break;\r\n      }\r\n      default: {\r\n        throw new Error('undefined setting');\r\n      }\r\n    }\r\n  }\r\n\r\n  private changePositionByTrack(position: number) {\r\n    const parameters = this.model.takeParamTrackClick(position);\r\n    if (parameters) {\r\n      this.view.setParameters(parameters);\r\n    }\r\n  }\r\n}\r\n\r\nexport default Controller;\r\n"]},"_coverageSchema":"1a1c01bbd47fc00a2c39e90264f33305004495a9","hash":"498e8221a05760a318f67aa0b982677c1debb59a"},"C:\\Users\\ad\\Desktop\\slider\\src\\view\\View.ts":{"path":"C:\\Users\\ad\\Desktop\\slider\\src\\view\\View.ts","statementMap":{"0":{"start":{"line":2,"column":22},"end":{"line":4,"column":1}},"1":{"start":{"line":3,"column":4},"end":{"line":3,"column":62}},"2":{"start":{"line":5,"column":0},"end":{"line":5,"column":62}},"3":{"start":{"line":6,"column":16},"end":{"line":6,"column":58}},"4":{"start":{"line":7,"column":19},"end":{"line":7,"column":67}},"5":{"start":{"line":8,"column":0},"end":{"line":8,"column":25}},"6":{"start":{"line":9,"column":16},"end":{"line":9,"column":66}},"7":{"start":{"line":10,"column":16},"end":{"line":10,"column":66}},"8":{"start":{"line":11,"column":17},"end":{"line":11,"column":69}},"9":{"start":{"line":12,"column":19},"end":{"line":12,"column":75}},"10":{"start":{"line":13,"column":14},"end":{"line":13,"column":60}},"11":{"start":{"line":16,"column":8},"end":{"line":16,"column":26}},"12":{"start":{"line":17,"column":8},"end":{"line":17,"column":33}},"13":{"start":{"line":18,"column":8},"end":{"line":18,"column":49}},"14":{"start":{"line":19,"column":8},"end":{"line":19,"column":152}},"15":{"start":{"line":20,"column":8},"end":{"line":22,"column":108}},"16":{"start":{"line":23,"column":8},"end":{"line":23,"column":70}},"17":{"start":{"line":24,"column":8},"end":{"line":24,"column":108}},"18":{"start":{"line":25,"column":8},"end":{"line":25,"column":70}},"19":{"start":{"line":26,"column":8},"end":{"line":26,"column":94}},"20":{"start":{"line":27,"column":8},"end":{"line":27,"column":73}},"21":{"start":{"line":28,"column":8},"end":{"line":28,"column":99}},"22":{"start":{"line":29,"column":8},"end":{"line":29,"column":100}},"23":{"start":{"line":30,"column":8},"end":{"line":30,"column":52}},"24":{"start":{"line":31,"column":8},"end":{"line":31,"column":61}},"25":{"start":{"line":32,"column":8},"end":{"line":32,"column":58}},"26":{"start":{"line":33,"column":8},"end":{"line":33,"column":100}},"27":{"start":{"line":36,"column":8},"end":{"line":36,"column":47}},"28":{"start":{"line":39,"column":8},"end":{"line":39,"column":54}},"29":{"start":{"line":42,"column":8},"end":{"line":42,"column":50}},"30":{"start":{"line":45,"column":8},"end":{"line":45,"column":32}},"31":{"start":{"line":48,"column":8},"end":{"line":48,"column":37}},"32":{"start":{"line":51,"column":8},"end":{"line":51,"column":33}},"33":{"start":{"line":52,"column":8},"end":{"line":52,"column":41}},"34":{"start":{"line":53,"column":8},"end":{"line":53,"column":41}},"35":{"start":{"line":54,"column":8},"end":{"line":54,"column":43}},"36":{"start":{"line":55,"column":8},"end":{"line":55,"column":173}},"37":{"start":{"line":56,"column":8},"end":{"line":56,"column":162}},"38":{"start":{"line":59,"column":8},"end":{"line":59,"column":55}},"39":{"start":{"line":60,"column":8},"end":{"line":60,"column":48}},"40":{"start":{"line":61,"column":8},"end":{"line":61,"column":72}},"41":{"start":{"line":62,"column":8},"end":{"line":62,"column":49}},"42":{"start":{"line":65,"column":8},"end":{"line":65,"column":37}},"43":{"start":{"line":68,"column":8},"end":{"line":68,"column":37}},"44":{"start":{"line":71,"column":8},"end":{"line":71,"column":51}},"45":{"start":{"line":74,"column":8},"end":{"line":74,"column":52}},"46":{"start":{"line":77,"column":8},"end":{"line":77,"column":49}},"47":{"start":{"line":80,"column":8},"end":{"line":80,"column":51}},"48":{"start":{"line":83,"column":8},"end":{"line":83,"column":47}},"49":{"start":{"line":86,"column":0},"end":{"line":86,"column":23}}},"fnMap":{"0":{"name":"(anonymous_0)","decl":{"start":{"line":2,"column":56},"end":{"line":2,"column":57}},"loc":{"start":{"line":2,"column":71},"end":{"line":4,"column":1}},"line":2},"1":{"name":"(anonymous_1)","decl":{"start":{"line":15,"column":4},"end":{"line":15,"column":5}},"loc":{"start":{"line":15,"column":32},"end":{"line":34,"column":5}},"line":15},"2":{"name":"(anonymous_2)","decl":{"start":{"line":35,"column":4},"end":{"line":35,"column":5}},"loc":{"start":{"line":35,"column":25},"end":{"line":37,"column":5}},"line":35},"3":{"name":"(anonymous_3)","decl":{"start":{"line":38,"column":4},"end":{"line":38,"column":5}},"loc":{"start":{"line":38,"column":24},"end":{"line":40,"column":5}},"line":38},"4":{"name":"(anonymous_4)","decl":{"start":{"line":41,"column":4},"end":{"line":41,"column":5}},"loc":{"start":{"line":41,"column":33},"end":{"line":43,"column":5}},"line":41},"5":{"name":"(anonymous_5)","decl":{"start":{"line":44,"column":4},"end":{"line":44,"column":5}},"loc":{"start":{"line":44,"column":18},"end":{"line":46,"column":5}},"line":44},"6":{"name":"(anonymous_6)","decl":{"start":{"line":47,"column":4},"end":{"line":47,"column":5}},"loc":{"start":{"line":47,"column":23},"end":{"line":49,"column":5}},"line":47},"7":{"name":"(anonymous_7)","decl":{"start":{"line":50,"column":4},"end":{"line":50,"column":5}},"loc":{"start":{"line":50,"column":30},"end":{"line":57,"column":5}},"line":50},"8":{"name":"(anonymous_8)","decl":{"start":{"line":58,"column":4},"end":{"line":58,"column":5}},"loc":{"start":{"line":58,"column":30},"end":{"line":63,"column":5}},"line":58},"9":{"name":"(anonymous_9)","decl":{"start":{"line":64,"column":4},"end":{"line":64,"column":5}},"loc":{"start":{"line":64,"column":25},"end":{"line":66,"column":5}},"line":64},"10":{"name":"(anonymous_10)","decl":{"start":{"line":67,"column":4},"end":{"line":67,"column":5}},"loc":{"start":{"line":67,"column":22},"end":{"line":69,"column":5}},"line":67},"11":{"name":"(anonymous_11)","decl":{"start":{"line":70,"column":4},"end":{"line":70,"column":5}},"loc":{"start":{"line":70,"column":36},"end":{"line":72,"column":5}},"line":70},"12":{"name":"(anonymous_12)","decl":{"start":{"line":73,"column":4},"end":{"line":73,"column":5}},"loc":{"start":{"line":73,"column":29},"end":{"line":75,"column":5}},"line":73},"13":{"name":"(anonymous_13)","decl":{"start":{"line":76,"column":4},"end":{"line":76,"column":5}},"loc":{"start":{"line":76,"column":28},"end":{"line":78,"column":5}},"line":76},"14":{"name":"(anonymous_14)","decl":{"start":{"line":79,"column":4},"end":{"line":79,"column":5}},"loc":{"start":{"line":79,"column":23},"end":{"line":81,"column":5}},"line":79},"15":{"name":"(anonymous_15)","decl":{"start":{"line":82,"column":4},"end":{"line":82,"column":5}},"loc":{"start":{"line":82,"column":24},"end":{"line":84,"column":5}},"line":82}},"branchMap":{"0":{"loc":{"start":{"line":2,"column":22},"end":{"line":4,"column":1}},"type":"binary-expr","locations":[{"start":{"line":2,"column":23},"end":{"line":2,"column":27}},{"start":{"line":2,"column":31},"end":{"line":2,"column":51}},{"start":{"line":2,"column":56},"end":{"line":4,"column":1}}],"line":2},"1":{"loc":{"start":{"line":3,"column":11},"end":{"line":3,"column":61}},"type":"cond-expr","locations":[{"start":{"line":3,"column":37},"end":{"line":3,"column":40}},{"start":{"line":3,"column":43},"end":{"line":3,"column":61}}],"line":3},"2":{"loc":{"start":{"line":3,"column":12},"end":{"line":3,"column":33}},"type":"binary-expr","locations":[{"start":{"line":3,"column":12},"end":{"line":3,"column":15}},{"start":{"line":3,"column":19},"end":{"line":3,"column":33}}],"line":3},"3":{"loc":{"start":{"line":19,"column":77},"end":{"line":19,"column":150}},"type":"cond-expr","locations":[{"start":{"line":19,"column":93},"end":{"line":19,"column":119}},{"start":{"line":19,"column":122},"end":{"line":19,"column":150}}],"line":19},"4":{"loc":{"start":{"line":22,"column":41},"end":{"line":22,"column":106}},"type":"cond-expr","locations":[{"start":{"line":22,"column":57},"end":{"line":22,"column":79}},{"start":{"line":22,"column":82},"end":{"line":22,"column":106}}],"line":22},"5":{"loc":{"start":{"line":55,"column":55},"end":{"line":55,"column":96}},"type":"cond-expr","locations":[{"start":{"line":55,"column":71},"end":{"line":55,"column":83}},{"start":{"line":55,"column":86},"end":{"line":55,"column":96}}],"line":55},"6":{"loc":{"start":{"line":55,"column":128},"end":{"line":55,"column":169}},"type":"cond-expr","locations":[{"start":{"line":55,"column":144},"end":{"line":55,"column":154}},{"start":{"line":55,"column":157},"end":{"line":55,"column":169}}],"line":55},"7":{"loc":{"start":{"line":56,"column":48},"end":{"line":56,"column":89}},"type":"cond-expr","locations":[{"start":{"line":56,"column":64},"end":{"line":56,"column":76}},{"start":{"line":56,"column":79},"end":{"line":56,"column":89}}],"line":56},"8":{"loc":{"start":{"line":56,"column":117},"end":{"line":56,"column":158}},"type":"cond-expr","locations":[{"start":{"line":56,"column":133},"end":{"line":56,"column":143}},{"start":{"line":56,"column":146},"end":{"line":56,"column":158}}],"line":56}},"s":{"0":1,"1":7,"2":1,"3":1,"4":1,"5":1,"6":1,"7":1,"8":1,"9":1,"10":1,"11":4,"12":4,"13":4,"14":4,"15":4,"16":4,"17":4,"18":4,"19":4,"20":4,"21":4,"22":4,"23":4,"24":4,"25":4,"26":4,"27":3,"28":2,"29":2,"30":2,"31":0,"32":1,"33":1,"34":1,"35":1,"36":1,"37":1,"38":2,"39":2,"40":2,"41":2,"42":0,"43":2,"44":0,"45":0,"46":0,"47":0,"48":0,"49":1},"f":{"0":7,"1":4,"2":3,"3":2,"4":2,"5":2,"6":0,"7":1,"8":2,"9":0,"10":2,"11":0,"12":0,"13":0,"14":0,"15":0},"b":{"0":[1,1,1],"1":[7,0],"2":[7,7],"3":[2,2],"4":[2,2],"5":[0,1],"6":[0,1],"7":[0,1],"8":[0,1]},"inputSourceMap":{"version":3,"file":"C:/Users/ad/Desktop/slider/src/view/View.ts","sources":["C:/Users/ad/Desktop/slider/src/view/View.ts"],"names":[],"mappings":";;;;;AAGA,2DAAmC;AAEnC,oEAA4C;AAE5C,yBAAuB;AAEvB,mEAA2C;AAC3C,mEAA2C;AAC3C,sEAA8C;AAC9C,4EAAoD;AACpD,6DAAqC;AAOrC,MAAM,IAAI;IAuBR,YAAY,IAAyB,EAAE,QAAiB;QACtD,IAAI,CAAC,KAAK,GAAG,IAAI,CAAC;QAClB,IAAI,CAAC,QAAQ,GAAG,QAAQ,CAAC;QACzB,IAAI,CAAC,QAAQ,GAAG,IAAI,kBAAQ,EAAE,CAAC;QAC/B,IAAI,CAAC,UAAU,GAAG,IAAI,CAAC,KAAK,CAAC,OAAO,CAAC,qBAAqB,CAAC,CAAC,QAAQ,CAAC,IAAI,CAAC,QAAQ,CAAC,CAAC,CAAC,0BAA0B,CAAC,CAAC,CAAC,4BAA4B,CAAC,CAAC;QAChJ,IAAI,CAAC,OAAO,GAAG,MAAM,CAAC,OAAO,EAAE;YAC7B,KAAK,EAAE,aAAa;SACrB,CAAC,CAAC,QAAQ,CAAC,IAAI,CAAC,KAAK,CAAC,CAAC,QAAQ,CAAC,IAAI,CAAC,QAAQ,CAAC,CAAC,CAAC,sBAAsB,CAAC,CAAC,CAAC,wBAAwB,CAAC,CAAC;QACpG,IAAI,CAAC,KAAK,GAAG,IAAI,eAAK,CAAC,IAAI,CAAC,OAAO,EAAE,IAAI,CAAC,QAAQ,CAAC,CAAC;QACpD,IAAI,CAAC,KAAK,CAAC,QAAQ,CAAC,SAAS,CAAC,EAAE,GAAG,EAAE,UAAU,EAAE,QAAQ,EAAE,IAAI,CAAC,qBAAqB,CAAC,IAAI,CAAC,IAAI,CAAC,EAAE,CAAC,CAAC;QACpG,IAAI,CAAC,KAAK,GAAG,IAAI,eAAK,CAAC,IAAI,CAAC,OAAO,EAAE,IAAI,CAAC,QAAQ,CAAC,CAAC;QACpD,IAAI,CAAC,KAAK,CAAC,QAAQ,CAAC,SAAS,CAAC,EAAE,GAAG,EAAE,OAAO,EAAE,QAAQ,EAAE,IAAI,CAAC,UAAU,CAAC,IAAI,CAAC,IAAI,CAAC,EAAE,CAAC,CAAC;QACtF,IAAI,CAAC,OAAO,GAAG,IAAI,gBAAM,CAAC,IAAI,CAAC,OAAO,EAAE,IAAI,CAAC,QAAQ,CAAC,CAAC;QACvD,IAAI,CAAC,OAAO,CAAC,QAAQ,CAAC,SAAS,CAAC,EAAE,GAAG,EAAE,WAAW,EAAE,QAAQ,EAAE,IAAI,CAAC,SAAS,CAAC,IAAI,CAAC,IAAI,CAAC,EAAE,CAAC,CAAC;QAC3F,IAAI,CAAC,OAAO,CAAC,QAAQ,CAAC,SAAS,CAAC,EAAE,GAAG,EAAE,SAAS,EAAE,QAAQ,EAAE,IAAI,CAAC,YAAY,CAAC,IAAI,CAAC,IAAI,CAAC,EAAE,CAAC,CAAC;QAC5F,IAAI,CAAC,IAAI,GAAG,IAAI,aAAG,CAAC,IAAI,CAAC,OAAO,CAAC,CAAC;QAClC,IAAI,CAAC,QAAQ,GAAG,IAAI,kBAAQ,CAAC,IAAI,CAAC,OAAO,CAAC,CAAC;QAC3C,IAAI,CAAC,KAAK,GAAG,IAAI,eAAK,CAAC,IAAI,CAAC,UAAU,CAAC,CAAC;QACxC,IAAI,CAAC,KAAK,CAAC,QAAQ,CAAC,SAAS,CAAC,EAAE,GAAG,EAAE,SAAS,EAAE,QAAQ,EAAE,IAAI,CAAC,cAAc,CAAC,IAAI,CAAC,IAAI,CAAC,EAAE,CAAC,CAAC;IAC9F,CAAC;IAEM,kBAAkB;QACvB,OAAO,IAAI,CAAC,KAAK,CAAC,kBAAkB,EAAE,CAAC;IACzC,CAAC;IAEM,SAAS,CAAC,QAAqB;QACpC,IAAI,CAAC,KAAK,CAAC,SAAS,CAAC,QAAQ,EAAE,IAAI,CAAC,QAAQ,CAAC,CAAC;IAChD,CAAC;IAEM,qBAAqB,CAAC,KAAa;QACxC,IAAI,CAAC,OAAO,CAAC,qBAAqB,CAAC,KAAK,CAAC,CAAC;IAC5C,CAAC;IAEM,QAAQ,CAAC,GAAY;QAC1B,IAAI,CAAC,IAAI,CAAC,QAAQ,CAAC,GAAG,CAAC,CAAC;IAC1B,CAAC;IAEM,UAAU,CAAC,MAAgB;QAChC,IAAI,CAAC,IAAI,CAAC,UAAU,CAAC,MAAM,CAAC,CAAC;IAC/B,CAAC;IAEM,eAAe,CAAC,QAAiB;QACtC,IAAI,CAAC,QAAQ,GAAG,QAAQ,CAAC;QACzB,IAAI,CAAC,KAAK,CAAC,WAAW,CAAC,QAAQ,CAAC,CAAC;QACjC,IAAI,CAAC,KAAK,CAAC,WAAW,CAAC,QAAQ,CAAC,CAAC;QACjC,IAAI,CAAC,OAAO,CAAC,WAAW,CAAC,QAAQ,CAAC,CAAC;QACnC,IAAI,CAAC,UAAU,CAAC,WAAW,CAAC,mBAAmB,IAAI,CAAC,QAAQ,CAAC,CAAC,CAAC,YAAY,CAAC,CAAC,CAAC,UAAU,EAAE,CAAC,CAAC,QAAQ,CAAC,mBAAmB,IAAI,CAAC,QAAQ,CAAC,CAAC,CAAC,UAAU,CAAC,CAAC,CAAC,YAAY,EAAE,CAAC,CAAC;QACrK,IAAI,CAAC,OAAO,CAAC,WAAW,CAAC,eAAe,IAAI,CAAC,QAAQ,CAAC,CAAC,CAAC,YAAY,CAAC,CAAC,CAAC,UAAU,EAAE,CAAC,CAAC,QAAQ,CAAC,eAAe,IAAI,CAAC,QAAQ,CAAC,CAAC,CAAC,UAAU,CAAC,CAAC,CAAC,YAAY,EAAE,CAAC,CAAC;IAC5J,CAAC;IAEM,aAAa,CAAC,UAAuB;QAC1C,IAAI,CAAC,OAAO,CAAC,WAAW,CAAC,UAAU,CAAC,SAAS,CAAC,CAAC;QAC/C,IAAI,CAAC,IAAI,CAAC,UAAU,CAAC,UAAU,CAAC,MAAM,CAAC,CAAC;QACxC,IAAI,CAAC,QAAQ,CAAC,YAAY,CAAC,UAAU,CAAC,SAAS,EAAE,IAAI,CAAC,QAAQ,CAAC,CAAC;QAChE,IAAI,CAAC,KAAK,CAAC,UAAU,CAAC,UAAU,CAAC,MAAM,CAAC,CAAC;IAC3C,CAAC;IAEM,WAAW,CAAC,OAAkB;QACnC,IAAI,CAAC,KAAK,CAAC,QAAQ,CAAC,OAAO,CAAC,CAAC;IAC/B,CAAC;IAEM,SAAS,CAAC,MAAe;QAC9B,IAAI,CAAC,KAAK,CAAC,SAAS,CAAC,MAAM,CAAC,CAAC;IAC/B,CAAC;IAEO,qBAAqB,CAAC,QAAgB;QAC5C,IAAI,CAAC,QAAQ,CAAC,MAAM,CAAC,UAAU,EAAE,QAAQ,CAAC,CAAC;IAC7C,CAAC;IAEO,UAAU,CAAC,YAAoB;QACrC,IAAI,CAAC,QAAQ,CAAC,MAAM,CAAC,OAAO,EAAE,YAAY,CAAC,CAAC;IAC9C,CAAC;IAEO,cAAc,CAAC,OAAkB;QACvC,IAAI,CAAC,QAAQ,CAAC,MAAM,CAAC,SAAS,EAAE,OAAO,CAAC,CAAC;IAC3C,CAAC;IAEO,SAAS,CAAC,OAAuB;QACvC,IAAI,CAAC,QAAQ,CAAC,MAAM,CAAC,WAAW,EAAE,OAAO,CAAC,CAAC;IAC7C,CAAC;IAEO,YAAY,CAAC,KAAY;QAC/B,IAAI,CAAC,QAAQ,CAAC,MAAM,CAAC,SAAS,EAAE,KAAK,CAAC,CAAC;IACzC,CAAC;CACF;AAED,kBAAe,IAAI,CAAC","sourcesContent":["import {\r\n  IConfig, IEventPosition, IParameters, IStepsArr, ISettings, ITrackPosition,\r\n} from '../interfaces/interfaces';\r\nimport Panel from '../panel/Panel';\r\nimport IPanel from '../panel/interface';\r\nimport Observer from '../observer/Observer';\r\nimport IView from './interface';\r\nimport './slider.scss';\r\n\r\nimport Track from './elements/track/track';\r\nimport Scale from './elements/scale/scale';\r\nimport Handle from './elements/handle/handle';\r\nimport Interval from './elements/interval/interval';\r\nimport Tip from './elements/tip/tip';\r\nimport ITrack from './elements/track/interface';\r\nimport IScale from './elements/scale/interface';\r\nimport IHandle from './elements/handle/interface';\r\nimport IInterval from './elements/interval/interface';\r\nimport ITip from './elements/tip/interface';\r\n\r\nclass View implements IView {\r\n  public observer: Observer;\r\n\r\n  readonly $root: JQuery<HTMLElement>;\r\n\r\n  readonly $container: JQuery<HTMLElement>;\r\n\r\n  readonly $slider: JQuery<HTMLElement>;\r\n\r\n  private vertical: boolean;\r\n\r\n  private panel: IPanel;\r\n\r\n  private track: ITrack;\r\n\r\n  private scale: IScale;\r\n\r\n  private handles: IHandle;\r\n\r\n  private interval: IInterval;\r\n\r\n  private tips: ITip;\r\n\r\n  constructor(root: JQuery<HTMLElement>, vertical: boolean) {\r\n    this.$root = root;\r\n    this.vertical = vertical;\r\n    this.observer = new Observer();\r\n    this.$container = this.$root.closest('.js-body__container').addClass(this.vertical ? 'body__container_vertical' : 'body__container_horizontal');\r\n    this.$slider = jQuery('<div>', {\r\n      class: 'meta-slider',\r\n    }).appendTo(this.$root).addClass(this.vertical ? 'meta-slider_vertical' : 'meta-slider_horizontal');\r\n    this.track = new Track(this.$slider, this.vertical);\r\n    this.track.observer.subscribe({ key: 'position', observer: this.changePositionByTrack.bind(this) });\r\n    this.scale = new Scale(this.$slider, this.vertical);\r\n    this.scale.observer.subscribe({ key: 'click', observer: this.scaleClick.bind(this) });\r\n    this.handles = new Handle(this.$slider, this.vertical);\r\n    this.handles.observer.subscribe({ key: 'mouseMove', observer: this.mouseMove.bind(this) });\r\n    this.handles.observer.subscribe({ key: 'moveEnd', observer: this.mouseMoveEnd.bind(this) });\r\n    this.tips = new Tip(this.$slider);\r\n    this.interval = new Interval(this.$slider);\r\n    this.panel = new Panel(this.$container);\r\n    this.panel.observer.subscribe({ key: 'setting', observer: this.changeSettings.bind(this) });\r\n  }\r\n\r\n  public getTrackParameters(): ITrackPosition {\r\n    return this.track.getTrackParameters();\r\n  }\r\n\r\n  public initScale(stepsArr: IStepsArr[]): void {\r\n    this.scale.initScale(stepsArr, this.vertical);\r\n  }\r\n\r\n  public correctHandlesByRange(range:boolean): void {\r\n    this.handles.correctHandlesByRange(range);\r\n  }\r\n\r\n  public initTips(tip: boolean): void {\r\n    this.tips.initTips(tip);\r\n  }\r\n\r\n  public changeTips(values: number[]): void {\r\n    this.tips.changeTips(values);\r\n  }\r\n\r\n  public changeDirection(vertical: boolean): void {\r\n    this.vertical = vertical;\r\n    this.track.setVertical(vertical);\r\n    this.scale.setVertical(vertical);\r\n    this.handles.setVertical(vertical);\r\n    this.$container.removeClass(`body__container_${this.vertical ? 'horizontal' : 'vertical'}`).addClass(`body__container_${this.vertical ? 'vertical' : 'horizontal'}`);\r\n    this.$slider.removeClass(`meta-slider_${this.vertical ? 'horizontal' : 'vertical'}`).addClass(`meta-slider_${this.vertical ? 'vertical' : 'horizontal'}`);\r\n  }\r\n\r\n  public setParameters(parameters: IParameters): void {\r\n    this.handles.moveHandles(parameters.positions);\r\n    this.tips.changeTips(parameters.values);\r\n    this.interval.moveInterval(parameters.positions, this.vertical);\r\n    this.panel.initValues(parameters.values);\r\n  }\r\n\r\n  public setSettings(setting: ISettings): void {\r\n    this.panel.setValue(setting);\r\n  }\r\n\r\n  public initPanel(config: IConfig): void {\r\n    this.panel.initPanel(config);\r\n  }\r\n\r\n  private changePositionByTrack(position: number): void {\r\n    this.observer.notify('position', position);\r\n  }\r\n\r\n  private scaleClick(currentValue: number): void {\r\n    this.observer.notify('click', currentValue);\r\n  }\r\n\r\n  private changeSettings(setting: ISettings): void {\r\n    this.observer.notify('setting', setting);\r\n  }\r\n\r\n  private mouseMove(options: IEventPosition): void {\r\n    this.observer.notify('mouseMove', options);\r\n  }\r\n\r\n  private mouseMoveEnd(event: Event): void {\r\n    this.observer.notify('moveEnd', event);\r\n  }\r\n}\r\n\r\nexport default View;\r\n"]},"_coverageSchema":"1a1c01bbd47fc00a2c39e90264f33305004495a9","hash":"51ab212317b4b69849c8fa5084576c1517b5c791"},"C:\\Users\\ad\\Desktop\\slider\\src\\panel\\Panel.ts":{"path":"C:\\Users\\ad\\Desktop\\slider\\src\\panel\\Panel.ts","statementMap":{"0":{"start":{"line":2,"column":22},"end":{"line":4,"column":1}},"1":{"start":{"line":3,"column":4},"end":{"line":3,"column":62}},"2":{"start":{"line":5,"column":0},"end":{"line":5,"column":62}},"3":{"start":{"line":6,"column":19},"end":{"line":6,"column":67}},"4":{"start":{"line":7,"column":16},"end":{"line":7,"column":57}},"5":{"start":{"line":8,"column":0},"end":{"line":8,"column":24}},"6":{"start":{"line":11,"column":8},"end":{"line":11,"column":26}},"7":{"start":{"line":12,"column":8},"end":{"line":12,"column":49}},"8":{"start":{"line":13,"column":8},"end":{"line":13,"column":54}},"9":{"start":{"line":14,"column":8},"end":{"line":14,"column":57}},"10":{"start":{"line":15,"column":8},"end":{"line":15,"column":40}},"11":{"start":{"line":16,"column":8},"end":{"line":16,"column":48}},"12":{"start":{"line":17,"column":8},"end":{"line":17,"column":48}},"13":{"start":{"line":18,"column":8},"end":{"line":18,"column":50}},"14":{"start":{"line":19,"column":8},"end":{"line":19,"column":50}},"15":{"start":{"line":20,"column":8},"end":{"line":20,"column":46}},"16":{"start":{"line":21,"column":8},"end":{"line":21,"column":52}},"17":{"start":{"line":22,"column":8},"end":{"line":22,"column":34}},"18":{"start":{"line":25,"column":24},"end":{"line":25,"column":28}},"19":{"start":{"line":26,"column":8},"end":{"line":34,"column":11}},"20":{"start":{"line":27,"column":26},"end":{"line":27,"column":49}},"21":{"start":{"line":28,"column":28},"end":{"line":28,"column":30}},"22":{"start":{"line":29,"column":12},"end":{"line":33,"column":13}},"23":{"start":{"line":30,"column":16},"end":{"line":30,"column":38}},"24":{"start":{"line":31,"column":16},"end":{"line":31,"column":37}},"25":{"start":{"line":32,"column":16},"end":{"line":32,"column":43}},"26":{"start":{"line":37,"column":8},"end":{"line":54,"column":9}},"27":{"start":{"line":39,"column":28},"end":{"line":39,"column":47}},"28":{"start":{"line":40,"column":16},"end":{"line":40,"column":46}},"29":{"start":{"line":41,"column":16},"end":{"line":41,"column":46}},"30":{"start":{"line":42,"column":16},"end":{"line":42,"column":22}},"31":{"start":{"line":45,"column":16},"end":{"line":45,"column":46}},"32":{"start":{"line":46,"column":16},"end":{"line":46,"column":44}},"33":{"start":{"line":47,"column":16},"end":{"line":47,"column":52}},"34":{"start":{"line":48,"column":16},"end":{"line":48,"column":50}},"35":{"start":{"line":49,"column":16},"end":{"line":49,"column":22}},"36":{"start":{"line":52,"column":16},"end":{"line":52,"column":52}},"37":{"start":{"line":57,"column":20},"end":{"line":57,"column":43}},"38":{"start":{"line":58,"column":22},"end":{"line":58,"column":47}},"39":{"start":{"line":59,"column":22},"end":{"line":59,"column":48}},"40":{"start":{"line":60,"column":8},"end":{"line":60,"column":30}},"41":{"start":{"line":63,"column":8},"end":{"line":63,"column":21}},"42":{"start":{"line":66,"column":24},"end":{"line":66,"column":28}},"43":{"start":{"line":67,"column":23},"end":{"line":67,"column":32}},"44":{"start":{"line":68,"column":8},"end":{"line":73,"column":11}},"45":{"start":{"line":69,"column":26},"end":{"line":69,"column":54}},"46":{"start":{"line":70,"column":25},"end":{"line":70,"column":40}},"47":{"start":{"line":71,"column":12},"end":{"line":71,"column":105}},"48":{"start":{"line":72,"column":12},"end":{"line":72,"column":36}},"49":{"start":{"line":74,"column":8},"end":{"line":74,"column":22}},"50":{"start":{"line":77,"column":22},"end":{"line":77,"column":43}},"51":{"start":{"line":78,"column":8},"end":{"line":80,"column":9}},"52":{"start":{"line":79,"column":12},"end":{"line":79,"column":25}},"53":{"start":{"line":81,"column":8},"end":{"line":81,"column":41}},"54":{"start":{"line":84,"column":8},"end":{"line":84,"column":61}},"55":{"start":{"line":87,"column":8},"end":{"line":87,"column":35}},"56":{"start":{"line":88,"column":8},"end":{"line":88,"column":49}},"57":{"start":{"line":91,"column":20},"end":{"line":91,"column":39}},"58":{"start":{"line":92,"column":22},"end":{"line":92,"column":43}},"59":{"start":{"line":93,"column":22},"end":{"line":93,"column":79}},"60":{"start":{"line":94,"column":8},"end":{"line":127,"column":9}},"61":{"start":{"line":96,"column":16},"end":{"line":96,"column":47}},"62":{"start":{"line":97,"column":16},"end":{"line":97,"column":48}},"63":{"start":{"line":98,"column":16},"end":{"line":98,"column":48}},"64":{"start":{"line":99,"column":16},"end":{"line":99,"column":22}},"65":{"start":{"line":101,"column":16},"end":{"line":101,"column":47}},"66":{"start":{"line":102,"column":16},"end":{"line":102,"column":48}},"67":{"start":{"line":103,"column":16},"end":{"line":103,"column":93}},"68":{"start":{"line":104,"column":16},"end":{"line":104,"column":46}},"69":{"start":{"line":105,"column":16},"end":{"line":105,"column":22}},"70":{"start":{"line":107,"column":16},"end":{"line":107,"column":49}},"71":{"start":{"line":108,"column":16},"end":{"line":108,"column":47}},"72":{"start":{"line":109,"column":16},"end":{"line":109,"column":22}},"73":{"start":{"line":111,"column":16},"end":{"line":111,"column":46}},"74":{"start":{"line":112,"column":16},"end":{"line":112,"column":22}},"75":{"start":{"line":114,"column":16},"end":{"line":114,"column":48}},"76":{"start":{"line":115,"column":16},"end":{"line":115,"column":22}},"77":{"start":{"line":117,"column":28},"end":{"line":117,"column":76}},"78":{"start":{"line":118,"column":16},"end":{"line":118,"column":52}},"79":{"start":{"line":119,"column":16},"end":{"line":119,"column":46}},"80":{"start":{"line":120,"column":16},"end":{"line":120,"column":22}},"81":{"start":{"line":124,"column":16},"end":{"line":124,"column":22}},"82":{"start":{"line":126,"column":16},"end":{"line":126,"column":53}},"83":{"start":{"line":130,"column":0},"end":{"line":130,"column":24}}},"fnMap":{"0":{"name":"(anonymous_0)","decl":{"start":{"line":2,"column":56},"end":{"line":2,"column":57}},"loc":{"start":{"line":2,"column":71},"end":{"line":4,"column":1}},"line":2},"1":{"name":"(anonymous_1)","decl":{"start":{"line":10,"column":4},"end":{"line":10,"column":5}},"loc":{"start":{"line":10,"column":22},"end":{"line":23,"column":5}},"line":10},"2":{"name":"(anonymous_2)","decl":{"start":{"line":24,"column":4},"end":{"line":24,"column":5}},"loc":{"start":{"line":24,"column":22},"end":{"line":35,"column":5}},"line":24},"3":{"name":"(anonymous_3)","decl":{"start":{"line":26,"column":39},"end":{"line":26,"column":40}},"loc":{"start":{"line":26,"column":57},"end":{"line":34,"column":9}},"line":26},"4":{"name":"(anonymous_4)","decl":{"start":{"line":36,"column":4},"end":{"line":36,"column":5}},"loc":{"start":{"line":36,"column":23},"end":{"line":55,"column":5}},"line":36},"5":{"name":"(anonymous_5)","decl":{"start":{"line":56,"column":4},"end":{"line":56,"column":5}},"loc":{"start":{"line":56,"column":22},"end":{"line":61,"column":5}},"line":56},"6":{"name":"(anonymous_6)","decl":{"start":{"line":62,"column":4},"end":{"line":62,"column":5}},"loc":{"start":{"line":62,"column":35},"end":{"line":64,"column":5}},"line":62},"7":{"name":"(anonymous_7)","decl":{"start":{"line":65,"column":4},"end":{"line":65,"column":5}},"loc":{"start":{"line":65,"column":17},"end":{"line":75,"column":5}},"line":65},"8":{"name":"(anonymous_8)","decl":{"start":{"line":68,"column":50},"end":{"line":68,"column":51}},"loc":{"start":{"line":68,"column":62},"end":{"line":73,"column":9}},"line":68},"9":{"name":"(anonymous_9)","decl":{"start":{"line":76,"column":4},"end":{"line":76,"column":5}},"loc":{"start":{"line":76,"column":27},"end":{"line":82,"column":5}},"line":76},"10":{"name":"(anonymous_10)","decl":{"start":{"line":83,"column":4},"end":{"line":83,"column":5}},"loc":{"start":{"line":83,"column":25},"end":{"line":85,"column":5}},"line":83},"11":{"name":"(anonymous_11)","decl":{"start":{"line":86,"column":4},"end":{"line":86,"column":5}},"loc":{"start":{"line":86,"column":28},"end":{"line":89,"column":5}},"line":86},"12":{"name":"(anonymous_12)","decl":{"start":{"line":90,"column":4},"end":{"line":90,"column":5}},"loc":{"start":{"line":90,"column":22},"end":{"line":128,"column":5}},"line":90}},"branchMap":{"0":{"loc":{"start":{"line":2,"column":22},"end":{"line":4,"column":1}},"type":"binary-expr","locations":[{"start":{"line":2,"column":23},"end":{"line":2,"column":27}},{"start":{"line":2,"column":31},"end":{"line":2,"column":51}},{"start":{"line":2,"column":56},"end":{"line":4,"column":1}}],"line":2},"1":{"loc":{"start":{"line":3,"column":11},"end":{"line":3,"column":61}},"type":"cond-expr","locations":[{"start":{"line":3,"column":37},"end":{"line":3,"column":40}},{"start":{"line":3,"column":43},"end":{"line":3,"column":61}}],"line":3},"2":{"loc":{"start":{"line":3,"column":12},"end":{"line":3,"column":33}},"type":"binary-expr","locations":[{"start":{"line":3,"column":12},"end":{"line":3,"column":15}},{"start":{"line":3,"column":19},"end":{"line":3,"column":33}}],"line":3},"3":{"loc":{"start":{"line":29,"column":12},"end":{"line":33,"column":13}},"type":"if","locations":[{"start":{"line":29,"column":12},"end":{"line":33,"column":13}},{"start":{"line":29,"column":12},"end":{"line":33,"column":13}}],"line":29},"4":{"loc":{"start":{"line":37,"column":8},"end":{"line":54,"column":9}},"type":"switch","locations":[{"start":{"line":38,"column":12},"end":{"line":43,"column":13}},{"start":{"line":44,"column":12},"end":{"line":50,"column":13}},{"start":{"line":51,"column":12},"end":{"line":53,"column":13}}],"line":37},"5":{"loc":{"start":{"line":78,"column":8},"end":{"line":80,"column":9}},"type":"if","locations":[{"start":{"line":78,"column":8},"end":{"line":80,"column":9}},{"start":{"line":78,"column":8},"end":{"line":80,"column":9}}],"line":78},"6":{"loc":{"start":{"line":94,"column":8},"end":{"line":127,"column":9}},"type":"switch","locations":[{"start":{"line":95,"column":12},"end":{"line":99,"column":22}},{"start":{"line":100,"column":12},"end":{"line":105,"column":22}},{"start":{"line":106,"column":12},"end":{"line":109,"column":22}},{"start":{"line":110,"column":12},"end":{"line":112,"column":22}},{"start":{"line":113,"column":12},"end":{"line":115,"column":22}},{"start":{"line":116,"column":12},"end":{"line":121,"column":13}},{"start":{"line":122,"column":12},"end":{"line":122,"column":28}},{"start":{"line":123,"column":12},"end":{"line":124,"column":22}},{"start":{"line":125,"column":12},"end":{"line":126,"column":53}}],"line":94},"7":{"loc":{"start":{"line":103,"column":41},"end":{"line":103,"column":91}},"type":"cond-expr","locations":[{"start":{"line":103,"column":65},"end":{"line":103,"column":83}},{"start":{"line":103,"column":86},"end":{"line":103,"column":91}}],"line":103},"8":{"loc":{"start":{"line":117,"column":28},"end":{"line":117,"column":76}},"type":"cond-expr","locations":[{"start":{"line":117,"column":36},"end":{"line":117,"column":54}},{"start":{"line":117,"column":57},"end":{"line":117,"column":76}}],"line":117}},"s":{"0":1,"1":2,"2":1,"3":1,"4":1,"5":1,"6":7,"7":7,"8":7,"9":7,"10":7,"11":7,"12":7,"13":7,"14":7,"15":7,"16":7,"17":7,"18":5,"19":5,"20":40,"21":40,"22":40,"23":40,"24":40,"25":40,"26":3,"27":0,"28":0,"29":0,"30":0,"31":3,"32":3,"33":3,"34":3,"35":3,"36":0,"37":1,"38":1,"39":1,"40":1,"41":0,"42":7,"43":7,"44":7,"45":56,"46":56,"47":56,"48":56,"49":7,"50":43,"51":43,"52":43,"53":0,"54":7,"55":0,"56":0,"57":40,"58":40,"59":40,"60":40,"61":5,"62":5,"63":5,"64":5,"65":5,"66":5,"67":5,"68":5,"69":5,"70":5,"71":5,"72":5,"73":5,"74":5,"75":5,"76":5,"77":5,"78":5,"79":5,"80":5,"81":10,"82":0,"83":1},"f":{"0":2,"1":7,"2":5,"3":40,"4":3,"5":1,"6":0,"7":7,"8":56,"9":43,"10":7,"11":0,"12":40},"b":{"0":[1,1,1],"1":[2,0],"2":[2,2],"3":[40,0],"4":[0,3,0],"5":[43,0],"6":[5,5,5,5,5,5,5,10,0],"7":[3,2],"8":[5,0]},"inputSourceMap":{"version":3,"file":"C:/Users/ad/Desktop/slider/src/panel/Panel.ts","sources":["C:/Users/ad/Desktop/slider/src/panel/Panel.ts"],"names":[],"mappings":";;;;;AACA,oEAA4C;AAE5C,0DAAkC;AAGlC,wBAAsB;AAEtB,MAAM,KAAK;IAuBT,YAAY,IAAyB;QACnC,IAAI,CAAC,KAAK,GAAG,IAAI,CAAC;QAClB,IAAI,CAAC,QAAQ,GAAG,IAAI,kBAAQ,EAAE,CAAC;QAC/B,IAAI,CAAC,MAAM,GAAG,CAAC,CAAC,IAAI,CAAC,KAAK,CAAC,CAAC,IAAI,CAAC,WAAW,CAAC,CAAC;QAC9C,IAAI,CAAC,KAAK,GAAG,IAAI,CAAC,MAAM,CAAC,IAAI,CAAC,iBAAiB,CAAC,CAAC;QACjD,IAAI,CAAC,MAAM,GAAG,IAAI,CAAC,UAAU,EAAE,CAAC;QAChC,IAAI,CAAC,GAAG,GAAG,IAAI,CAAC,gBAAgB,CAAC,KAAK,CAAC,CAAC;QACxC,IAAI,CAAC,GAAG,GAAG,IAAI,CAAC,gBAAgB,CAAC,KAAK,CAAC,CAAC;QACxC,IAAI,CAAC,IAAI,GAAG,IAAI,CAAC,gBAAgB,CAAC,MAAM,CAAC,CAAC;QAC1C,IAAI,CAAC,IAAI,GAAG,IAAI,CAAC,gBAAgB,CAAC,MAAM,CAAC,CAAC;QAC1C,IAAI,CAAC,EAAE,GAAG,IAAI,CAAC,gBAAgB,CAAC,IAAI,CAAC,CAAC;QACtC,IAAI,CAAC,KAAK,GAAG,IAAI,CAAC,gBAAgB,CAAC,OAAO,CAAC,CAAC;QAC5C,IAAI,CAAC,kBAAkB,EAAE,CAAC;IAC5B,CAAC;IAEM,SAAS,CAAC,MAAe;QAC9B,MAAM,OAAO,GAAG,IAAI,CAAC;QACrB,MAAM,CAAC,OAAO,CAAC,MAAM,CAAC,CAAC,OAAO,CAAC,CAAC,CAAC,GAAG,EAAE,KAAK,CAAC,EAAE,EAAE;YAC9C,MAAM,KAAK,GAAG,OAAO,CAAC,MAAM,CAAC,GAAG,CAAC,GAAG,CAAC,CAAC;YACtC,MAAM,OAAO,GAAc,EAAE,CAAC;YAC9B,IAAI,KAAK,EAAE;gBACT,KAAK,CAAC,QAAQ,CAAC,KAAK,CAAC,CAAC;gBACtB,OAAO,CAAC,GAAG,CAAC,GAAG,KAAK,CAAC;gBACrB,IAAI,CAAC,YAAY,CAAC,OAAO,CAAC,CAAC;aAC5B;QACH,CAAC,CAAC,CAAC;IACL,CAAC;IAEM,UAAU,CAAC,MAAgB;QAChC,QAAQ,MAAM,CAAC,MAAM,EAAE;YACrB,KAAK,CAAC,CAAC,CAAC;gBACN,MAAM,GAAG,GAAG,IAAI,CAAC,GAAG,CAAC,QAAQ,EAAE,CAAC;gBAChC,IAAI,CAAC,IAAI,CAAC,QAAQ,CAAC,MAAM,CAAC,CAAC,CAAC,CAAC,CAAC;gBAC9B,IAAI,CAAC,IAAI,CAAC,OAAO,CAAC,KAAK,EAAE,GAAG,CAAC,CAAC;gBAC9B,MAAM;aACP;YACD,KAAK,CAAC,CAAC,CAAC;gBACN,IAAI,CAAC,IAAI,CAAC,QAAQ,CAAC,MAAM,CAAC,CAAC,CAAC,CAAC,CAAC;gBAC9B,IAAI,CAAC,EAAE,CAAC,QAAQ,CAAC,MAAM,CAAC,CAAC,CAAC,CAAC,CAAC;gBAC5B,IAAI,CAAC,IAAI,CAAC,OAAO,CAAC,KAAK,EAAE,MAAM,CAAC,CAAC,CAAC,CAAC,CAAC;gBACpC,IAAI,CAAC,EAAE,CAAC,OAAO,CAAC,KAAK,EAAE,MAAM,CAAC,CAAC,CAAC,CAAC,CAAC;gBAClC,MAAM;aACP;YACD,OAAO,CAAC,CAAC;gBACP,MAAM,IAAI,KAAK,CAAC,kBAAkB,CAAC,CAAC;aACrC;SACF;IACH,CAAC;IAEM,QAAQ,CAAC,OAAkB;QAChC,MAAM,GAAG,GAAG,MAAM,CAAC,IAAI,CAAC,OAAO,CAAC,CAAC,CAAC,CAAC,CAAC;QACpC,MAAM,KAAK,GAAG,MAAM,CAAC,MAAM,CAAC,OAAO,CAAC,CAAC,CAAC,CAAC,CAAC;QACxC,MAAM,KAAK,GAAG,IAAI,CAAC,gBAAgB,CAAC,GAAG,CAAC,CAAC;QACzC,KAAK,CAAC,QAAQ,CAAC,KAAK,CAAC,CAAC;IACxB,CAAC;IAED,MAAM,CAAC,qBAAqB;QAC1B,OAAO,KAAK,CAAC;IACf,CAAC;IAEO,UAAU;QAChB,MAAM,OAAO,GAAG,IAAI,CAAC;QACrB,MAAM,MAAM,GAAG,IAAI,GAAG,EAAiB,CAAC;QACxC,IAAI,CAAC,MAAM,CAAC,IAAI,CAAC,kBAAkB,CAAC,CAAC,IAAI,CAAC;YACxC,MAAM,KAAK,GAAG,IAAI,eAAK,CAAC,CAAC,CAAC,IAAI,CAAC,CAAC,CAAC;YACjC,MAAM,IAAI,GAAG,KAAK,CAAC,OAAO,EAAE,CAAC;YAC7B,KAAK,CAAC,QAAQ,CAAC,SAAS,CAAC,EAAE,GAAG,EAAE,SAAS,EAAE,QAAQ,EAAE,OAAO,CAAC,cAAc,CAAC,IAAI,CAAC,OAAO,CAAC,EAAE,CAAC,CAAC;YAC7F,MAAM,CAAC,GAAG,CAAC,IAAI,EAAE,KAAK,CAAC,CAAC;QAC1B,CAAC,CAAC,CAAC;QACH,OAAO,MAAM,CAAC;IAChB,CAAC;IAEO,gBAAgB,CAAC,IAAY;QACnC,MAAM,KAAK,GAAG,IAAI,CAAC,MAAM,CAAC,GAAG,CAAC,IAAI,CAAC,CAAC;QACpC,IAAI,KAAK,EAAE;YACT,OAAO,KAAK,CAAC;SACd;QAED,MAAM,IAAI,KAAK,CAAC,eAAe,CAAC,CAAC;IACnC,CAAC;IAEO,kBAAkB;QACxB,IAAI,CAAC,KAAK,CAAC,EAAE,CAAC,QAAQ,EAAE,KAAK,CAAC,qBAAqB,CAAC,CAAC;IACvD,CAAC;IAEO,cAAc,CAAC,OAAkB;QACvC,IAAI,CAAC,YAAY,CAAC,OAAO,CAAC,CAAC;QAC3B,IAAI,CAAC,QAAQ,CAAC,MAAM,CAAC,SAAS,EAAE,OAAO,CAAC,CAAC;IAC3C,CAAC;IAEO,YAAY,CAAC,GAAc;QACjC,MAAM,GAAG,GAAG,MAAM,CAAC,IAAI,CAAC,GAAG,CAAC,CAAC,CAAC,CAAC,CAAC;QAChC,MAAM,KAAK,GAAG,MAAM,CAAC,MAAM,CAAC,GAAG,CAAC,CAAC,CAAC,CAAC,CAAC;QACpC,MAAM,KAAK,GAAG,MAAM,CAAC,IAAI,CAAC,GAAG,CAAC,QAAQ,EAAE,CAAC,GAAG,MAAM,CAAC,IAAI,CAAC,GAAG,CAAC,QAAQ,EAAE,CAAC,CAAC;QACxE,QAAQ,GAAG,EAAE;YACX,KAAK,KAAK;gBACR,IAAI,CAAC,GAAG,CAAC,OAAO,CAAC,KAAK,EAAE,KAAK,CAAC,CAAC;gBAC/B,IAAI,CAAC,IAAI,CAAC,OAAO,CAAC,KAAK,EAAE,KAAK,CAAC,CAAC;gBAChC,IAAI,CAAC,IAAI,CAAC,OAAO,CAAC,KAAK,EAAE,KAAK,CAAC,CAAC;gBAChC,MAAM;YACR,KAAK,KAAK;gBACR,IAAI,CAAC,GAAG,CAAC,OAAO,CAAC,KAAK,EAAE,KAAK,CAAC,CAAC;gBAC/B,IAAI,CAAC,IAAI,CAAC,OAAO,CAAC,KAAK,EAAE,KAAK,CAAC,CAAC;gBAChC,IAAI,CAAC,IAAI,CAAC,OAAO,CAAC,KAAK,EAAE,IAAI,CAAC,KAAK,CAAC,QAAQ,EAAE,CAAC,CAAC,CAAC,IAAI,CAAC,EAAE,CAAC,QAAQ,EAAE,CAAC,CAAC,CAAC,KAAK,CAAC,CAAC;gBAC7E,IAAI,CAAC,EAAE,CAAC,OAAO,CAAC,KAAK,EAAE,KAAK,CAAC,CAAC;gBAC9B,MAAM;YACR,KAAK,MAAM;gBACT,IAAI,CAAC,IAAI,CAAC,OAAO,CAAC,MAAM,EAAE,KAAK,CAAC,CAAC;gBACjC,IAAI,CAAC,EAAE,CAAC,OAAO,CAAC,MAAM,EAAE,KAAK,CAAC,CAAC;gBAC/B,MAAM;YACR,KAAK,MAAM;gBACT,IAAI,CAAC,EAAE,CAAC,OAAO,CAAC,KAAK,EAAE,KAAK,CAAC,CAAC;gBAC9B,MAAM;YACR,KAAK,IAAI;gBACP,IAAI,CAAC,IAAI,CAAC,OAAO,CAAC,KAAK,EAAE,KAAK,CAAC,CAAC;gBAChC,MAAM;YACR,KAAK,OAAO,CAAC,CAAC;gBACZ,MAAM,GAAG,GAAG,KAAK,CAAC,CAAC,CAAC,IAAI,CAAC,EAAE,CAAC,QAAQ,EAAE,CAAC,CAAC,CAAC,IAAI,CAAC,GAAG,CAAC,QAAQ,EAAE,CAAC;gBAC7D,IAAI,CAAC,EAAE,CAAC,OAAO,CAAC,UAAU,EAAE,CAAC,KAAK,CAAC,CAAC;gBACpC,IAAI,CAAC,IAAI,CAAC,OAAO,CAAC,KAAK,EAAE,GAAG,CAAC,CAAC;gBAC9B,MAAM;aACP;YACD,KAAK,UAAU,CAAC;YAChB,KAAK,KAAK;gBACR,MAAM;YACR;gBACE,MAAM,IAAI,KAAK,CAAC,mBAAmB,CAAC,CAAC;SACxC;IACH,CAAC;CACF;AAED,kBAAe,KAAK,CAAC","sourcesContent":["import { IConfig, ISettings } from '../interfaces/interfaces';\r\nimport Observer from '../observer/Observer';\r\nimport IObserver from '../observer/interface';\r\nimport Input from './input/Input';\r\nimport IPanel from './interface';\r\n\r\nimport './panel.scss';\r\n\r\nclass Panel implements IPanel {\r\n  public inputs: Map<string, Input>;\r\n\r\n  public observer: IObserver;\r\n\r\n  readonly $root: JQuery<HTMLElement>;\r\n\r\n  readonly $panel: JQuery<HTMLElement>;\r\n\r\n  readonly $form: JQuery<HTMLElement>;\r\n\r\n  private from: Input;\r\n\r\n  private to: Input;\r\n\r\n  private range: Input;\r\n\r\n  private max: Input;\r\n\r\n  private min: Input;\r\n\r\n  private step: Input;\r\n\r\n  constructor(root: JQuery<HTMLElement>) {\r\n    this.$root = root;\r\n    this.observer = new Observer();\r\n    this.$panel = $(this.$root).find('.js-panel');\r\n    this.$form = this.$panel.find('.js-panel__form');\r\n    this.inputs = this.initInputs();\r\n    this.max = this.takeInputFromArr('max');\r\n    this.min = this.takeInputFromArr('min');\r\n    this.step = this.takeInputFromArr('step');\r\n    this.from = this.takeInputFromArr('from');\r\n    this.to = this.takeInputFromArr('to');\r\n    this.range = this.takeInputFromArr('range');\r\n    this.bindEventListeners();\r\n  }\r\n\r\n  public initPanel(config: IConfig): void {\r\n    const element = this;\r\n    Object.entries(config).forEach(([key, value]) => {\r\n      const input = element.inputs.get(key);\r\n      const setting: ISettings = {};\r\n      if (input) {\r\n        input.setValue(value);\r\n        setting[key] = value;\r\n        this.changeBounds(setting);\r\n      }\r\n    });\r\n  }\r\n\r\n  public initValues(values: number[]): void {\r\n    switch (values.length) {\r\n      case 1: {\r\n        const max = this.max.getValue();\r\n        this.from.setValue(values[0]);\r\n        this.from.setProp('max', max);\r\n        break;\r\n      }\r\n      case 2: {\r\n        this.from.setValue(values[0]);\r\n        this.to.setValue(values[1]);\r\n        this.from.setProp('max', values[1]);\r\n        this.to.setProp('min', values[0]);\r\n        break;\r\n      }\r\n      default: {\r\n        throw new Error('undefined values');\r\n      }\r\n    }\r\n  }\r\n\r\n  public setValue(setting: ISettings): void {\r\n    const key = Object.keys(setting)[0];\r\n    const value = Object.values(setting)[0];\r\n    const input = this.takeInputFromArr(key);\r\n    input.setValue(value);\r\n  }\r\n\r\n  static handlePanelFormSubmit(): boolean {\r\n    return false;\r\n  }\r\n\r\n  private initInputs(): Map<string, Input> {\r\n    const element = this;\r\n    const inputs = new Map<string, Input>();\r\n    this.$panel.find('.js-input__field').each(function () {\r\n      const input = new Input($(this));\r\n      const name = input.getName();\r\n      input.observer.subscribe({ key: 'setting', observer: element.changeSettings.bind(element) });\r\n      inputs.set(name, input);\r\n    });\r\n    return inputs;\r\n  }\r\n\r\n  private takeInputFromArr(name: string): Input {\r\n    const input = this.inputs.get(name);\r\n    if (input) {\r\n      return input;\r\n    }\r\n\r\n    throw new Error('no such input');\r\n  }\r\n\r\n  private bindEventListeners(): void {\r\n    this.$form.on('submit', Panel.handlePanelFormSubmit);\r\n  }\r\n\r\n  private changeSettings(setting: ISettings): void {\r\n    this.changeBounds(setting);\r\n    this.observer.notify('setting', setting);\r\n  }\r\n\r\n  private changeBounds(set: ISettings): void {\r\n    const key = Object.keys(set)[0];\r\n    const value = Object.values(set)[0];\r\n    const range = Number(this.max.getValue()) - Number(this.min.getValue());\r\n    switch (key) {\r\n      case 'min':\r\n        this.max.setProp('min', value);\r\n        this.step.setProp('max', range);\r\n        this.from.setProp('min', value);\r\n        break;\r\n      case 'max':\r\n        this.min.setProp('max', value);\r\n        this.step.setProp('max', range);\r\n        this.from.setProp('max', this.range.getValue() ? this.to.getValue() : value);\r\n        this.to.setProp('max', value);\r\n        break;\r\n      case 'step':\r\n        this.from.setProp('step', value);\r\n        this.to.setProp('step', value);\r\n        break;\r\n      case 'from':\r\n        this.to.setProp('min', value);\r\n        break;\r\n      case 'to':\r\n        this.from.setProp('max', value);\r\n        break;\r\n      case 'range': {\r\n        const max = value ? this.to.getValue() : this.max.getValue();\r\n        this.to.setProp('disabled', !value);\r\n        this.from.setProp('max', max);\r\n        break;\r\n      }\r\n      case 'vertical':\r\n      case 'tip':\r\n        break;\r\n      default:\r\n        throw new Error('undefined setting');\r\n    }\r\n  }\r\n}\r\n\r\nexport default Panel;\r\n"]},"_coverageSchema":"1a1c01bbd47fc00a2c39e90264f33305004495a9","hash":"6794e96f7360328f955c3b410db3a2ab1513f0d0"},"C:\\Users\\ad\\Desktop\\slider\\src\\observer\\Observer.ts":{"path":"C:\\Users\\ad\\Desktop\\slider\\src\\observer\\Observer.ts","statementMap":{"0":{"start":{"line":2,"column":0},"end":{"line":2,"column":62}},"1":{"start":{"line":5,"column":8},"end":{"line":5,"column":28}},"2":{"start":{"line":9,"column":8},"end":{"line":9,"column":32}},"3":{"start":{"line":12,"column":8},"end":{"line":16,"column":11}},"4":{"start":{"line":13,"column":12},"end":{"line":15,"column":13}},"5":{"start":{"line":14,"column":16},"end":{"line":14,"column":36}},"6":{"start":{"line":19,"column":0},"end":{"line":19,"column":27}}},"fnMap":{"0":{"name":"(anonymous_0)","decl":{"start":{"line":4,"column":4},"end":{"line":4,"column":5}},"loc":{"start":{"line":4,"column":18},"end":{"line":6,"column":5}},"line":4},"1":{"name":"(anonymous_1)","decl":{"start":{"line":8,"column":4},"end":{"line":8,"column":5}},"loc":{"start":{"line":8,"column":18},"end":{"line":10,"column":5}},"line":8},"2":{"name":"(anonymous_2)","decl":{"start":{"line":11,"column":4},"end":{"line":11,"column":5}},"loc":{"start":{"line":11,"column":22},"end":{"line":17,"column":5}},"line":11},"3":{"name":"(anonymous_3)","decl":{"start":{"line":12,"column":31},"end":{"line":12,"column":32}},"loc":{"start":{"line":12,"column":41},"end":{"line":16,"column":9}},"line":12}},"branchMap":{"0":{"loc":{"start":{"line":13,"column":12},"end":{"line":15,"column":13}},"type":"if","locations":[{"start":{"line":13,"column":12},"end":{"line":15,"column":13}},{"start":{"line":13,"column":12},"end":{"line":15,"column":13}}],"line":13}},"s":{"0":1,"1":91,"2":88,"3":0,"4":0,"5":0,"6":1},"f":{"0":91,"1":88,"2":0,"3":0},"b":{"0":[0,0]},"inputSourceMap":{"version":3,"file":"C:/Users/ad/Desktop/slider/src/observer/Observer.ts","sources":["C:/Users/ad/Desktop/slider/src/observer/Observer.ts"],"names":[],"mappings":";;AAEA,MAAM,QAAQ;IAGZ;QACE,IAAI,CAAC,SAAS,GAAG,EAAE,CAAC;IACtB,CAAC;IAED,wCAAwC;IACjC,SAAS,CAAC,EAAkD;QACjE,IAAI,CAAC,SAAS,CAAC,IAAI,CAAC,EAAE,CAAC,CAAC;IAC1B,CAAC;IAEM,MAAM,CAAC,GAAW,EAAE,IAAS;QAClC,IAAI,CAAC,SAAS,CAAC,OAAO,CAAC,CAAC,IAAI,EAAE,EAAE;YAC9B,IAAI,IAAI,CAAC,GAAG,KAAK,GAAG,EAAE;gBACpB,IAAI,CAAC,QAAQ,CAAC,IAAI,CAAC,CAAC;aACrB;QACH,CAAC,CAAC,CAAC;IACL,CAAC;CACF;AAED,kBAAe,QAAQ,CAAC","sourcesContent":["import IObserver from './interface';\r\n\r\nclass Observer implements IObserver {\r\n  public observers: { key: string, observer: (data: any) => void }[];\r\n\r\n  constructor() {\r\n    this.observers = [];\r\n  }\r\n\r\n  // use type any, cause any can subscribe\r\n  public subscribe(fn: { key: string, observer: (data: any) => void }): void {\r\n    this.observers.push(fn);\r\n  }\r\n\r\n  public notify(key: string, data: any): void {\r\n    this.observers.forEach((item) => {\r\n      if (item.key === key) {\r\n        item.observer(data);\r\n      }\r\n    });\r\n  }\r\n}\r\n\r\nexport default Observer;\r\n"]},"_coverageSchema":"1a1c01bbd47fc00a2c39e90264f33305004495a9","hash":"871e3b3c30b616f9d8b4ca2a42ec34e6b551e556"},"C:\\Users\\ad\\Desktop\\slider\\src\\panel\\input\\Input.ts":{"path":"C:\\Users\\ad\\Desktop\\slider\\src\\panel\\input\\Input.ts","statementMap":{"0":{"start":{"line":2,"column":22},"end":{"line":4,"column":1}},"1":{"start":{"line":3,"column":4},"end":{"line":3,"column":62}},"2":{"start":{"line":5,"column":0},"end":{"line":5,"column":62}},"3":{"start":{"line":6,"column":19},"end":{"line":6,"column":70}},"4":{"start":{"line":7,"column":0},"end":{"line":7,"column":24}},"5":{"start":{"line":10,"column":8},"end":{"line":10,"column":31}},"6":{"start":{"line":11,"column":8},"end":{"line":11,"column":49}},"7":{"start":{"line":12,"column":8},"end":{"line":12,"column":46}},"8":{"start":{"line":13,"column":8},"end":{"line":13,"column":46}},"9":{"start":{"line":14,"column":8},"end":{"line":14,"column":98}},"10":{"start":{"line":15,"column":8},"end":{"line":15,"column":34}},"11":{"start":{"line":18,"column":8},"end":{"line":18,"column":25}},"12":{"start":{"line":21,"column":26},"end":{"line":21,"column":30}},"13":{"start":{"line":22,"column":8},"end":{"line":24,"column":9}},"14":{"start":{"line":23,"column":12},"end":{"line":23,"column":26}},"15":{"start":{"line":25,"column":8},"end":{"line":25,"column":21}},"16":{"start":{"line":28,"column":8},"end":{"line":28,"column":27}},"17":{"start":{"line":29,"column":8},"end":{"line":34,"column":9}},"18":{"start":{"line":30,"column":12},"end":{"line":30,"column":36}},"19":{"start":{"line":33,"column":12},"end":{"line":33,"column":48}},"20":{"start":{"line":37,"column":8},"end":{"line":37,"column":39}},"21":{"start":{"line":40,"column":8},"end":{"line":40,"column":83}},"22":{"start":{"line":43,"column":8},"end":{"line":52,"column":9}},"23":{"start":{"line":45,"column":16},"end":{"line":45,"column":56}},"24":{"start":{"line":46,"column":16},"end":{"line":46,"column":22}},"25":{"start":{"line":48,"column":16},"end":{"line":48,"column":50}},"26":{"start":{"line":49,"column":16},"end":{"line":49,"column":22}},"27":{"start":{"line":51,"column":16},"end":{"line":51,"column":22}},"28":{"start":{"line":53,"column":24},"end":{"line":53,"column":26}},"29":{"start":{"line":54,"column":8},"end":{"line":54,"column":40}},"30":{"start":{"line":55,"column":8},"end":{"line":55,"column":49}},"31":{"start":{"line":58,"column":0},"end":{"line":58,"column":24}}},"fnMap":{"0":{"name":"(anonymous_0)","decl":{"start":{"line":2,"column":56},"end":{"line":2,"column":57}},"loc":{"start":{"line":2,"column":71},"end":{"line":4,"column":1}},"line":2},"1":{"name":"(anonymous_1)","decl":{"start":{"line":9,"column":4},"end":{"line":9,"column":5}},"loc":{"start":{"line":9,"column":25},"end":{"line":16,"column":5}},"line":9},"2":{"name":"(anonymous_2)","decl":{"start":{"line":17,"column":4},"end":{"line":17,"column":5}},"loc":{"start":{"line":17,"column":14},"end":{"line":19,"column":5}},"line":17},"3":{"name":"(anonymous_3)","decl":{"start":{"line":20,"column":4},"end":{"line":20,"column":5}},"loc":{"start":{"line":20,"column":15},"end":{"line":26,"column":5}},"line":20},"4":{"name":"(anonymous_4)","decl":{"start":{"line":27,"column":4},"end":{"line":27,"column":5}},"loc":{"start":{"line":27,"column":20},"end":{"line":35,"column":5}},"line":27},"5":{"name":"(anonymous_5)","decl":{"start":{"line":36,"column":4},"end":{"line":36,"column":5}},"loc":{"start":{"line":36,"column":25},"end":{"line":38,"column":5}},"line":36},"6":{"name":"(anonymous_6)","decl":{"start":{"line":39,"column":4},"end":{"line":39,"column":5}},"loc":{"start":{"line":39,"column":25},"end":{"line":41,"column":5}},"line":39},"7":{"name":"(anonymous_7)","decl":{"start":{"line":42,"column":4},"end":{"line":42,"column":5}},"loc":{"start":{"line":42,"column":34},"end":{"line":56,"column":5}},"line":42}},"branchMap":{"0":{"loc":{"start":{"line":2,"column":22},"end":{"line":4,"column":1}},"type":"binary-expr","locations":[{"start":{"line":2,"column":23},"end":{"line":2,"column":27}},{"start":{"line":2,"column":31},"end":{"line":2,"column":51}},{"start":{"line":2,"column":56},"end":{"line":4,"column":1}}],"line":2},"1":{"loc":{"start":{"line":3,"column":11},"end":{"line":3,"column":61}},"type":"cond-expr","locations":[{"start":{"line":3,"column":37},"end":{"line":3,"column":40}},{"start":{"line":3,"column":43},"end":{"line":3,"column":61}}],"line":3},"2":{"loc":{"start":{"line":3,"column":12},"end":{"line":3,"column":33}},"type":"binary-expr","locations":[{"start":{"line":3,"column":12},"end":{"line":3,"column":15}},{"start":{"line":3,"column":19},"end":{"line":3,"column":33}}],"line":3},"3":{"loc":{"start":{"line":14,"column":21},"end":{"line":14,"column":97}},"type":"cond-expr","locations":[{"start":{"line":14,"column":48},"end":{"line":14,"column":66}},{"start":{"line":14,"column":69},"end":{"line":14,"column":97}}],"line":14},"4":{"loc":{"start":{"line":22,"column":8},"end":{"line":24,"column":9}},"type":"if","locations":[{"start":{"line":22,"column":8},"end":{"line":24,"column":9}},{"start":{"line":22,"column":8},"end":{"line":24,"column":9}}],"line":22},"5":{"loc":{"start":{"line":29,"column":8},"end":{"line":34,"column":9}},"type":"if","locations":[{"start":{"line":29,"column":8},"end":{"line":34,"column":9}},{"start":{"line":29,"column":8},"end":{"line":34,"column":9}}],"line":29},"6":{"loc":{"start":{"line":43,"column":8},"end":{"line":52,"column":9}},"type":"switch","locations":[{"start":{"line":44,"column":12},"end":{"line":46,"column":22}},{"start":{"line":47,"column":12},"end":{"line":49,"column":22}},{"start":{"line":50,"column":12},"end":{"line":51,"column":22}}],"line":43}},"s":{"0":1,"1":1,"2":1,"3":1,"4":1,"5":59,"6":59,"7":59,"8":59,"9":59,"10":59,"11":57,"12":98,"13":98,"14":86,"15":98,"16":48,"17":48,"18":33,"19":15,"20":72,"21":59,"22":0,"23":0,"24":0,"25":0,"26":0,"27":0,"28":0,"29":0,"30":0,"31":1},"f":{"0":1,"1":59,"2":57,"3":98,"4":48,"5":72,"6":59,"7":0},"b":{"0":[1,1,1],"1":[1,0],"2":[1,1],"3":[38,21],"4":[86,12],"5":[33,15],"6":[0,0,0]},"inputSourceMap":{"version":3,"file":"C:/Users/ad/Desktop/slider/src/panel/input/Input.ts","sources":["C:/Users/ad/Desktop/slider/src/panel/input/Input.ts"],"names":[],"mappings":";;;;;AACA,uEAA+C;AAG/C,wBAAsB;AAEtB,MAAM,KAAK;IAWT,YAAY,OAA4B;QACtC,IAAI,CAAC,OAAO,GAAG,OAAO,CAAC;QACvB,IAAI,CAAC,QAAQ,GAAG,IAAI,kBAAQ,EAAE,CAAC;QAC/B,IAAI,CAAC,IAAI,GAAG,IAAI,CAAC,OAAO,CAAC,IAAI,CAAC,MAAM,CAAC,CAAC;QACtC,IAAI,CAAC,IAAI,GAAG,IAAI,CAAC,OAAO,CAAC,IAAI,CAAC,MAAM,CAAC,CAAC;QACtC,IAAI,CAAC,KAAK,GAAG,CAAC,IAAI,CAAC,IAAI,KAAK,QAAQ,CAAC,CAAC,CAAC,CAAC,IAAI,CAAC,OAAO,CAAC,GAAG,EAAE,CAAC,CAAC,CAAC,IAAI,CAAC,OAAO,CAAC,IAAI,CAAC,SAAS,CAAC,CAAC;QAC1F,IAAI,CAAC,kBAAkB,EAAE,CAAC;IAC5B,CAAC;IAEM,OAAO;QACZ,OAAO,IAAI,CAAC,IAAI,CAAC;IACnB,CAAC;IAEM,QAAQ;QACb,MAAM,EAAE,KAAK,EAAE,GAAG,IAAI,CAAC;QACvB,IAAI,OAAO,KAAK,KAAK,QAAQ,EAAE;YAC7B,MAAM,CAAC,KAAK,CAAC,CAAC;SACf;QACD,OAAO,KAAK,CAAC;IACf,CAAC;IAEM,QAAQ,CAAC,KAAuB;QACrC,IAAI,CAAC,KAAK,GAAG,KAAK,CAAC;QACnB,IAAI,OAAO,KAAK,KAAK,QAAQ,EAAE;YAC7B,IAAI,CAAC,OAAO,CAAC,GAAG,CAAC,KAAK,CAAC,CAAC;SACzB;aAAM;YACL,IAAI,CAAC,OAAO,CAAC,IAAI,CAAC,SAAS,EAAE,KAAK,CAAC,CAAC;SACrC;IACH,CAAC;IAEM,OAAO,CAAC,IAAY,EAAE,KAAuB;QAClD,IAAI,CAAC,OAAO,CAAC,IAAI,CAAC,IAAI,EAAE,KAAK,CAAC,CAAC;IACjC,CAAC;IAEO,kBAAkB;QACxB,CAAC,CAAC,IAAI,CAAC,OAAO,CAAC,CAAC,EAAE,CAAC,cAAc,EAAE,IAAI,CAAC,sBAAsB,CAAC,IAAI,CAAC,IAAI,CAAC,CAAC,CAAC;IAC7E,CAAC;IAEO,sBAAsB,CAAC,KAAY;QACzC,QAAQ,IAAI,CAAC,IAAI,EAAE;YACjB,KAAK,QAAQ;gBACX,IAAI,CAAC,KAAK,GAAG,MAAM,CAAoB,KAAK,CAAC,MAAO,CAAC,KAAK,CAAC,CAAC;gBAC5D,MAAM;YACR,KAAK,UAAU;gBACb,IAAI,CAAC,KAAK,GAAsB,KAAK,CAAC,MAAO,CAAC,OAAO,CAAC;gBACtD,MAAM;YACR;gBACE,MAAM;SACT;QACD,MAAM,OAAO,GAAc,EAAE,CAAC;QAC9B,OAAO,CAAC,IAAI,CAAC,IAAI,CAAC,GAAG,IAAI,CAAC,KAAK,CAAC;QAChC,IAAI,CAAC,QAAQ,CAAC,MAAM,CAAC,SAAS,EAAE,OAAO,CAAC,CAAC;IAC3C,CAAC;CACF;AAED,kBAAe,KAAK,CAAC","sourcesContent":["import { ISettings } from '../../interfaces/interfaces';\r\nimport Observer from '../../observer/Observer';\r\nimport IObserver from '../../observer/interface';\r\nimport IInput from './interface';\r\nimport './input.scss';\r\n\r\nclass Input implements IInput {\r\n  public observer: IObserver;\r\n\r\n  readonly element: JQuery<HTMLElement>;\r\n\r\n  private name: string;\r\n\r\n  private type: string;\r\n\r\n  private value: number | boolean;\r\n\r\n  constructor(element: JQuery<HTMLElement>) {\r\n    this.element = element;\r\n    this.observer = new Observer();\r\n    this.name = this.element.prop('name');\r\n    this.type = this.element.prop('type');\r\n    this.value = (this.type === 'number') ? this.element.val() : this.element.prop('checked');\r\n    this.bindEventListeners();\r\n  }\r\n\r\n  public getName(): string {\r\n    return this.name;\r\n  }\r\n\r\n  public getValue(): number | boolean {\r\n    const { value } = this;\r\n    if (typeof value === 'number') {\r\n      Number(value);\r\n    }\r\n    return value;\r\n  }\r\n\r\n  public setValue(value: number | boolean): void {\r\n    this.value = value;\r\n    if (typeof value === 'number') {\r\n      this.element.val(value);\r\n    } else {\r\n      this.element.prop('checked', value);\r\n    }\r\n  }\r\n\r\n  public setProp(name: string, value: number | boolean): void {\r\n    this.element.prop(name, value);\r\n  }\r\n\r\n  private bindEventListeners(): void {\r\n    $(this.element).on('change keyup', this.handleInputValueChange.bind(this));\r\n  }\r\n\r\n  private handleInputValueChange(event: Event): void {\r\n    switch (this.type) {\r\n      case 'number':\r\n        this.value = Number((<HTMLInputElement>event.target).value);\r\n        break;\r\n      case 'checkbox':\r\n        this.value = (<HTMLInputElement>event.target).checked;\r\n        break;\r\n      default:\r\n        break;\r\n    }\r\n    const setting: ISettings = {};\r\n    setting[this.name] = this.value;\r\n    this.observer.notify('setting', setting);\r\n  }\r\n}\r\n\r\nexport default Input;\r\n"]},"_coverageSchema":"1a1c01bbd47fc00a2c39e90264f33305004495a9","hash":"14ea9403bb541f4bc62160603e1adc01e1cf50d3"},"C:\\Users\\ad\\Desktop\\slider\\src\\model\\Model.ts":{"path":"C:\\Users\\ad\\Desktop\\slider\\src\\model\\Model.ts","statementMap":{"0":{"start":{"line":2,"column":0},"end":{"line":2,"column":62}},"1":{"start":{"line":3,"column":17},"end":{"line":12,"column":1}},"2":{"start":{"line":15,"column":8},"end":{"line":15,"column":37}},"3":{"start":{"line":16,"column":8},"end":{"line":16,"column":37}},"4":{"start":{"line":17,"column":8},"end":{"line":17,"column":56}},"5":{"start":{"line":18,"column":8},"end":{"line":18,"column":59}},"6":{"start":{"line":19,"column":8},"end":{"line":19,"column":29}},"7":{"start":{"line":20,"column":8},"end":{"line":20,"column":44}},"8":{"start":{"line":21,"column":8},"end":{"line":21,"column":29}},"9":{"start":{"line":22,"column":8},"end":{"line":22,"column":48}},"10":{"start":{"line":25,"column":30},"end":{"line":25,"column":55}},"11":{"start":{"line":26,"column":8},"end":{"line":26,"column":80}},"12":{"start":{"line":27,"column":8},"end":{"line":27,"column":80}},"13":{"start":{"line":28,"column":8},"end":{"line":28,"column":94}},"14":{"start":{"line":29,"column":8},"end":{"line":29,"column":36}},"15":{"start":{"line":30,"column":8},"end":{"line":30,"column":29}},"16":{"start":{"line":33,"column":35},"end":{"line":33,"column":46}},"17":{"start":{"line":34,"column":22},"end":{"line":34,"column":31}},"18":{"start":{"line":35,"column":27},"end":{"line":35,"column":59}},"19":{"start":{"line":36,"column":27},"end":{"line":36,"column":51}},"20":{"start":{"line":37,"column":25},"end":{"line":37,"column":46}},"21":{"start":{"line":38,"column":26},"end":{"line":38,"column":100}},"22":{"start":{"line":38,"column":58},"end":{"line":38,"column":98}},"23":{"start":{"line":39,"column":25},"end":{"line":39,"column":27}},"24":{"start":{"line":40,"column":8},"end":{"line":40,"column":102}},"25":{"start":{"line":40,"column":37},"end":{"line":40,"column":100}},"26":{"start":{"line":41,"column":8},"end":{"line":44,"column":9}},"27":{"start":{"line":42,"column":12},"end":{"line":42,"column":32}},"28":{"start":{"line":43,"column":12},"end":{"line":43,"column":62}},"29":{"start":{"line":45,"column":8},"end":{"line":45,"column":33}},"30":{"start":{"line":46,"column":8},"end":{"line":46,"column":24}},"31":{"start":{"line":49,"column":30},"end":{"line":49,"column":55}},"32":{"start":{"line":50,"column":26},"end":{"line":50,"column":65}},"33":{"start":{"line":50,"column":54},"end":{"line":50,"column":64}},"34":{"start":{"line":51,"column":21},"end":{"line":51,"column":72}},"35":{"start":{"line":52,"column":19},"end":{"line":52,"column":68}},"36":{"start":{"line":53,"column":8},"end":{"line":59,"column":9}},"37":{"start":{"line":54,"column":12},"end":{"line":54,"column":55}},"38":{"start":{"line":55,"column":12},"end":{"line":55,"column":53}},"39":{"start":{"line":58,"column":12},"end":{"line":58,"column":38}},"40":{"start":{"line":60,"column":8},"end":{"line":60,"column":36}},"41":{"start":{"line":61,"column":8},"end":{"line":61,"column":29}},"42":{"start":{"line":64,"column":27},"end":{"line":64,"column":56}},"43":{"start":{"line":65,"column":24},"end":{"line":65,"column":28}},"44":{"start":{"line":66,"column":8},"end":{"line":66,"column":48}},"45":{"start":{"line":67,"column":8},"end":{"line":69,"column":9}},"46":{"start":{"line":68,"column":12},"end":{"line":68,"column":50}},"47":{"start":{"line":70,"column":8},"end":{"line":70,"column":85}},"48":{"start":{"line":70,"column":60},"end":{"line":70,"column":83}},"49":{"start":{"line":71,"column":8},"end":{"line":71,"column":37}},"50":{"start":{"line":72,"column":8},"end":{"line":72,"column":26}},"51":{"start":{"line":75,"column":34},"end":{"line":75,"column":41}},"52":{"start":{"line":76,"column":26},"end":{"line":76,"column":33}},"53":{"start":{"line":77,"column":25},"end":{"line":77,"column":68}},"54":{"start":{"line":78,"column":26},"end":{"line":78,"column":74}},"55":{"start":{"line":79,"column":8},"end":{"line":86,"column":9}},"56":{"start":{"line":80,"column":33},"end":{"line":80,"column":68}},"57":{"start":{"line":80,"column":61},"end":{"line":80,"column":67}},"58":{"start":{"line":81,"column":41},"end":{"line":81,"column":87}},"59":{"start":{"line":82,"column":33},"end":{"line":82,"column":68}},"60":{"start":{"line":83,"column":12},"end":{"line":83,"column":63}},"61":{"start":{"line":84,"column":12},"end":{"line":84,"column":62}},"62":{"start":{"line":85,"column":12},"end":{"line":85,"column":35}},"63":{"start":{"line":87,"column":8},"end":{"line":87,"column":21}},"64":{"start":{"line":90,"column":8},"end":{"line":90,"column":38}},"65":{"start":{"line":91,"column":8},"end":{"line":91,"column":41}},"66":{"start":{"line":92,"column":22},"end":{"line":92,"column":47}},"67":{"start":{"line":93,"column":8},"end":{"line":93,"column":33}},"68":{"start":{"line":94,"column":8},"end":{"line":94,"column":96}},"69":{"start":{"line":97,"column":8},"end":{"line":102,"column":9}},"70":{"start":{"line":98,"column":26},"end":{"line":98,"column":79}},"71":{"start":{"line":99,"column":12},"end":{"line":99,"column":50}},"72":{"start":{"line":100,"column":12},"end":{"line":100,"column":72}},"73":{"start":{"line":101,"column":12},"end":{"line":101,"column":35}},"74":{"start":{"line":103,"column":8},"end":{"line":103,"column":41}},"75":{"start":{"line":104,"column":8},"end":{"line":104,"column":63}},"76":{"start":{"line":105,"column":8},"end":{"line":105,"column":31}},"77":{"start":{"line":108,"column":29},"end":{"line":108,"column":64}},"78":{"start":{"line":108,"column":57},"end":{"line":108,"column":63}},"79":{"start":{"line":109,"column":32},"end":{"line":109,"column":76}},"80":{"start":{"line":110,"column":8},"end":{"line":115,"column":9}},"81":{"start":{"line":111,"column":26},"end":{"line":111,"column":92}},"82":{"start":{"line":112,"column":12},"end":{"line":112,"column":63}},"83":{"start":{"line":113,"column":12},"end":{"line":113,"column":79}},"84":{"start":{"line":114,"column":12},"end":{"line":114,"column":35}},"85":{"start":{"line":116,"column":8},"end":{"line":116,"column":54}},"86":{"start":{"line":117,"column":8},"end":{"line":117,"column":70}},"87":{"start":{"line":118,"column":8},"end":{"line":118,"column":31}},"88":{"start":{"line":121,"column":8},"end":{"line":121,"column":27}},"89":{"start":{"line":124,"column":8},"end":{"line":124,"column":
[...]
sourcesContent":["import IInterval from './interface';\r\n\r\nclass Interval implements IInterval {\r\n  readonly $slider: JQuery<HTMLElement>;\r\n\r\n  readonly $interval: JQuery<HTMLElement>;\r\n\r\n  readonly $track: JQuery<HTMLElement>;\r\n\r\n  constructor(slider: JQuery<HTMLElement>) {\r\n    this.$slider = slider;\r\n    this.$track = $(this.$slider).find('.meta-slider__track');\r\n    jQuery('<div>', {\r\n      class: 'meta-slider__interval',\r\n    }).appendTo(this.$track);\r\n    this.$interval = this.$slider.find('.meta-slider__interval');\r\n  }\r\n\r\n  public moveInterval(positions: number[], vertical: boolean): void {\r\n    let min: number;\r\n    let width: number;\r\n    const handleWidth = 20;\r\n    const gap = 2; // to make a gap between interval and handle\r\n    if (positions.length === 1) {\r\n      min = 0;\r\n      width = positions[0] - handleWidth / 2 - gap;\r\n    } else if (positions.length === 2) {\r\n      const minHandle = Math.min(positions[0], positions[1]);\r\n      const maxHandle = Math.max(positions[0], positions[1]);\r\n      min = minHandle + handleWidth / 2;\r\n      width = maxHandle - minHandle - handleWidth - gap;\r\n    } else {\r\n      throw new Error('wrong number of handles');\r\n    }\r\n\r\n    width = (width > 0) ? width : 0;\r\n    this.$interval.css(vertical ? 'height' : 'width', `${width}px`);\r\n    this.$interval.css(vertical ? 'width' : 'height', '10px');\r\n    this.$interval.css(vertical ? 'top' : 'left', `${min}px`);\r\n    this.$interval.css(vertical ? 'left' : 'top', '0px');\r\n  }\r\n}\r\n\r\nexport default Interval;\r\n"]},"_coverageSchema":"1a1c01bbd47fc00a2c39e90264f33305004495a9","hash":"c91a9dd819a084ae8588287f6f4ce00c79cb993a"},"C:\\Users\\ad\\Desktop\\slider\\src\\view\\elements\\scale\\Scale.ts":{"path":"C:\\Users\\ad\\Desktop\\slider\\src\\view\\elements\\scale\\Scale.ts","statementMap":{"0":{"start":{"line":2,"column":22},"end":{"line":4,"column":1}},"1":{"start":{"line":3,"column":4},"end":{"line":3,"column":62}},"2":{"start":{"line":5,"column":0},"end":{"line":5,"column":62}},"3":{"start":{"line":6,"column":19},"end":{"line":6,"column":73}},"4":{"start":{"line":9,"column":8},"end":{"line":9,"column":30}},"5":{"start":{"line":10,"column":8},"end":{"line":10,"column":33}},"6":{"start":{"line":11,"column":8},"end":{"line":11,"column":49}},"7":{"start":{"line":12,"column":8},"end":{"line":14,"column":34}},"8":{"start":{"line":15,"column":8},"end":{"line":15,"column":34}},"9":{"start":{"line":18,"column":8},"end":{"line":18,"column":33}},"10":{"start":{"line":19,"column":8},"end":{"line":19,"column":28}},"11":{"start":{"line":20,"column":26},"end":{"line":20,"column":52}},"12":{"start":{"line":21,"column":8},"end":{"line":21,"column":34}},"13":{"start":{"line":24,"column":8},"end":{"line":24,"column":33}},"14":{"start":{"line":27,"column":25},"end":{"line":27,"column":27}},"15":{"start":{"line":28,"column":33},"end":{"line":28,"column":65}},"16":{"start":{"line":29,"column":36},"end":{"line":29,"column":56}},"17":{"start":{"line":30,"column":8},"end":{"line":37,"column":11}},"18":{"start":{"line":31,"column":33},"end":{"line":31,"column":59}},"19":{"start":{"line":32,"column":36},"end":{"line":32,"column":71}},"20":{"start":{"line":33,"column":31},"end":{"line":33,"column":70}},"21":{"start":{"line":34,"column":12},"end":{"line":36,"column":13}},"22":{"start":{"line":35,"column":16},"end":{"line":35,"column":50}},"23":{"start":{"line":38,"column":8},"end":{"line":41,"column":9}},"24":{"start":{"line":39,"column":12},"end":{"line":39,"column":27}},"25":{"start":{"line":40,"column":12},"end":{"line":40,"column":95}},"26":{"start":{"line":42,"column":8},"end":{"line":42,"column":24}},"27":{"start":{"line":45,"column":8},"end":{"line":45,"column":84}},"28":{"start":{"line":48,"column":29},"end":{"line":48,"column":33}},"29":{"start":{"line":49,"column":8},"end":{"line":52,"column":9}},"30":{"start":{"line":50,"column":33},"end":{"line":50,"column":67}},"31":{"start":{"line":51,"column":12},"end":{"line":51,"column":51}},"32":{"start":{"line":55,"column":8},"end":{"line":66,"column":11}},"33":{"start":{"line":56,"column":25},"end":{"line":60,"column":36}},"34":{"start":{"line":61,"column":12},"end":{"line":65,"column":30}},"35":{"start":{"line":69,"column":0},"end":{"line":69,"column":24}}},"fnMap":{"0":{"name":"(anonymous_0)","decl":{"start":{"line":2,"column":56},"end":{"line":2,"column":57}},"loc":{"start":{"line":2,"column":71},"end":{"line":4,"column":1}},"line":2},"1":{"name":"(anonymous_1)","decl":{"start":{"line":8,"column":4},"end":{"line":8,"column":5}},"loc":{"start":{"line":8,"column":34},"end":{"line":16,"column":5}},"line":8},"2":{"name":"(anonymous_2)","decl":{"start":{"line":17,"column":4},"end":{"line":17,"column":5}},"loc":{"start":{"line":17,"column":42},"end":{"line":22,"column":5}},"line":17},"3":{"name":"(anonymous_3)","decl":{"start":{"line":23,"column":4},"end":{"line":23,"column":5}},"loc":{"start":{"line":23,"column":26},"end":{"line":25,"column":5}},"line":23},"4":{"name":"(anonymous_4)","decl":{"start":{"line":26,"column":4},"end":{"line":26,"column":5}},"loc":{"start":{"line":26,"column":32},"end":{"line":43,"column":5}},"line":26},"5":{"name":"(anonymous_5)","decl":{"start":{"line":30,"column":25},"end":{"line":30,"column":26}},"loc":{"start":{"line":30,"column":38},"end":{"line":37,"column":9}},"line":30},"6":{"name":"(anonymous_6)","decl":{"start":{"line":44,"column":4},"end":{"line":44,"column":5}},"loc":{"start":{"line":44,"column":25},"end":{"line":46,"column":5}},"line":44},"7":{"name":"(anonymous_7)","decl":{"start":{"line":47,"column":4},"end":{"line":47,"column":5}},"loc":{"start":{"line":47,"column":31},"end":{"line":53,"column":5}},"line":47},"8":{"name":"(anonymous_8)","decl":{"start":{"line":54,"column":4},"end":{"line":54,"column":5}},"loc":{"start":{"line":54,"column":25},"end":{"line":67,"column":5}},"line":54},"9":{"name":"(anonymous_9)","decl":{"start":{"line":55,"column":26},"end":{"line":55,"column":27}},"loc":{"start":{"line":55,"column":36},"end":{"line":66,"column":9}},"line":55}},"branchMap":{"0":{"loc":{"start":{"line":2,"column":22},"end":{"line":4,"column":1}},"type":"binary-expr","locations":[{"start":{"line":2,"column":23},"end":{"line":2,"column":27}},{"start":{"line":2,"column":31},"end":{"line":2,"column":51}},{"start":{"line":2,"column":56},"end":{"line":4,"column":1}}],"line":2},"1":{"loc":{"start":{"line":3,"column":11},"end":{"line":3,"column":61}},"type":"cond-expr","locations":[{"start":{"line":3,"column":37},"end":{"line":3,"column":40}},{"start":{"line":3,"column":43},"end":{"line":3,"column":61}}],"line":3},"2":{"loc":{"start":{"line":3,"column":12},"end":{"line":3,"column":33}},"type":"binary-expr","locations":[{"start":{"line":3,"column":12},"end":{"line":3,"column":15}},{"start":{"line":3,"column":19},"end":{"line":3,"column":33}}],"line":3},"3":{"loc":{"start":{"line":17,"column":24},"end":{"line":17,"column":40}},"type":"default-arg","locations":[{"start":{"line":17,"column":35},"end":{"line":17,"column":40}}],"line":17},"4":{"loc":{"start":{"line":32,"column":36},"end":{"line":32,"column":71}},"type":"binary-expr","locations":[{"start":{"line":32,"column":36},"end":{"line":32,"column":55}},{"start":{"line":32,"column":59},"end":{"line":32,"column":71}}],"line":32},"5":{"loc":{"start":{"line":33,"column":31},"end":{"line":33,"column":70}},"type":"binary-expr","locations":[{"start":{"line":33,"column":31},"end":{"line":33,"column":46}},{"start":{"line":33,"column":50},"end":{"line":33,"column":70}}],"line":33},"6":{"loc":{"start":{"line":34,"column":12},"end":{"line":36,"column":13}},"type":"if","locations":[{"start":{"line":34,"column":12},"end":{"line":36,"column":13}},{"start":{"line":34,"column":12},"end":{"line":36,"column":13}}],"line":34},"7":{"loc":{"start":{"line":38,"column":8},"end":{"line":41,"column":9}},"type":"if","locations":[{"start":{"line":38,"column":8},"end":{"line":41,"column":9}},{"start":{"line":38,"column":8},"end":{"line":41,"column":9}}],"line":38},"8":{"loc":{"start":{"line":49,"column":8},"end":{"line":52,"column":9}},"type":"if","locations":[{"start":{"line":49,"column":8},"end":{"line":52,"column":9}},{"start":{"line":49,"column":8},"end":{"line":52,"column":9}}],"line":49},"9":{"loc":{"start":{"line":58,"column":22},"end":{"line":58,"column":52}},"type":"cond-expr","locations":[{"start":{"line":58,"column":38},"end":{"line":58,"column":46}},{"start":{"line":58,"column":49},"end":{"line":58,"column":52}}],"line":58},"10":{"loc":{"start":{"line":59,"column":23},"end":{"line":59,"column":99}},"type":"cond-expr","locations":[{"start":{"line":59,"column":39},"end":{"line":59,"column":67}},{"start":{"line":59,"column":70},"end":{"line":59,"column":99}}],"line":59}},"s":{"0":1,"1":1,"2":1,"3":1,"4":1,"5":1,"6":1,"7":1,"8":1,"9":3,"10":3,"11":3,"12":3,"13":0,"14":6,"15":6,"16":6,"17":6,"18":45,"19":45,"20":45,"21":45,"22":37,"23":6,"24":0,"25":0,"26":6,"27":1,"28":0,"29":0,"30":0,"31":0,"32":3,"33":12,"34":12,"35":1},"f":{"0":1,"1":1,"2":3,"3":0,"4":6,"5":45,"6":1,"7":0,"8":3,"9":12},"b":{"0":[1,1,1],"1":[1,0],"2":[1,1],"3":[1],"4":[45,29],"5":[45,24],"6":[37,8],"7":[0,6],"8":[0,0],"9":[4,8],"10":[4,8]},"inputSourceMap":{"version":3,"file":"C:/Users/ad/Desktop/slider/src/view/elements/scale/Scale.ts","sources":["C:/Users/ad/Desktop/slider/src/view/elements/scale/Scale.ts"],"names":[],"mappings":";;;;;AACA,0EAAkD;AAIlD,MAAM,KAAK;IAST,YAAY,MAA2B,EAAE,QAAiB;QACxD,IAAI,CAAC,OAAO,GAAG,MAAM,CAAC;QACtB,IAAI,CAAC,QAAQ,GAAG,QAAQ,CAAC;QACzB,IAAI,CAAC,QAAQ,GAAG,IAAI,kBAAQ,EAAE,CAAC;QAC/B,IAAI,CAAC,MAAM,GAAG,MAAM,CAAC,OAAO,EAAE;YAC5B,KAAK,EAAE,oBAAoB;SAC5B,CAAC,CAAC,QAAQ,CAAC,IAAI,CAAC,OAAO,CAAC,CAAC;QAC1B,IAAI,CAAC,kBAAkB,EAAE,CAAC;IAC5B,CAAC;IAEM,SAAS,CAAC,QAAqB,EAAE,WAAmB,KAAK;QAC9D,IAAI,CAAC,QAAQ,GAAG,QAAQ,CAAC;QACzB,IAAI,CAAC,MAAM,CAAC,KAAK,EAAE,CAAC;QACpB,MAAM,SAAS,GAAG,KAAK,CAAC,UAAU,CAAC,QAAQ,CAAC,CAAC;QAC7C,IAAI,CAAC,SAAS,CAAC,SAAS,CAAC,CAAC;IAC5B,CAAC;IAEM,WAAW,CAAC,QAAiB;QAClC,IAAI,CAAC,QAAQ,GAAG,QAAQ,CAAC;IAC3B,CAAC;IAED,MAAM,CAAC,UAAU,CAAC,QAAqB;QACrC,MAAM,QAAQ,GAAgB,EAAE,CAAC;QACjC,MAAM,gBAAgB,GAAG,IAAI,CAAC,KAAK,CAAC,QAAQ,CAAC,MAAM,GAAG,EAAE,CAAC,CAAC;QAC1D,MAAM,mBAAmB,GAAG,QAAQ,CAAC,MAAM,GAAG,EAAE,CAAC;QACjD,QAAQ,CAAC,OAAO,CAAC,CAAC,IAAI,EAAE,CAAC,EAAE,EAAE;YAC3B,MAAM,YAAY,GAAG,CAAC,GAAG,gBAAgB,KAAK,CAAC,CAAC;YAChD,MAAM,eAAe,GAAG,mBAAmB,IAAI,YAAY,CAAC;YAC5D,MAAM,UAAU,GAAG,eAAe,IAAI,CAAC,mBAAmB,CAAC;YAC3D,IAAI,UAAU,EAAE;gBACd,QAAQ,CAAC,IAAI,CAAC,EAAE,IAAI,EAAE,KAAK,EAAE,CAAC,EAAE,CAAC,CAAC;aACnC;QACH,CAAC,CAAC,CAAC;QACH,IAAI,QAAQ,CAAC,QAAQ,CAAC,MAAM,GAAG,CAAC,CAAC,CAAC,IAAI,KAAK,QAAQ,CAAC,QAAQ,CAAC,MAAM,GAAG,CAAC,CAAC,EAAE;YACxE,QAAQ,CAAC,GAAG,EAAE,CAAC;YACf,QAAQ,CAAC,IAAI,CAAC,EAAE,IAAI,EAAE,QAAQ,CAAC,QAAQ,CAAC,MAAM,GAAG,CAAC,CAAC,EAAE,KAAK,EAAE,QAAQ,CAAC,MAAM,GAAG,CAAC,EAAE,CAAC,CAAC;SACpF;QACD,OAAO,QAAQ,CAAC;IAClB,CAAC;IAEO,kBAAkB;QACxB,CAAC,CAAC,IAAI,CAAC,OAAO,CAAC,CAAC,EAAE,CAAC,kBAAkB,EAAE,IAAI,CAAC,mBAAmB,CAAC,IAAI,CAAC,IAAI,CAAC,CAAC,CAAC;IAC9E,CAAC;IAEO,mBAAmB,CAAC,KAAY;QACtC,MAAM,EAAE,QAAQ,EAAE,GAAG,IAAI,CAAC;QAC1B,IAAuB,KAAK,CAAC,MAAO,CAAC,OAAO,CAAC,KAAK,EAAE;YAClD,MAAM,YAAY,GAAG,MAAM,CAAoB,KAAK,CAAC,MAAO,CAAC,OAAO,CAAC,KAAK,CAAC,CAAC;YAC5E,QAAQ,CAAC,MAAM,CAAC,OAAO,EAAE,YAAY,CAAC,CAAC;SACxC;IACH,CAAC;IAEO,SAAS,CAAC,SAA+C;QAC/D,SAAS,CAAC,OAAO,CAAC,CAAC,IAAI,EAAE,EAAE;YACzB,MAAM,IAAI,GAAG,MAAM,CAAC,OAAO,EAAE;gBAC3B,KAAK,EAAE,mBAAmB;gBAC1B,IAAI,EAAE,IAAI,CAAC,QAAQ,CAAC,CAAC,CAAC,QAAQ,CAAC,CAAC,CAAC,GAAG;gBACpC,KAAK,EAAE,IAAI,CAAC,QAAQ,CAAC,CAAC,CAAC,QAAQ,IAAI,CAAC,IAAI,CAAC,CAAC,GAAG,EAAE,IAAI,CAAC,CAAC,CAAC,SAAS,IAAI,CAAC,IAAI,CAAC,CAAC,GAAG,EAAE,IAAI;aACpF,CAAC,CAAC,QAAQ,CAAC,IAAI,CAAC,MAAM,CAAC,CAAC;YACzB,MAAM,CAAC,OAAO,EAAE;gBACd,KAAK,EAAE,0CAA0C;gBACjD,YAAY,EAAE,IAAI,CAAC,IAAI,CAAC,KAAK;gBAC7B,IAAI,EAAE,IAAI,CAAC,IAAI,CAAC,KAAK;aACtB,CAAC,CAAC,QAAQ,CAAC,IAAI,CAAC,CAAC;QACpB,CAAC,CAAC,CAAC;IACL,CAAC;CACF;AAED,kBAAe,KAAK,CAAC","sourcesContent":["import { IStepsArr, IScaleArr } from '../../../interfaces/interfaces';\r\nimport Observer from '../../../observer/Observer';\r\nimport IObserver from '../../../observer/interface';\r\nimport IScale from './interface';\r\n\r\nclass Scale implements IScale {\r\n  public observer: IObserver;\r\n\r\n  readonly $slider: JQuery<HTMLElement>;\r\n\r\n  readonly $scale: JQuery<HTMLElement>;\r\n\r\n  private vertical: boolean;\r\n\r\n  constructor(slider: JQuery<HTMLElement>, vertical: boolean) {\r\n    this.$slider = slider;\r\n    this.vertical = vertical;\r\n    this.observer = new Observer();\r\n    this.$scale = jQuery('<div>', {\r\n      class: 'meta-slider__scale',\r\n    }).appendTo(this.$slider);\r\n    this.bindEventListeners();\r\n  }\r\n\r\n  public initScale(stepsArr: IStepsArr[], vertical:boolean = false): void {\r\n    this.vertical = vertical;\r\n    this.$scale.empty();\r\n    const valuesArr = Scale.takeValues(stepsArr);\r\n    this.addValues(valuesArr);\r\n  }\r\n\r\n  public setVertical(vertical: boolean): void {\r\n    this.vertical = vertical;\r\n  }\r\n\r\n  static takeValues(stepsArr: IStepsArr[]): IScaleArr[] {\r\n    const scaleArr: IScaleArr[] = [];\r\n    const emptyStepsLength = Math.round(stepsArr.length / 10);\r\n    const isStepsArrLengthBig = stepsArr.length > 10;\r\n    stepsArr.forEach((item, i) => {\r\n      const isLineInStep = i % emptyStepsLength === 0;\r\n      const isValueSuitable = isStepsArrLengthBig && isLineInStep;\r\n      const isAddValue = isValueSuitable || !isStepsArrLengthBig;\r\n      if (isAddValue) {\r\n        scaleArr.push({ item, index: i });\r\n      }\r\n    });\r\n    if (scaleArr[scaleArr.length - 1].item !== stepsArr[stepsArr.length - 1]) {\r\n      scaleArr.pop();\r\n      scaleArr.push({ item: stepsArr[stepsArr.length - 1], index: stepsArr.length - 1 });\r\n    }\r\n    return scaleArr;\r\n  }\r\n\r\n  private bindEventListeners(): void {\r\n    $(this.$slider).on('click touchstart', this.sendScaleClickValue.bind(this));\r\n  }\r\n\r\n  private sendScaleClickValue(event: Event): void {\r\n    const { observer } = this;\r\n    if ((<HTMLInputElement>event.target).dataset.value) {\r\n      const currentValue = Number((<HTMLInputElement>event.target).dataset.value);\r\n      observer.notify('click', currentValue);\r\n    }\r\n  }\r\n\r\n  private addValues(valuesArr: { item: IStepsArr, index: number }[]): void {\r\n    valuesArr.forEach((item) => {\r\n      const line = jQuery('<div>', {\r\n        class: 'meta-slider__line',\r\n        text: this.vertical ? '\\u2014' : '|',\r\n        style: this.vertical ? `top: ${item.item.x - 10}px` : `left: ${item.item.x - 10}px`,\r\n      }).appendTo(this.$scale);\r\n      jQuery('<div>', {\r\n        class: 'meta-slider__value js-meta-slider__value',\r\n        'data-value': item.item.value,\r\n        text: item.item.value,\r\n      }).appendTo(line);\r\n    });\r\n  }\r\n}\r\n\r\nexport default Scale;\r\n"]},"_coverageSchema":"1a1c01bbd47fc00a2c39e90264f33305004495a9","hash":"adcced0d42666066e3d94697432537835b171a37"},"C:\\Users\\ad\\Desktop\\slider\\src\\view\\elements\\tip\\Tip.ts":{"path":"C:\\Users\\ad\\Desktop\\slider\\src\\view\\elements\\tip\\Tip.ts","statementMap":{"0":{"start":{"line":2,"column":0},"end":{"line":2,"column":62}},"1":{"start":{"line":5,"column":8},"end":{"line":5,"column":30}},"2":{"start":{"line":6,"column":8},"end":{"line":6,"column":24}},"3":{"start":{"line":7,"column":8},"end":{"line":9,"column":11}},"4":{"start":{"line":12,"column":24},"end":{"line":12,"column":28}},"5":{"start":{"line":13,"column":8},"end":{"line":13,"column":56}},"6":{"start":{"line":14,"column":8},"end":{"line":14,"column":24}},"7":{"start":{"line":15,"column":8},"end":{"line":22,"column":9}},"8":{"start":{"line":16,"column":29},"end":{"line":16,"column":70}},"9":{"start":{"line":17,"column":12},"end":{"line":21,"column":15}},"10":{"start":{"line":18,"column":34},"end":{"line":18,"column":54}},"11":{"start":{"line":19,"column":16},"end":{"line":19,"column":44}},"12":{"start":{"line":20,"column":16},"end":{"line":20,"column":46}},"13":{"start":{"line":25,"column":8},"end":{"line":27,"column":11}},"14":{"start":{"line":26,"column":12},"end":{"line":26,"column":42}},"15":{"start":{"line":30,"column":0},"end":{"line":30,"column":22}}},"fnMap":{"0":{"name":"(anonymous_0)","decl":{"start":{"line":4,"column":4},"end":{"line":4,"column":5}},"loc":{"start":{"line":4,"column":24},"end":{"line":10,"column":5}},"line":4},"1":{"name":"(anonymous_1)","decl":{"start":{"line":11,"column":4},"end":{"line":11,"column":5}},"loc":{"start":{"line":11,"column":25},"end":{"line":23,"column":5}},"line":11},"2":{"name":"(anonymous_2)","decl":{"start":{"line":17,"column":26},"end":{"line":17,"column":27}},"loc":{"start":{"line":17,"column":38},"end":{"line":21,"column":13}},"line":17},"3":{"name":"(anonymous_3)","decl":{"start":{"line":24,"column":4},"end":{"line":24,"column":5}},"loc":{"start":{"line":24,"column":23},"end":{"line":28,"column":5}},"line":24},"4":{"name":"(anonymous_4)","decl":{"start":{"line":25,"column":27},"end":{"line":25,"column":28}},"loc":{"start":{"line":25,"column":44},"end":{"line":27,"column":9}},"line":25}},"branchMap":{"0":{"loc":{"start":{"line":11,"column":13},"end":{"line":11,"column":23}},"type":"default-arg","locations":[{"start":{"line":11,"column":19},"end":{"line":11,"column":23}}],"line":11},"1":{"loc":{"start":{"line":15,"column":8},"end":{"line":22,"column":9}},"type":"if","locations":[{"start":{"line":15,"column":8},"end":{"line":22,"column":9}},{"start":{"line":15,"column":8},"end":{"line":22,"column":9}}],"line":15}},"s":{"0":1,"1":1,"2":1,"3":1,"4":6,"5":6,"6":6,"7":6,"8":3,"9":3,"10":6,"11":6,"12":6,"13":3,"14":4,"15":1},"f":{"0":1,"1":6,"2":6,"3":3,"4":4},"b":{"0":[0],"1":[3,3]},"inputSourceMap":{"version":3,"file":"C:/Users/ad/Desktop/slider/src/view/elements/tip/Tip.ts","sources":["C:/Users/ad/Desktop/slider/src/view/elements/tip/Tip.ts"],"names":[],"mappings":";;AAEA,MAAM,GAAG;IAOP,YAAY,MAA2B;QACrC,IAAI,CAAC,OAAO,GAAG,MAAM,CAAC;QACtB,IAAI,CAAC,KAAK,GAAG,EAAE,CAAC;QAChB,IAAI,CAAC,IAAI,GAAG,MAAM,CAAC,OAAO,EAAE;YAC1B,KAAK,EAAE,kBAAkB;SAC1B,CAAC,CAAC;IACL,CAAC;IAEM,QAAQ,CAAC,MAAe,IAAI;QACjC,MAAM,OAAO,GAAG,IAAI,CAAC;QACrB,IAAI,CAAC,OAAO,CAAC,IAAI,CAAC,mBAAmB,CAAC,CAAC,MAAM,EAAE,CAAC;QAChD,IAAI,CAAC,KAAK,GAAG,EAAE,CAAC;QAChB,IAAI,GAAG,EAAE;YACP,MAAM,QAAQ,GAAG,IAAI,CAAC,OAAO,CAAC,IAAI,CAAC,sBAAsB,CAAC,CAAC;YAC3D,QAAQ,CAAC,IAAI,CAAC;gBACZ,MAAM,SAAS,GAAG,OAAO,CAAC,IAAI,CAAC,KAAK,EAAE,CAAC;gBACvC,SAAS,CAAC,QAAQ,CAAC,CAAC,CAAC,IAAI,CAAC,CAAC,CAAC;gBAC5B,OAAO,CAAC,KAAK,CAAC,IAAI,CAAC,SAAS,CAAC,CAAC;YAChC,CAAC,CAAC,CAAC;SACJ;IACH,CAAC;IAEM,UAAU,CAAC,MAAgB;QAChC,IAAI,CAAC,KAAK,CAAC,OAAO,CAAC,CAAC,IAAI,EAAE,KAAK,EAAE,EAAE;YACjC,IAAI,CAAC,IAAI,CAAC,GAAG,MAAM,CAAC,KAAK,CAAC,EAAE,CAAC,CAAC;QAChC,CAAC,CAAC,CAAC;IACL,CAAC;CACF;AAED,kBAAe,GAAG,CAAC","sourcesContent":["import ITip from './interface';\r\n\r\nclass Tip implements ITip {\r\n  readonly $slider: JQuery<HTMLElement>;\r\n\r\n  readonly $tip: JQuery<HTMLElement>;\r\n\r\n  private $tips: JQuery<HTMLElement>[];\r\n\r\n  constructor(slider: JQuery<HTMLElement>) {\r\n    this.$slider = slider;\r\n    this.$tips = [];\r\n    this.$tip = jQuery('<div>', {\r\n      class: 'meta-slider__tip',\r\n    });\r\n  }\r\n\r\n  public initTips(tip: boolean = true): void {\r\n    const element = this;\r\n    this.$slider.find('.meta-slider__tip').remove();\r\n    this.$tips = [];\r\n    if (tip) {\r\n      const $handles = this.$slider.find('.meta-slider__handle');\r\n      $handles.each(function () {\r\n        const $tipClone = element.$tip.clone();\r\n        $tipClone.appendTo($(this));\r\n        element.$tips.push($tipClone);\r\n      });\r\n    }\r\n  }\r\n\r\n  public changeTips(values: number[]): void {\r\n    this.$tips.forEach((item, index) => {\r\n      item.html(`${values[index]}`);\r\n    });\r\n  }\r\n}\r\n\r\nexport default Tip;\r\n"]},"_coverageSchema":"1a1c01bbd47fc00a2c39e90264f33305004495a9","hash":"336fd70b159193f14dc6b34572dfebe1aa41008e"}}